OpenROAD 7f00621cb612fd94e15b35790afe744c89d433a7 
This program is licensed under the BSD-3 license. See the LICENSE file for details.
Components of this program may be licensed under more restrictive licenses which must be honored.
[INFO ODB-0222] Reading LEF file: /openlane/designs/sha256/runs/RUN_2024.12.05_16.00.43/tmp/merged.nom.lef
[WARNING ODB-0220] WARNING (LEFPARS-2036): SOURCE statement is obsolete in version 5.6 and later.
The LEF parser will ignore this statement.
To avoid this warning in the future, remove this statement from the LEF file with version 5.6 or later. See file /openlane/designs/sha256/runs/RUN_2024.12.05_16.00.43/tmp/merged.nom.lef at line 930.

[INFO ODB-0223]     Created 13 technology layers
[INFO ODB-0224]     Created 25 technology vias
[INFO ODB-0225]     Created 441 library cells
[INFO ODB-0226] Finished LEF file:  /openlane/designs/sha256/runs/RUN_2024.12.05_16.00.43/tmp/merged.nom.lef
[INFO ODB-0127] Reading DEF file: /openlane/designs/sha256/runs/RUN_2024.12.05_16.00.43/results/routing/sha2_top.def
[INFO ODB-0128] Design: sha2_top
[INFO ODB-0130]     Created 72 pins.
[INFO ODB-0131]     Created 24142 components and 118332 component-terminals.
[INFO ODB-0132]     Created 2 special nets and 92128 connections.
[INFO ODB-0133]     Created 7759 nets and 26204 connections.
[INFO ODB-0134] Finished DEF file: /openlane/designs/sha256/runs/RUN_2024.12.05_16.00.43/results/routing/sha2_top.def
Top-level design name: sha2_top
Found default power net 'VPWR'
Found default ground net 'VGND'
Found 1 power ports.
Found 1 ground ports.
Modified power connections of 24142/24142 cells.
