
===========================================================================
report_checks -unconstrained
============================================================================
Startpoint: rst (input port clocked by clk)
Endpoint: _13184_ (recovery check against rising-edge clock clk)
Path Group: **async_default**
Path Type: max

Fanout     Cap    Slew   Delay    Time   Description
-----------------------------------------------------------------------------
                          0.00    0.00   clock clk (rise edge)
                          0.00    0.00   clock network delay (propagated)
                          2.00    2.00 v input external delay
                  0.01    0.00    2.00 v rst (in)
     1    0.00                           rst (net)
                  0.01    0.00    2.00 v input34/A (sky130_fd_sc_hd__buf_4)
                  0.09    0.19    2.19 v input34/X (sky130_fd_sc_hd__buf_4)
     6    0.06                           net34 (net)
                  0.09    0.01    2.20 v _06756_/B1 (sky130_fd_sc_hd__a21o_2)
                  0.14    0.33    2.53 v _06756_/X (sky130_fd_sc_hd__a21o_2)
     3    0.05                           _01416_ (net)
                  0.14    0.01    2.54 v _06764_/A (sky130_fd_sc_hd__inv_2)
                  0.22    0.24    2.77 ^ _06764_/Y (sky130_fd_sc_hd__inv_2)
     6    0.05                           _01423_ (net)
                  0.22    0.00    2.77 ^ _06837_/A (sky130_fd_sc_hd__buf_4)
                  0.23    0.31    3.09 ^ _06837_/X (sky130_fd_sc_hd__buf_4)
    10    0.08                           _01480_ (net)
                  0.23    0.01    3.09 ^ _07393_/A (sky130_fd_sc_hd__buf_4)
                  0.21    0.30    3.40 ^ _07393_/X (sky130_fd_sc_hd__buf_4)
    10    0.08                           _00105_ (net)
                  0.21    0.01    3.41 ^ _13184_/RESET_B (sky130_fd_sc_hd__dfrtp_2)
                                  3.41   data arrival time

                         10.00   10.00   clock clk (rise edge)
                          0.00   10.00   clock source latency
                  0.29    0.19   10.19 ^ clk (in)
     1    0.06                           clk (net)
                  0.29    0.00   10.19 ^ clkbuf_0_clk/A (sky130_fd_sc_hd__clkbuf_16)
                  0.06    0.20   10.39 ^ clkbuf_0_clk/X (sky130_fd_sc_hd__clkbuf_16)
     2    0.03                           clknet_0_clk (net)
                  0.06    0.00   10.40 ^ clkbuf_1_0_0_clk/A (sky130_fd_sc_hd__clkbuf_8)
                  0.08    0.15   10.55 ^ clkbuf_1_0_0_clk/X (sky130_fd_sc_hd__clkbuf_8)
     2    0.04                           clknet_1_0_0_clk (net)
                  0.08    0.00   10.55 ^ clkbuf_2_1_0_clk/A (sky130_fd_sc_hd__clkbuf_8)
                  0.07    0.16   10.70 ^ clkbuf_2_1_0_clk/X (sky130_fd_sc_hd__clkbuf_8)
     2    0.04                           clknet_2_1_0_clk (net)
                  0.07    0.00   10.71 ^ clkbuf_3_2_0_clk/A (sky130_fd_sc_hd__clkbuf_8)
                  0.06    0.14   10.85 ^ clkbuf_3_2_0_clk/X (sky130_fd_sc_hd__clkbuf_8)
     2    0.02                           clknet_3_2_0_clk (net)
                  0.06    0.00   10.85 ^ clkbuf_4_5_0_clk/A (sky130_fd_sc_hd__clkbuf_8)
                  0.21    0.24   11.09 ^ clkbuf_4_5_0_clk/X (sky130_fd_sc_hd__clkbuf_8)
     9    0.12                           clknet_4_5_0_clk (net)
                  0.21    0.00   11.09 ^ clkbuf_leaf_31_clk/A (sky130_fd_sc_hd__clkbuf_16)
                  0.04    0.17   11.26 ^ clkbuf_leaf_31_clk/X (sky130_fd_sc_hd__clkbuf_16)
     4    0.01                           clknet_leaf_31_clk (net)
                  0.04    0.00   11.26 ^ _13184_/CLK (sky130_fd_sc_hd__dfrtp_2)
                         -0.25   11.01   clock uncertainty
                          0.00   11.01   clock reconvergence pessimism
                          0.17   11.17   library recovery time
                                 11.17   data required time
-----------------------------------------------------------------------------
                                 11.17   data required time
                                 -3.41   data arrival time
-----------------------------------------------------------------------------
                                  7.77   slack (MET)


Startpoint: _13483_ (rising edge-triggered flip-flop clocked by clk)
Endpoint: src_read (output port clocked by clk)
Path Group: clk
Path Type: max

Fanout     Cap    Slew   Delay    Time   Description
-----------------------------------------------------------------------------
                          0.00    0.00   clock clk (rise edge)
                          0.00    0.00   clock source latency
                  0.29    0.21    0.21 ^ clk (in)
     1    0.06                           clk (net)
                  0.29    0.00    0.21 ^ clkbuf_0_clk/A (sky130_fd_sc_hd__clkbuf_16)
                  0.06    0.23    0.44 ^ clkbuf_0_clk/X (sky130_fd_sc_hd__clkbuf_16)
     2    0.03                           clknet_0_clk (net)
                  0.06    0.00    0.44 ^ clkbuf_1_1_0_clk/A (sky130_fd_sc_hd__clkbuf_8)
                  0.07    0.16    0.60 ^ clkbuf_1_1_0_clk/X (sky130_fd_sc_hd__clkbuf_8)
     2    0.03                           clknet_1_1_0_clk (net)
                  0.07    0.00    0.60 ^ clkbuf_2_3_0_clk/A (sky130_fd_sc_hd__clkbuf_8)
                  0.07    0.16    0.76 ^ clkbuf_2_3_0_clk/X (sky130_fd_sc_hd__clkbuf_8)
     2    0.03                           clknet_2_3_0_clk (net)
                  0.07    0.00    0.76 ^ clkbuf_3_6_0_clk/A (sky130_fd_sc_hd__clkbuf_8)
                  0.06    0.15    0.91 ^ clkbuf_3_6_0_clk/X (sky130_fd_sc_hd__clkbuf_8)
     2    0.03                           clknet_3_6_0_clk (net)
                  0.06    0.00    0.91 ^ clkbuf_4_13_0_clk/A (sky130_fd_sc_hd__clkbuf_8)
                  0.18    0.24    1.16 ^ clkbuf_4_13_0_clk/X (sky130_fd_sc_hd__clkbuf_8)
     8    0.10                           clknet_4_13_0_clk (net)
                  0.18    0.00    1.16 ^ clkbuf_leaf_35_clk/A (sky130_fd_sc_hd__clkbuf_16)
                  0.04    0.18    1.34 ^ clkbuf_leaf_35_clk/X (sky130_fd_sc_hd__clkbuf_16)
     7    0.02                           clknet_leaf_35_clk (net)
                  0.04    0.00    1.35 ^ _13483_/CLK (sky130_fd_sc_hd__dfxtp_1)
                  0.09    0.36    1.71 v _13483_/Q (sky130_fd_sc_hd__dfxtp_1)
     5    0.02                           _158_[1] (net)
                  0.09    0.00    1.71 v _06545_/A (sky130_fd_sc_hd__or4_2)
                  0.15    0.78    2.49 v _06545_/X (sky130_fd_sc_hd__or4_2)
     5    0.02                           _01254_ (net)
                  0.15    0.00    2.49 v _06546_/C (sky130_fd_sc_hd__or3_1)
                  0.10    0.40    2.89 v _06546_/X (sky130_fd_sc_hd__or3_1)
     3    0.01                           _01255_ (net)
                  0.10    0.00    2.89 v _06547_/B (sky130_fd_sc_hd__or2_2)
                  0.11    0.38    3.28 v _06547_/X (sky130_fd_sc_hd__or2_2)
     4    0.02                           _01256_ (net)
                  0.11    0.00    3.28 v _06548_/C (sky130_fd_sc_hd__or3_1)
                  0.11    0.40    3.68 v _06548_/X (sky130_fd_sc_hd__or3_1)
     3    0.01                           _01257_ (net)
                  0.11    0.00    3.68 v _06549_/B (sky130_fd_sc_hd__or2_1)
                  0.09    0.30    3.98 v _06549_/X (sky130_fd_sc_hd__or2_1)
     4    0.01                           _01258_ (net)
                  0.09    0.00    3.98 v _06550_/C (sky130_fd_sc_hd__or3_1)
                  0.11    0.40    4.38 v _06550_/X (sky130_fd_sc_hd__or3_1)
     3    0.01                           _01259_ (net)
                  0.11    0.00    4.38 v _06551_/B (sky130_fd_sc_hd__or2_1)
                  0.11    0.32    4.69 v _06551_/X (sky130_fd_sc_hd__or2_1)
     4    0.02                           _01260_ (net)
                  0.11    0.00    4.69 v _06552_/C (sky130_fd_sc_hd__or3_1)
                  0.10    0.39    5.08 v _06552_/X (sky130_fd_sc_hd__or3_1)
     3    0.01                           _01261_ (net)
                  0.10    0.00    5.08 v _06553_/B (sky130_fd_sc_hd__or2_1)
                  0.10    0.30    5.38 v _06553_/X (sky130_fd_sc_hd__or2_1)
     4    0.01                           _01262_ (net)
                  0.10    0.00    5.38 v _06554_/C (sky130_fd_sc_hd__or3_1)
                  0.10    0.39    5.77 v _06554_/X (sky130_fd_sc_hd__or3_1)
     3    0.01                           _01263_ (net)
                  0.10    0.00    5.77 v _06555_/B (sky130_fd_sc_hd__or2_1)
                  0.11    0.31    6.08 v _06555_/X (sky130_fd_sc_hd__or2_1)
     4    0.02                           _01264_ (net)
                  0.11    0.00    6.08 v _06556_/C (sky130_fd_sc_hd__or3_1)
                  0.14    0.44    6.52 v _06556_/X (sky130_fd_sc_hd__or3_1)
     4    0.02                           _01265_ (net)
                  0.14    0.00    6.52 v _06594_/B (sky130_fd_sc_hd__nor2_2)
                  0.40    0.37    6.89 ^ _06594_/Y (sky130_fd_sc_hd__nor2_2)
     4    0.04                           _01297_ (net)
                  0.40    0.00    6.89 ^ _06605_/A (sky130_fd_sc_hd__nor2_1)
                  0.12    0.16    7.06 v _06605_/Y (sky130_fd_sc_hd__nor2_1)
     2    0.01                           _01308_ (net)
                  0.12    0.00    7.06 v _06660_/A1 (sky130_fd_sc_hd__o31a_1)
                  0.10    0.39    7.45 v _06660_/X (sky130_fd_sc_hd__o31a_1)
     1    0.01                           net69 (net)
                  0.10    0.00    7.45 v output69/A (sky130_fd_sc_hd__buf_2)
                  0.09    0.21    7.66 v output69/X (sky130_fd_sc_hd__buf_2)
     1    0.03                           src_read (net)
                  0.09    0.00    7.66 v src_read (out)
                                  7.66   data arrival time

                         10.00   10.00   clock clk (rise edge)
                          0.00   10.00   clock network delay (propagated)
                         -0.25    9.75   clock uncertainty
                          0.00    9.75   clock reconvergence pessimism
                         -2.00    7.75   output external delay
                                  7.75   data required time
-----------------------------------------------------------------------------
                                  7.75   data required time
                                 -7.66   data arrival time
-----------------------------------------------------------------------------
                                  0.09   slack (MET)



===========================================================================
report_checks --slack_max -0.01
============================================================================
No paths found.
