
===========================================================================
report_checks -path_delay min (Hold)
============================================================================
Startpoint: rst (input port clocked by clk)
Endpoint: _12926_ (removal check against rising-edge clock clk)
Path Group: **async_default**
Path Type: min

Fanout     Cap    Slew   Delay    Time   Description
-----------------------------------------------------------------------------
                          0.00    0.00   clock clk (rise edge)
                          0.00    0.00   clock network delay (propagated)
                          2.00    2.00 v input external delay
                  0.01    0.01    2.01 v rst (in)
     1    0.00                           rst (net)
                  0.01    0.00    2.01 v input34/A (sky130_fd_sc_hd__buf_4)
                  0.07    0.15    2.16 v input34/X (sky130_fd_sc_hd__buf_4)
     6    0.05                           net34 (net)
                  0.08    0.01    2.17 v _06741_/A (sky130_fd_sc_hd__inv_2)
                  0.04    0.06    2.23 ^ _06741_/Y (sky130_fd_sc_hd__inv_2)
     1    0.00                           _00103_ (net)
                  0.04    0.00    2.23 ^ _12926_/RESET_B (sky130_fd_sc_hd__dfrtp_1)
                                  2.23   data arrival time

                          0.00    0.00   clock clk (rise edge)
                          0.00    0.00   clock source latency
                  0.16    0.12    0.12 ^ clk (in)
     1    0.03                           clk (net)
                  0.16    0.00    0.12 ^ clkbuf_0_clk/A (sky130_fd_sc_hd__clkbuf_16)
                  0.04    0.17    0.29 ^ clkbuf_0_clk/X (sky130_fd_sc_hd__clkbuf_16)
     2    0.02                           clknet_0_clk (net)
                  0.04    0.00    0.29 ^ clkbuf_1_0_0_clk/A (sky130_fd_sc_hd__clkbuf_8)
                  0.05    0.14    0.43 ^ clkbuf_1_0_0_clk/X (sky130_fd_sc_hd__clkbuf_8)
     2    0.02                           clknet_1_0_0_clk (net)
                  0.05    0.00    0.43 ^ clkbuf_2_1_0_clk/A (sky130_fd_sc_hd__clkbuf_8)
                  0.05    0.14    0.57 ^ clkbuf_2_1_0_clk/X (sky130_fd_sc_hd__clkbuf_8)
     2    0.02                           clknet_2_1_0_clk (net)
                  0.05    0.00    0.58 ^ clkbuf_3_2_0_clk/A (sky130_fd_sc_hd__clkbuf_8)
                  0.05    0.14    0.71 ^ clkbuf_3_2_0_clk/X (sky130_fd_sc_hd__clkbuf_8)
     2    0.02                           clknet_3_2_0_clk (net)
                  0.05    0.00    0.71 ^ clkbuf_4_5_0_clk/A (sky130_fd_sc_hd__clkbuf_8)
                  0.17    0.23    0.94 ^ clkbuf_4_5_0_clk/X (sky130_fd_sc_hd__clkbuf_8)
     9    0.10                           clknet_4_5_0_clk (net)
                  0.17    0.00    0.95 ^ clkbuf_leaf_31_clk/A (sky130_fd_sc_hd__clkbuf_16)
                  0.04    0.17    1.12 ^ clkbuf_leaf_31_clk/X (sky130_fd_sc_hd__clkbuf_16)
     4    0.01                           clknet_leaf_31_clk (net)
                  0.04    0.00    1.12 ^ _12926_/CLK (sky130_fd_sc_hd__dfrtp_1)
                          0.25    1.37   clock uncertainty
                          0.00    1.37   clock reconvergence pessimism
                          0.32    1.68   library removal time
                                  1.68   data required time
-----------------------------------------------------------------------------
                                  1.68   data required time
                                 -2.23   data arrival time
-----------------------------------------------------------------------------
                                  0.54   slack (MET)


Startpoint: rst (input port clocked by clk)
Endpoint: _12923_ (removal check against rising-edge clock clk)
Path Group: **async_default**
Path Type: min

Fanout     Cap    Slew   Delay    Time   Description
-----------------------------------------------------------------------------
                          0.00    0.00   clock clk (rise edge)
                          0.00    0.00   clock network delay (propagated)
                          2.00    2.00 v input external delay
                  0.01    0.01    2.01 v rst (in)
     1    0.00                           rst (net)
                  0.01    0.00    2.01 v input34/A (sky130_fd_sc_hd__buf_4)
                  0.07    0.15    2.16 v input34/X (sky130_fd_sc_hd__buf_4)
     6    0.05                           net34 (net)
                  0.08    0.01    2.17 v _06738_/A (sky130_fd_sc_hd__inv_2)
                  0.04    0.06    2.23 ^ _06738_/Y (sky130_fd_sc_hd__inv_2)
     1    0.01                           _00100_ (net)
                  0.04    0.00    2.23 ^ _12923_/RESET_B (sky130_fd_sc_hd__dfrtp_2)
                                  2.23   data arrival time

                          0.00    0.00   clock clk (rise edge)
                          0.00    0.00   clock source latency
                  0.16    0.12    0.12 ^ clk (in)
     1    0.03                           clk (net)
                  0.16    0.00    0.12 ^ clkbuf_0_clk/A (sky130_fd_sc_hd__clkbuf_16)
                  0.04    0.17    0.29 ^ clkbuf_0_clk/X (sky130_fd_sc_hd__clkbuf_16)
     2    0.02                           clknet_0_clk (net)
                  0.04    0.00    0.29 ^ clkbuf_1_0_0_clk/A (sky130_fd_sc_hd__clkbuf_8)
                  0.05    0.14    0.43 ^ clkbuf_1_0_0_clk/X (sky130_fd_sc_hd__clkbuf_8)
     2    0.02                           clknet_1_0_0_clk (net)
                  0.05    0.00    0.43 ^ clkbuf_2_1_0_clk/A (sky130_fd_sc_hd__clkbuf_8)
                  0.05    0.14    0.57 ^ clkbuf_2_1_0_clk/X (sky130_fd_sc_hd__clkbuf_8)
     2    0.02                           clknet_2_1_0_clk (net)
                  0.05    0.00    0.58 ^ clkbuf_3_2_0_clk/A (sky130_fd_sc_hd__clkbuf_8)
                  0.05    0.14    0.71 ^ clkbuf_3_2_0_clk/X (sky130_fd_sc_hd__clkbuf_8)
     2    0.02                           clknet_3_2_0_clk (net)
                  0.05    0.00    0.71 ^ clkbuf_4_5_0_clk/A (sky130_fd_sc_hd__clkbuf_8)
                  0.17    0.23    0.94 ^ clkbuf_4_5_0_clk/X (sky130_fd_sc_hd__clkbuf_8)
     9    0.10                           clknet_4_5_0_clk (net)
                  0.17    0.00    0.95 ^ clkbuf_leaf_32_clk/A (sky130_fd_sc_hd__clkbuf_16)
                  0.03    0.17    1.11 ^ clkbuf_leaf_32_clk/X (sky130_fd_sc_hd__clkbuf_16)
     3    0.01                           clknet_leaf_32_clk (net)
                  0.03    0.00    1.11 ^ _12923_/CLK (sky130_fd_sc_hd__dfrtp_2)
                          0.25    1.36   clock uncertainty
                          0.00    1.36   clock reconvergence pessimism
                          0.31    1.68   library removal time
                                  1.68   data required time
-----------------------------------------------------------------------------
                                  1.68   data required time
                                 -2.23   data arrival time
-----------------------------------------------------------------------------
                                  0.55   slack (MET)


Startpoint: rst (input port clocked by clk)
Endpoint: _12925_ (removal check against rising-edge clock clk)
Path Group: **async_default**
Path Type: min

Fanout     Cap    Slew   Delay    Time   Description
-----------------------------------------------------------------------------
                          0.00    0.00   clock clk (rise edge)
                          0.00    0.00   clock network delay (propagated)
                          2.00    2.00 v input external delay
                  0.01    0.01    2.01 v rst (in)
     1    0.00                           rst (net)
                  0.01    0.00    2.01 v input34/A (sky130_fd_sc_hd__buf_4)
                  0.07    0.15    2.16 v input34/X (sky130_fd_sc_hd__buf_4)
     6    0.05                           net34 (net)
                  0.08    0.01    2.17 v _06740_/A (sky130_fd_sc_hd__inv_2)
                  0.04    0.06    2.23 ^ _06740_/Y (sky130_fd_sc_hd__inv_2)
     1    0.01                           _00102_ (net)
                  0.04    0.00    2.23 ^ _12925_/RESET_B (sky130_fd_sc_hd__dfrtp_1)
                                  2.23   data arrival time

                          0.00    0.00   clock clk (rise edge)
                          0.00    0.00   clock source latency
                  0.16    0.12    0.12 ^ clk (in)
     1    0.03                           clk (net)
                  0.16    0.00    0.12 ^ clkbuf_0_clk/A (sky130_fd_sc_hd__clkbuf_16)
                  0.04    0.17    0.29 ^ clkbuf_0_clk/X (sky130_fd_sc_hd__clkbuf_16)
     2    0.02                           clknet_0_clk (net)
                  0.04    0.00    0.29 ^ clkbuf_1_0_0_clk/A (sky130_fd_sc_hd__clkbuf_8)
                  0.05    0.14    0.43 ^ clkbuf_1_0_0_clk/X (sky130_fd_sc_hd__clkbuf_8)
     2    0.02                           clknet_1_0_0_clk (net)
                  0.05    0.00    0.43 ^ clkbuf_2_1_0_clk/A (sky130_fd_sc_hd__clkbuf_8)
                  0.05    0.14    0.57 ^ clkbuf_2_1_0_clk/X (sky130_fd_sc_hd__clkbuf_8)
     2    0.02                           clknet_2_1_0_clk (net)
                  0.05    0.00    0.58 ^ clkbuf_3_2_0_clk/A (sky130_fd_sc_hd__clkbuf_8)
                  0.05    0.14    0.71 ^ clkbuf_3_2_0_clk/X (sky130_fd_sc_hd__clkbuf_8)
     2    0.02                           clknet_3_2_0_clk (net)
                  0.05    0.00    0.71 ^ clkbuf_4_5_0_clk/A (sky130_fd_sc_hd__clkbuf_8)
                  0.17    0.23    0.94 ^ clkbuf_4_5_0_clk/X (sky130_fd_sc_hd__clkbuf_8)
     9    0.10                           clknet_4_5_0_clk (net)
                  0.17    0.00    0.95 ^ clkbuf_leaf_32_clk/A (sky130_fd_sc_hd__clkbuf_16)
                  0.03    0.17    1.11 ^ clkbuf_leaf_32_clk/X (sky130_fd_sc_hd__clkbuf_16)
     3    0.01                           clknet_leaf_32_clk (net)
                  0.03    0.00    1.11 ^ _12925_/CLK (sky130_fd_sc_hd__dfrtp_1)
                          0.25    1.36   clock uncertainty
                          0.00    1.36   clock reconvergence pessimism
                          0.32    1.68   library removal time
                                  1.68   data required time
-----------------------------------------------------------------------------
                                  1.68   data required time
                                 -2.23   data arrival time
-----------------------------------------------------------------------------
                                  0.55   slack (MET)


Startpoint: _12924_ (rising edge-triggered flip-flop clocked by clk)
Endpoint: _13184_ (removal check against rising-edge clock clk)
Path Group: **async_default**
Path Type: min

Fanout     Cap    Slew   Delay    Time   Description
-----------------------------------------------------------------------------
                          0.00    0.00   clock clk (rise edge)
                          0.00    0.00   clock source latency
                  0.16    0.10    0.10 ^ clk (in)
     1    0.03                           clk (net)
                  0.16    0.00    0.10 ^ clkbuf_0_clk/A (sky130_fd_sc_hd__clkbuf_16)
                  0.04    0.16    0.26 ^ clkbuf_0_clk/X (sky130_fd_sc_hd__clkbuf_16)
     2    0.02                           clknet_0_clk (net)
                  0.04    0.00    0.26 ^ clkbuf_1_0_0_clk/A (sky130_fd_sc_hd__clkbuf_8)
                  0.05    0.13    0.39 ^ clkbuf_1_0_0_clk/X (sky130_fd_sc_hd__clkbuf_8)
     2    0.02                           clknet_1_0_0_clk (net)
                  0.05    0.00    0.39 ^ clkbuf_2_1_0_clk/A (sky130_fd_sc_hd__clkbuf_8)
                  0.05    0.13    0.52 ^ clkbuf_2_1_0_clk/X (sky130_fd_sc_hd__clkbuf_8)
     2    0.02                           clknet_2_1_0_clk (net)
                  0.05    0.00    0.52 ^ clkbuf_3_2_0_clk/A (sky130_fd_sc_hd__clkbuf_8)
                  0.05    0.12    0.64 ^ clkbuf_3_2_0_clk/X (sky130_fd_sc_hd__clkbuf_8)
     2    0.02                           clknet_3_2_0_clk (net)
                  0.05    0.00    0.64 ^ clkbuf_4_5_0_clk/A (sky130_fd_sc_hd__clkbuf_8)
                  0.17    0.21    0.85 ^ clkbuf_4_5_0_clk/X (sky130_fd_sc_hd__clkbuf_8)
     9    0.10                           clknet_4_5_0_clk (net)
                  0.17    0.00    0.86 ^ clkbuf_leaf_28_clk/A (sky130_fd_sc_hd__clkbuf_16)
                  0.05    0.16    1.02 ^ clkbuf_leaf_28_clk/X (sky130_fd_sc_hd__clkbuf_16)
     8    0.02                           clknet_leaf_28_clk (net)
                  0.05    0.00    1.02 ^ _12924_/CLK (sky130_fd_sc_hd__dfstp_2)
                  0.06    0.38    1.40 v _12924_/Q (sky130_fd_sc_hd__dfstp_2)
     8    0.02                           _392_[1] (net)
                  0.06    0.00    1.40 v _06756_/A1 (sky130_fd_sc_hd__a21o_2)
                  0.10    0.25    1.65 v _06756_/X (sky130_fd_sc_hd__a21o_2)
     3    0.03                           _01416_ (net)
                  0.10    0.00    1.65 v _06764_/A (sky130_fd_sc_hd__inv_2)
                  0.15    0.15    1.80 ^ _06764_/Y (sky130_fd_sc_hd__inv_2)
     6    0.03                           _01423_ (net)
                  0.15    0.00    1.80 ^ _06837_/A (sky130_fd_sc_hd__buf_4)
                  0.15    0.22    2.01 ^ _06837_/X (sky130_fd_sc_hd__buf_4)
    10    0.05                           _01480_ (net)
                  0.15    0.00    2.02 ^ _07393_/A (sky130_fd_sc_hd__buf_4)
                  0.15    0.21    2.23 ^ _07393_/X (sky130_fd_sc_hd__buf_4)
    10    0.05                           _00105_ (net)
                  0.15    0.00    2.23 ^ _13184_/RESET_B (sky130_fd_sc_hd__dfrtp_2)
                                  2.23   data arrival time

                          0.00    0.00   clock clk (rise edge)
                          0.00    0.00   clock source latency
                  0.16    0.12    0.12 ^ clk (in)
     1    0.03                           clk (net)
                  0.16    0.00    0.12 ^ clkbuf_0_clk/A (sky130_fd_sc_hd__clkbuf_16)
                  0.04    0.17    0.29 ^ clkbuf_0_clk/X (sky130_fd_sc_hd__clkbuf_16)
     2    0.02                           clknet_0_clk (net)
                  0.04    0.00    0.29 ^ clkbuf_1_0_0_clk/A (sky130_fd_sc_hd__clkbuf_8)
                  0.05    0.14    0.43 ^ clkbuf_1_0_0_clk/X (sky130_fd_sc_hd__clkbuf_8)
     2    0.02                           clknet_1_0_0_clk (net)
                  0.05    0.00    0.43 ^ clkbuf_2_1_0_clk/A (sky130_fd_sc_hd__clkbuf_8)
                  0.05    0.14    0.57 ^ clkbuf_2_1_0_clk/X (sky130_fd_sc_hd__clkbuf_8)
     2    0.02                           clknet_2_1_0_clk (net)
                  0.05    0.00    0.58 ^ clkbuf_3_2_0_clk/A (sky130_fd_sc_hd__clkbuf_8)
                  0.05    0.14    0.71 ^ clkbuf_3_2_0_clk/X (sky130_fd_sc_hd__clkbuf_8)
     2    0.02                           clknet_3_2_0_clk (net)
                  0.05    0.00    0.71 ^ clkbuf_4_5_0_clk/A (sky130_fd_sc_hd__clkbuf_8)
                  0.17    0.23    0.94 ^ clkbuf_4_5_0_clk/X (sky130_fd_sc_hd__clkbuf_8)
     9    0.10                           clknet_4_5_0_clk (net)
                  0.17    0.00    0.95 ^ clkbuf_leaf_31_clk/A (sky130_fd_sc_hd__clkbuf_16)
                  0.04    0.17    1.12 ^ clkbuf_leaf_31_clk/X (sky130_fd_sc_hd__clkbuf_16)
     4    0.01                           clknet_leaf_31_clk (net)
                  0.04    0.00    1.12 ^ _13184_/CLK (sky130_fd_sc_hd__dfrtp_2)
                          0.25    1.37   clock uncertainty
                         -0.09    1.28   clock reconvergence pessimism
                          0.35    1.62   library removal time
                                  1.62   data required time
-----------------------------------------------------------------------------
                                  1.62   data required time
                                 -2.23   data arrival time
-----------------------------------------------------------------------------
                                  0.61   slack (MET)


Startpoint: _12924_ (rising edge-triggered flip-flop clocked by clk)
Endpoint: _13478_ (removal check against rising-edge clock clk)
Path Group: **async_default**
Path Type: min

Fanout     Cap    Slew   Delay    Time   Description
-----------------------------------------------------------------------------
                          0.00    0.00   clock clk (rise edge)
                          0.00    0.00   clock source latency
                  0.16    0.10    0.10 ^ clk (in)
     1    0.03                           clk (net)
                  0.16    0.00    0.10 ^ clkbuf_0_clk/A (sky130_fd_sc_hd__clkbuf_16)
                  0.04    0.16    0.26 ^ clkbuf_0_clk/X (sky130_fd_sc_hd__clkbuf_16)
     2    0.02                           clknet_0_clk (net)
                  0.04    0.00    0.26 ^ clkbuf_1_0_0_clk/A (sky130_fd_sc_hd__clkbuf_8)
                  0.05    0.13    0.39 ^ clkbuf_1_0_0_clk/X (sky130_fd_sc_hd__clkbuf_8)
     2    0.02                           clknet_1_0_0_clk (net)
                  0.05    0.00    0.39 ^ clkbuf_2_1_0_clk/A (sky130_fd_sc_hd__clkbuf_8)
                  0.05    0.13    0.52 ^ clkbuf_2_1_0_clk/X (sky130_fd_sc_hd__clkbuf_8)
     2    0.02                           clknet_2_1_0_clk (net)
                  0.05    0.00    0.52 ^ clkbuf_3_2_0_clk/A (sky130_fd_sc_hd__clkbuf_8)
                  0.05    0.12    0.64 ^ clkbuf_3_2_0_clk/X (sky130_fd_sc_hd__clkbuf_8)
     2    0.02                           clknet_3_2_0_clk (net)
                  0.05    0.00    0.64 ^ clkbuf_4_5_0_clk/A (sky130_fd_sc_hd__clkbuf_8)
                  0.17    0.21    0.85 ^ clkbuf_4_5_0_clk/X (sky130_fd_sc_hd__clkbuf_8)
     9    0.10                           clknet_4_5_0_clk (net)
                  0.17    0.00    0.86 ^ clkbuf_leaf_28_clk/A (sky130_fd_sc_hd__clkbuf_16)
                  0.05    0.16    1.02 ^ clkbuf_leaf_28_clk/X (sky130_fd_sc_hd__clkbuf_16)
     8    0.02                           clknet_leaf_28_clk (net)
                  0.05    0.00    1.02 ^ _12924_/CLK (sky130_fd_sc_hd__dfstp_2)
                  0.06    0.38    1.40 v _12924_/Q (sky130_fd_sc_hd__dfstp_2)
     8    0.02                           _392_[1] (net)
                  0.06    0.00    1.40 v _06756_/A1 (sky130_fd_sc_hd__a21o_2)
                  0.10    0.25    1.65 v _06756_/X (sky130_fd_sc_hd__a21o_2)
     3    0.03                           _01416_ (net)
                  0.10    0.00    1.65 v _06757_/A (sky130_fd_sc_hd__buf_4)
                  0.08    0.20    1.84 v _06757_/X (sky130_fd_sc_hd__buf_4)
    10    0.05                           _01417_ (net)
                  0.08    0.01    1.85 v _06758_/A (sky130_fd_sc_hd__clkbuf_4)
                  0.09    0.20    2.05 v _06758_/X (sky130_fd_sc_hd__clkbuf_4)
    10    0.04                           _01418_ (net)
                  0.09    0.00    2.05 v _09463_/A (sky130_fd_sc_hd__buf_6)
                  0.07    0.17    2.22 v _09463_/X (sky130_fd_sc_hd__buf_6)
    10    0.07                           _03866_ (net)
                  0.07    0.01    2.23 v _11080_/A (sky130_fd_sc_hd__inv_2)
                  0.04    0.06    2.29 ^ _11080_/Y (sky130_fd_sc_hd__inv_2)
     1    0.01                           _00111_ (net)
                  0.04    0.00    2.29 ^ _13478_/RESET_B (sky130_fd_sc_hd__dfrtp_1)
                                  2.29   data arrival time

                          0.00    0.00   clock clk (rise edge)
                          0.00    0.00   clock source latency
                  0.16    0.12    0.12 ^ clk (in)
     1    0.03                           clk (net)
                  0.16    0.00    0.12 ^ clkbuf_0_clk/A (sky130_fd_sc_hd__clkbuf_16)
                  0.04    0.17    0.29 ^ clkbuf_0_clk/X (sky130_fd_sc_hd__clkbuf_16)
     2    0.02                           clknet_0_clk (net)
                  0.04    0.00    0.29 ^ clkbuf_1_0_0_clk/A (sky130_fd_sc_hd__clkbuf_8)
                  0.05    0.14    0.43 ^ clkbuf_1_0_0_clk/X (sky130_fd_sc_hd__clkbuf_8)
     2    0.02                           clknet_1_0_0_clk (net)
                  0.05    0.00    0.43 ^ clkbuf_2_1_0_clk/A (sky130_fd_sc_hd__clkbuf_8)
                  0.05    0.14    0.57 ^ clkbuf_2_1_0_clk/X (sky130_fd_sc_hd__clkbuf_8)
     2    0.02                           clknet_2_1_0_clk (net)
                  0.05    0.00    0.58 ^ clkbuf_3_2_0_clk/A (sky130_fd_sc_hd__clkbuf_8)
                  0.05    0.14    0.71 ^ clkbuf_3_2_0_clk/X (sky130_fd_sc_hd__clkbuf_8)
     2    0.02                           clknet_3_2_0_clk (net)
                  0.05    0.00    0.71 ^ clkbuf_4_5_0_clk/A (sky130_fd_sc_hd__clkbuf_8)
                  0.17    0.23    0.94 ^ clkbuf_4_5_0_clk/X (sky130_fd_sc_hd__clkbuf_8)
     9    0.10                           clknet_4_5_0_clk (net)
                  0.17    0.00    0.95 ^ clkbuf_leaf_27_clk/A (sky130_fd_sc_hd__clkbuf_16)
                  0.04    0.18    1.13 ^ clkbuf_leaf_27_clk/X (sky130_fd_sc_hd__clkbuf_16)
     7    0.02                           clknet_leaf_27_clk (net)
                  0.04    0.00    1.13 ^ _13478_/CLK (sky130_fd_sc_hd__dfrtp_1)
                          0.25    1.38   clock uncertainty
                         -0.09    1.29   clock reconvergence pessimism
                          0.32    1.60   library removal time
                                  1.60   data required time
-----------------------------------------------------------------------------
                                  1.60   data required time
                                 -2.29   data arrival time
-----------------------------------------------------------------------------
                                  0.68   slack (MET)


Startpoint: _13320_ (rising edge-triggered flip-flop clocked by clk)
Endpoint: _13288_ (rising edge-triggered flip-flop clocked by clk)
Path Group: clk
Path Type: min

Fanout     Cap    Slew   Delay    Time   Description
-----------------------------------------------------------------------------
                          0.00    0.00   clock clk (rise edge)
                          0.00    0.00   clock source latency
                  0.16    0.10    0.10 ^ clk (in)
     1    0.03                           clk (net)
                  0.16    0.00    0.10 ^ clkbuf_0_clk/A (sky130_fd_sc_hd__clkbuf_16)
                  0.04    0.16    0.26 ^ clkbuf_0_clk/X (sky130_fd_sc_hd__clkbuf_16)
     2    0.02                           clknet_0_clk (net)
                  0.04    0.00    0.26 ^ clkbuf_1_0_0_clk/A (sky130_fd_sc_hd__clkbuf_8)
                  0.05    0.13    0.39 ^ clkbuf_1_0_0_clk/X (sky130_fd_sc_hd__clkbuf_8)
     2    0.02                           clknet_1_0_0_clk (net)
                  0.05    0.00    0.39 ^ clkbuf_2_1_0_clk/A (sky130_fd_sc_hd__clkbuf_8)
                  0.05    0.13    0.52 ^ clkbuf_2_1_0_clk/X (sky130_fd_sc_hd__clkbuf_8)
     2    0.02                           clknet_2_1_0_clk (net)
                  0.05    0.00    0.52 ^ clkbuf_3_3_0_clk/A (sky130_fd_sc_hd__clkbuf_8)
                  0.05    0.12    0.64 ^ clkbuf_3_3_0_clk/X (sky130_fd_sc_hd__clkbuf_8)
     2    0.02                           clknet_3_3_0_clk (net)
                  0.05    0.00    0.64 ^ clkbuf_4_6_0_clk/A (sky130_fd_sc_hd__clkbuf_8)
                  0.12    0.18    0.82 ^ clkbuf_4_6_0_clk/X (sky130_fd_sc_hd__clkbuf_8)
     6    0.07                           clknet_4_6_0_clk (net)
                  0.12    0.00    0.82 ^ clkbuf_leaf_18_clk/A (sky130_fd_sc_hd__clkbuf_16)
                  0.04    0.15    0.97 ^ clkbuf_leaf_18_clk/X (sky130_fd_sc_hd__clkbuf_16)
     7    0.02                           clknet_leaf_18_clk (net)
                  0.04    0.00    0.97 ^ _13320_/CLK (sky130_fd_sc_hd__dfxtp_2)
                  0.14    0.37    1.34 ^ _13320_/Q (sky130_fd_sc_hd__dfxtp_2)
     4    0.03                           _173_[2] (net)
                  0.14    0.00    1.34 ^ _10474_/A1 (sky130_fd_sc_hd__a211o_1)
                  0.03    0.13    1.47 ^ _10474_/X (sky130_fd_sc_hd__a211o_1)
     1    0.00                           _00507_ (net)
                  0.03    0.00    1.47 ^ _13288_/D (sky130_fd_sc_hd__dfxtp_2)
                                  1.47   data arrival time

                          0.00    0.00   clock clk (rise edge)
                          0.00    0.00   clock source latency
                  0.16    0.12    0.12 ^ clk (in)
     1    0.03                           clk (net)
                  0.16    0.00    0.12 ^ clkbuf_0_clk/A (sky130_fd_sc_hd__clkbuf_16)
                  0.04    0.17    0.29 ^ clkbuf_0_clk/X (sky130_fd_sc_hd__clkbuf_16)
     2    0.02                           clknet_0_clk (net)
                  0.04    0.00    0.29 ^ clkbuf_1_0_0_clk/A (sky130_fd_sc_hd__clkbuf_8)
                  0.05    0.14    0.43 ^ clkbuf_1_0_0_clk/X (sky130_fd_sc_hd__clkbuf_8)
     2    0.02                           clknet_1_0_0_clk (net)
                  0.05    0.00    0.43 ^ clkbuf_2_1_0_clk/A (sky130_fd_sc_hd__clkbuf_8)
                  0.05    0.14    0.57 ^ clkbuf_2_1_0_clk/X (sky130_fd_sc_hd__clkbuf_8)
     2    0.02                           clknet_2_1_0_clk (net)
                  0.05    0.00    0.58 ^ clkbuf_3_2_0_clk/A (sky130_fd_sc_hd__clkbuf_8)
                  0.05    0.14    0.71 ^ clkbuf_3_2_0_clk/X (sky130_fd_sc_hd__clkbuf_8)
     2    0.02                           clknet_3_2_0_clk (net)
                  0.05    0.00    0.71 ^ clkbuf_4_4_0_clk/A (sky130_fd_sc_hd__clkbuf_8)
                  0.19    0.25    0.96 ^ clkbuf_4_4_0_clk/X (sky130_fd_sc_hd__clkbuf_8)
    10    0.11                           clknet_4_4_0_clk (net)
                  0.19    0.00    0.96 ^ clkbuf_leaf_24_clk/A (sky130_fd_sc_hd__clkbuf_16)
                  0.06    0.20    1.16 ^ clkbuf_leaf_24_clk/X (sky130_fd_sc_hd__clkbuf_16)
    13    0.04                           clknet_leaf_24_clk (net)
                  0.06    0.00    1.16 ^ _13288_/CLK (sky130_fd_sc_hd__dfxtp_2)
                          0.25    1.41   clock uncertainty
                         -0.05    1.35   clock reconvergence pessimism
                         -0.03    1.33   library hold time
                                  1.33   data required time
-----------------------------------------------------------------------------
                                  1.33   data required time
                                 -1.47   data arrival time
-----------------------------------------------------------------------------
                                  0.14   slack (MET)


Startpoint: _13321_ (rising edge-triggered flip-flop clocked by clk)
Endpoint: _13289_ (rising edge-triggered flip-flop clocked by clk)
Path Group: clk
Path Type: min

Fanout     Cap    Slew   Delay    Time   Description
-----------------------------------------------------------------------------
                          0.00    0.00   clock clk (rise edge)
                          0.00    0.00   clock source latency
                  0.16    0.10    0.10 ^ clk (in)
     1    0.03                           clk (net)
                  0.16    0.00    0.10 ^ clkbuf_0_clk/A (sky130_fd_sc_hd__clkbuf_16)
                  0.04    0.16    0.26 ^ clkbuf_0_clk/X (sky130_fd_sc_hd__clkbuf_16)
     2    0.02                           clknet_0_clk (net)
                  0.04    0.00    0.26 ^ clkbuf_1_0_0_clk/A (sky130_fd_sc_hd__clkbuf_8)
                  0.05    0.13    0.39 ^ clkbuf_1_0_0_clk/X (sky130_fd_sc_hd__clkbuf_8)
     2    0.02                           clknet_1_0_0_clk (net)
                  0.05    0.00    0.39 ^ clkbuf_2_1_0_clk/A (sky130_fd_sc_hd__clkbuf_8)
                  0.05    0.13    0.52 ^ clkbuf_2_1_0_clk/X (sky130_fd_sc_hd__clkbuf_8)
     2    0.02                           clknet_2_1_0_clk (net)
                  0.05    0.00    0.52 ^ clkbuf_3_3_0_clk/A (sky130_fd_sc_hd__clkbuf_8)
                  0.05    0.12    0.64 ^ clkbuf_3_3_0_clk/X (sky130_fd_sc_hd__clkbuf_8)
     2    0.02                           clknet_3_3_0_clk (net)
                  0.05    0.00    0.64 ^ clkbuf_4_6_0_clk/A (sky130_fd_sc_hd__clkbuf_8)
                  0.12    0.18    0.82 ^ clkbuf_4_6_0_clk/X (sky130_fd_sc_hd__clkbuf_8)
     6    0.07                           clknet_4_6_0_clk (net)
                  0.12    0.00    0.82 ^ clkbuf_leaf_18_clk/A (sky130_fd_sc_hd__clkbuf_16)
                  0.04    0.15    0.97 ^ clkbuf_leaf_18_clk/X (sky130_fd_sc_hd__clkbuf_16)
     7    0.02                           clknet_leaf_18_clk (net)
                  0.04    0.00    0.97 ^ _13321_/CLK (sky130_fd_sc_hd__dfxtp_2)
                  0.14    0.37    1.34 ^ _13321_/Q (sky130_fd_sc_hd__dfxtp_2)
     4    0.03                           _173_[3] (net)
                  0.14    0.00    1.34 ^ _10479_/A1 (sky130_fd_sc_hd__a211o_1)
                  0.04    0.13    1.47 ^ _10479_/X (sky130_fd_sc_hd__a211o_1)
     1    0.00                           _00508_ (net)
                  0.04    0.00    1.47 ^ _13289_/D (sky130_fd_sc_hd__dfxtp_1)
                                  1.47   data arrival time

                          0.00    0.00   clock clk (rise edge)
                          0.00    0.00   clock source latency
                  0.16    0.12    0.12 ^ clk (in)
     1    0.03                           clk (net)
                  0.16    0.00    0.12 ^ clkbuf_0_clk/A (sky130_fd_sc_hd__clkbuf_16)
                  0.04    0.17    0.29 ^ clkbuf_0_clk/X (sky130_fd_sc_hd__clkbuf_16)
     2    0.02                           clknet_0_clk (net)
                  0.04    0.00    0.29 ^ clkbuf_1_0_0_clk/A (sky130_fd_sc_hd__clkbuf_8)
                  0.05    0.14    0.43 ^ clkbuf_1_0_0_clk/X (sky130_fd_sc_hd__clkbuf_8)
     2    0.02                           clknet_1_0_0_clk (net)
                  0.05    0.00    0.43 ^ clkbuf_2_1_0_clk/A (sky130_fd_sc_hd__clkbuf_8)
                  0.05    0.14    0.57 ^ clkbuf_2_1_0_clk/X (sky130_fd_sc_hd__clkbuf_8)
     2    0.02                           clknet_2_1_0_clk (net)
                  0.05    0.00    0.58 ^ clkbuf_3_2_0_clk/A (sky130_fd_sc_hd__clkbuf_8)
                  0.05    0.14    0.71 ^ clkbuf_3_2_0_clk/X (sky130_fd_sc_hd__clkbuf_8)
     2    0.02                           clknet_3_2_0_clk (net)
                  0.05    0.00    0.71 ^ clkbuf_4_4_0_clk/A (sky130_fd_sc_hd__clkbuf_8)
                  0.19    0.25    0.96 ^ clkbuf_4_4_0_clk/X (sky130_fd_sc_hd__clkbuf_8)
    10    0.11                           clknet_4_4_0_clk (net)
                  0.19    0.00    0.96 ^ clkbuf_leaf_24_clk/A (sky130_fd_sc_hd__clkbuf_16)
                  0.06    0.20    1.16 ^ clkbuf_leaf_24_clk/X (sky130_fd_sc_hd__clkbuf_16)
    13    0.04                           clknet_leaf_24_clk (net)
                  0.06    0.00    1.16 ^ _13289_/CLK (sky130_fd_sc_hd__dfxtp_1)
                          0.25    1.41   clock uncertainty
                         -0.05    1.35   clock reconvergence pessimism
                         -0.03    1.33   library hold time
                                  1.33   data required time
-----------------------------------------------------------------------------
                                  1.33   data required time
                                 -1.47   data arrival time
-----------------------------------------------------------------------------
                                  0.14   slack (MET)


Startpoint: _13418_ (rising edge-triggered flip-flop clocked by clk)
Endpoint: _13386_ (rising edge-triggered flip-flop clocked by clk)
Path Group: clk
Path Type: min

Fanout     Cap    Slew   Delay    Time   Description
-----------------------------------------------------------------------------
                          0.00    0.00   clock clk (rise edge)
                          0.00    0.00   clock source latency
                  0.16    0.10    0.10 ^ clk (in)
     1    0.03                           clk (net)
                  0.16    0.00    0.10 ^ clkbuf_0_clk/A (sky130_fd_sc_hd__clkbuf_16)
                  0.04    0.16    0.26 ^ clkbuf_0_clk/X (sky130_fd_sc_hd__clkbuf_16)
     2    0.02                           clknet_0_clk (net)
                  0.04    0.00    0.26 ^ clkbuf_1_0_0_clk/A (sky130_fd_sc_hd__clkbuf_8)
                  0.05    0.13    0.39 ^ clkbuf_1_0_0_clk/X (sky130_fd_sc_hd__clkbuf_8)
     2    0.02                           clknet_1_0_0_clk (net)
                  0.05    0.00    0.39 ^ clkbuf_2_0_0_clk/A (sky130_fd_sc_hd__clkbuf_8)
                  0.05    0.13    0.52 ^ clkbuf_2_0_0_clk/X (sky130_fd_sc_hd__clkbuf_8)
     2    0.02                           clknet_2_0_0_clk (net)
                  0.05    0.00    0.52 ^ clkbuf_3_0_0_clk/A (sky130_fd_sc_hd__clkbuf_8)
                  0.05    0.12    0.65 ^ clkbuf_3_0_0_clk/X (sky130_fd_sc_hd__clkbuf_8)
     2    0.02                           clknet_3_0_0_clk (net)
                  0.05    0.00    0.65 ^ clkbuf_4_1_0_clk/A (sky130_fd_sc_hd__clkbuf_8)
                  0.14    0.19    0.84 ^ clkbuf_4_1_0_clk/X (sky130_fd_sc_hd__clkbuf_8)
     7    0.07                           clknet_4_1_0_clk (net)
                  0.14    0.00    0.84 ^ clkbuf_leaf_3_clk/A (sky130_fd_sc_hd__clkbuf_16)
                  0.05    0.15    0.99 ^ clkbuf_leaf_3_clk/X (sky130_fd_sc_hd__clkbuf_16)
     9    0.02                           clknet_leaf_3_clk (net)
                  0.05    0.00    0.99 ^ _13418_/CLK (sky130_fd_sc_hd__dfxtp_1)
                  0.15    0.36    1.35 ^ _13418_/Q (sky130_fd_sc_hd__dfxtp_1)
     4    0.02                           _164_[4] (net)
                  0.15    0.00    1.35 ^ _10800_/A1 (sky130_fd_sc_hd__a211o_1)
                  0.04    0.13    1.49 ^ _10800_/X (sky130_fd_sc_hd__a211o_1)
     1    0.00                           _00605_ (net)
                  0.04    0.00    1.49 ^ _13386_/D (sky130_fd_sc_hd__dfxtp_1)
                                  1.49   data arrival time

                          0.00    0.00   clock clk (rise edge)
                          0.00    0.00   clock source latency
                  0.16    0.12    0.12 ^ clk (in)
     1    0.03                           clk (net)
                  0.16    0.00    0.12 ^ clkbuf_0_clk/A (sky130_fd_sc_hd__clkbuf_16)
                  0.04    0.17    0.29 ^ clkbuf_0_clk/X (sky130_fd_sc_hd__clkbuf_16)
     2    0.02                           clknet_0_clk (net)
                  0.04    0.00    0.29 ^ clkbuf_1_0_0_clk/A (sky130_fd_sc_hd__clkbuf_8)
                  0.05    0.14    0.43 ^ clkbuf_1_0_0_clk/X (sky130_fd_sc_hd__clkbuf_8)
     2    0.02                           clknet_1_0_0_clk (net)
                  0.05    0.00    0.43 ^ clkbuf_2_1_0_clk/A (sky130_fd_sc_hd__clkbuf_8)
                  0.05    0.14    0.57 ^ clkbuf_2_1_0_clk/X (sky130_fd_sc_hd__clkbuf_8)
     2    0.02                           clknet_2_1_0_clk (net)
                  0.05    0.00    0.58 ^ clkbuf_3_2_0_clk/A (sky130_fd_sc_hd__clkbuf_8)
                  0.05    0.14    0.71 ^ clkbuf_3_2_0_clk/X (sky130_fd_sc_hd__clkbuf_8)
     2    0.02                           clknet_3_2_0_clk (net)
                  0.05    0.00    0.71 ^ clkbuf_4_4_0_clk/A (sky130_fd_sc_hd__clkbuf_8)
                  0.19    0.25    0.96 ^ clkbuf_4_4_0_clk/X (sky130_fd_sc_hd__clkbuf_8)
    10    0.11                           clknet_4_4_0_clk (net)
                  0.19    0.00    0.96 ^ clkbuf_leaf_11_clk/A (sky130_fd_sc_hd__clkbuf_16)
                  0.05    0.18    1.15 ^ clkbuf_leaf_11_clk/X (sky130_fd_sc_hd__clkbuf_16)
     7    0.02                           clknet_leaf_11_clk (net)
                  0.05    0.00    1.15 ^ _13386_/CLK (sky130_fd_sc_hd__dfxtp_1)
                          0.25    1.40   clock uncertainty
                         -0.04    1.36   clock reconvergence pessimism
                         -0.03    1.33   library hold time
                                  1.33   data required time
-----------------------------------------------------------------------------
                                  1.33   data required time
                                 -1.49   data arrival time
-----------------------------------------------------------------------------
                                  0.16   slack (MET)


Startpoint: _13390_ (rising edge-triggered flip-flop clocked by clk)
Endpoint: _13358_ (rising edge-triggered flip-flop clocked by clk)
Path Group: clk
Path Type: min

Fanout     Cap    Slew   Delay    Time   Description
-----------------------------------------------------------------------------
                          0.00    0.00   clock clk (rise edge)
                          0.00    0.00   clock source latency
                  0.16    0.10    0.10 ^ clk (in)
     1    0.03                           clk (net)
                  0.16    0.00    0.10 ^ clkbuf_0_clk/A (sky130_fd_sc_hd__clkbuf_16)
                  0.04    0.16    0.26 ^ clkbuf_0_clk/X (sky130_fd_sc_hd__clkbuf_16)
     2    0.02                           clknet_0_clk (net)
                  0.04    0.00    0.26 ^ clkbuf_1_0_0_clk/A (sky130_fd_sc_hd__clkbuf_8)
                  0.05    0.13    0.39 ^ clkbuf_1_0_0_clk/X (sky130_fd_sc_hd__clkbuf_8)
     2    0.02                           clknet_1_0_0_clk (net)
                  0.05    0.00    0.39 ^ clkbuf_2_0_0_clk/A (sky130_fd_sc_hd__clkbuf_8)
                  0.05    0.13    0.52 ^ clkbuf_2_0_0_clk/X (sky130_fd_sc_hd__clkbuf_8)
     2    0.02                           clknet_2_0_0_clk (net)
                  0.05    0.00    0.52 ^ clkbuf_3_0_0_clk/A (sky130_fd_sc_hd__clkbuf_8)
                  0.05    0.12    0.65 ^ clkbuf_3_0_0_clk/X (sky130_fd_sc_hd__clkbuf_8)
     2    0.02                           clknet_3_0_0_clk (net)
                  0.05    0.00    0.65 ^ clkbuf_4_1_0_clk/A (sky130_fd_sc_hd__clkbuf_8)
                  0.14    0.19    0.84 ^ clkbuf_4_1_0_clk/X (sky130_fd_sc_hd__clkbuf_8)
     7    0.07                           clknet_4_1_0_clk (net)
                  0.14    0.00    0.84 ^ clkbuf_leaf_12_clk/A (sky130_fd_sc_hd__clkbuf_16)
                  0.05    0.16    1.00 ^ clkbuf_leaf_12_clk/X (sky130_fd_sc_hd__clkbuf_16)
    12    0.03                           clknet_leaf_12_clk (net)
                  0.05    0.00    1.00 ^ _13390_/CLK (sky130_fd_sc_hd__dfxtp_1)
                  0.14    0.36    1.36 ^ _13390_/Q (sky130_fd_sc_hd__dfxtp_1)
     4    0.01                           _167_[8] (net)
                  0.14    0.00    1.36 ^ _10702_/A1 (sky130_fd_sc_hd__a211o_1)
                  0.04    0.13    1.49 ^ _10702_/X (sky130_fd_sc_hd__a211o_1)
     1    0.00                           _00577_ (net)
                  0.04    0.00    1.49 ^ _13358_/D (sky130_fd_sc_hd__dfxtp_1)
                                  1.49   data arrival time

                          0.00    0.00   clock clk (rise edge)
                          0.00    0.00   clock source latency
                  0.16    0.12    0.12 ^ clk (in)
     1    0.03                           clk (net)
                  0.16    0.00    0.12 ^ clkbuf_0_clk/A (sky130_fd_sc_hd__clkbuf_16)
                  0.04    0.17    0.29 ^ clkbuf_0_clk/X (sky130_fd_sc_hd__clkbuf_16)
     2    0.02                           clknet_0_clk (net)
                  0.04    0.00    0.29 ^ clkbuf_1_0_0_clk/A (sky130_fd_sc_hd__clkbuf_8)
                  0.05    0.14    0.43 ^ clkbuf_1_0_0_clk/X (sky130_fd_sc_hd__clkbuf_8)
     2    0.02                           clknet_1_0_0_clk (net)
                  0.05    0.00    0.43 ^ clkbuf_2_1_0_clk/A (sky130_fd_sc_hd__clkbuf_8)
                  0.05    0.14    0.57 ^ clkbuf_2_1_0_clk/X (sky130_fd_sc_hd__clkbuf_8)
     2    0.02                           clknet_2_1_0_clk (net)
                  0.05    0.00    0.58 ^ clkbuf_3_2_0_clk/A (sky130_fd_sc_hd__clkbuf_8)
                  0.05    0.14    0.71 ^ clkbuf_3_2_0_clk/X (sky130_fd_sc_hd__clkbuf_8)
     2    0.02                           clknet_3_2_0_clk (net)
                  0.05    0.00    0.71 ^ clkbuf_4_4_0_clk/A (sky130_fd_sc_hd__clkbuf_8)
                  0.19    0.25    0.96 ^ clkbuf_4_4_0_clk/X (sky130_fd_sc_hd__clkbuf_8)
    10    0.11                           clknet_4_4_0_clk (net)
                  0.19    0.00    0.96 ^ clkbuf_leaf_11_clk/A (sky130_fd_sc_hd__clkbuf_16)
                  0.05    0.18    1.15 ^ clkbuf_leaf_11_clk/X (sky130_fd_sc_hd__clkbuf_16)
     7    0.02                           clknet_leaf_11_clk (net)
                  0.05    0.00    1.15 ^ _13358_/CLK (sky130_fd_sc_hd__dfxtp_1)
                          0.25    1.40   clock uncertainty
                         -0.04    1.36   clock reconvergence pessimism
                         -0.03    1.33   library hold time
                                  1.33   data required time
-----------------------------------------------------------------------------
                                  1.33   data required time
                                 -1.49   data arrival time
-----------------------------------------------------------------------------
                                  0.16   slack (MET)


Startpoint: _13275_ (rising edge-triggered flip-flop clocked by clk)
Endpoint: _13243_ (rising edge-triggered flip-flop clocked by clk)
Path Group: clk
Path Type: min

Fanout     Cap    Slew   Delay    Time   Description
-----------------------------------------------------------------------------
                          0.00    0.00   clock clk (rise edge)
                          0.00    0.00   clock source latency
                  0.16    0.10    0.10 ^ clk (in)
     1    0.03                           clk (net)
                  0.16    0.00    0.10 ^ clkbuf_0_clk/A (sky130_fd_sc_hd__clkbuf_16)
                  0.04    0.16    0.26 ^ clkbuf_0_clk/X (sky130_fd_sc_hd__clkbuf_16)
     2    0.02                           clknet_0_clk (net)
                  0.04    0.00    0.26 ^ clkbuf_1_0_0_clk/A (sky130_fd_sc_hd__clkbuf_8)
                  0.05    0.13    0.39 ^ clkbuf_1_0_0_clk/X (sky130_fd_sc_hd__clkbuf_8)
     2    0.02                           clknet_1_0_0_clk (net)
                  0.05    0.00    0.39 ^ clkbuf_2_0_0_clk/A (sky130_fd_sc_hd__clkbuf_8)
                  0.05    0.13    0.52 ^ clkbuf_2_0_0_clk/X (sky130_fd_sc_hd__clkbuf_8)
     2    0.02                           clknet_2_0_0_clk (net)
                  0.05    0.00    0.52 ^ clkbuf_3_0_0_clk/A (sky130_fd_sc_hd__clkbuf_8)
                  0.05    0.12    0.65 ^ clkbuf_3_0_0_clk/X (sky130_fd_sc_hd__clkbuf_8)
     2    0.02                           clknet_3_0_0_clk (net)
                  0.05    0.00    0.65 ^ clkbuf_4_1_0_clk/A (sky130_fd_sc_hd__clkbuf_8)
                  0.14    0.19    0.84 ^ clkbuf_4_1_0_clk/X (sky130_fd_sc_hd__clkbuf_8)
     7    0.07                           clknet_4_1_0_clk (net)
                  0.14    0.00    0.84 ^ clkbuf_leaf_4_clk/A (sky130_fd_sc_hd__clkbuf_16)
                  0.05    0.16    1.00 ^ clkbuf_leaf_4_clk/X (sky130_fd_sc_hd__clkbuf_16)
    11    0.03                           clknet_leaf_4_clk (net)
                  0.05    0.00    1.00 ^ _13275_/CLK (sky130_fd_sc_hd__dfxtp_2)
                  0.14    0.37    1.37 ^ _13275_/Q (sky130_fd_sc_hd__dfxtp_2)
     4    0.03                           _179_[21] (net)
                  0.14    0.00    1.37 ^ _10323_/A1 (sky130_fd_sc_hd__a21o_1)
                  0.03    0.12    1.49 ^ _10323_/X (sky130_fd_sc_hd__a21o_1)
     1    0.00                           _00462_ (net)
                  0.03    0.00    1.49 ^ _13243_/D (sky130_fd_sc_hd__dfxtp_1)
                                  1.49   data arrival time

                          0.00    0.00   clock clk (rise edge)
                          0.00    0.00   clock source latency
                  0.16    0.12    0.12 ^ clk (in)
     1    0.03                           clk (net)
                  0.16    0.00    0.12 ^ clkbuf_0_clk/A (sky130_fd_sc_hd__clkbuf_16)
                  0.04    0.17    0.29 ^ clkbuf_0_clk/X (sky130_fd_sc_hd__clkbuf_16)
     2    0.02                           clknet_0_clk (net)
                  0.04    0.00    0.29 ^ clkbuf_1_0_0_clk/A (sky130_fd_sc_hd__clkbuf_8)
                  0.05    0.14    0.43 ^ clkbuf_1_0_0_clk/X (sky130_fd_sc_hd__clkbuf_8)
     2    0.02                           clknet_1_0_0_clk (net)
                  0.05    0.00    0.43 ^ clkbuf_2_1_0_clk/A (sky130_fd_sc_hd__clkbuf_8)
                  0.05    0.14    0.57 ^ clkbuf_2_1_0_clk/X (sky130_fd_sc_hd__clkbuf_8)
     2    0.02                           clknet_2_1_0_clk (net)
                  0.05    0.00    0.58 ^ clkbuf_3_2_0_clk/A (sky130_fd_sc_hd__clkbuf_8)
                  0.05    0.14    0.71 ^ clkbuf_3_2_0_clk/X (sky130_fd_sc_hd__clkbuf_8)
     2    0.02                           clknet_3_2_0_clk (net)
                  0.05    0.00    0.71 ^ clkbuf_4_4_0_clk/A (sky130_fd_sc_hd__clkbuf_8)
                  0.19    0.25    0.96 ^ clkbuf_4_4_0_clk/X (sky130_fd_sc_hd__clkbuf_8)
    10    0.11                           clknet_4_4_0_clk (net)
                  0.19    0.00    0.96 ^ clkbuf_leaf_6_clk/A (sky130_fd_sc_hd__clkbuf_16)
                  0.04    0.18    1.14 ^ clkbuf_leaf_6_clk/X (sky130_fd_sc_hd__clkbuf_16)
     5    0.02                           clknet_leaf_6_clk (net)
                  0.04    0.00    1.14 ^ _13243_/CLK (sky130_fd_sc_hd__dfxtp_1)
                          0.25    1.39   clock uncertainty
                         -0.04    1.35   clock reconvergence pessimism
                         -0.03    1.32   library hold time
                                  1.32   data required time
-----------------------------------------------------------------------------
                                  1.32   data required time
                                 -1.49   data arrival time
-----------------------------------------------------------------------------
                                  0.17   slack (MET)


