Thu Dec 05 16:00:43 UTC 2024 - Executing "openroad -exit -no_init -python /openlane/scripts/odbpy/lefutil.py get_metal_layers -o /openlane/designs/sha256/runs/RUN_2024.12.05_16.00.43/tmp/layers.list /home/hwani/Desktop/pdk/sky130A/libs.ref/sky130_fd_sc_hd/techlef/sky130_fd_sc_hd__nom.tlef"

Thu Dec 05 16:00:43 UTC 2024 - Executing "/openlane/scripts/mergeLef.py -o /openlane/designs/sha256/runs/RUN_2024.12.05_16.00.43/tmp/merged.nom.lef -i /home/hwani/Desktop/pdk/sky130A/libs.ref/sky130_fd_sc_hd/techlef/sky130_fd_sc_hd__nom.tlef {/home/hwani/Desktop/pdk/sky130A/libs.ref/sky130_fd_sc_hd/lef/sky130_ef_sc_hd.lef /home/hwani/Desktop/pdk/sky130A/libs.ref/sky130_fd_sc_hd/lef/sky130_fd_sc_hd.lef} |& tee /dev/null"

Thu Dec 05 16:00:43 UTC 2024 - Executing "/openlane/scripts/mergeLef.py -o /openlane/designs/sha256/runs/RUN_2024.12.05_16.00.43/tmp/merged.min.lef -i /home/hwani/Desktop/pdk/sky130A/libs.ref/sky130_fd_sc_hd/techlef/sky130_fd_sc_hd__min.tlef {/home/hwani/Desktop/pdk/sky130A/libs.ref/sky130_fd_sc_hd/lef/sky130_ef_sc_hd.lef /home/hwani/Desktop/pdk/sky130A/libs.ref/sky130_fd_sc_hd/lef/sky130_fd_sc_hd.lef} |& tee /dev/null"

Thu Dec 05 16:00:43 UTC 2024 - Executing "/openlane/scripts/mergeLef.py -o /openlane/designs/sha256/runs/RUN_2024.12.05_16.00.43/tmp/merged.max.lef -i /home/hwani/Desktop/pdk/sky130A/libs.ref/sky130_fd_sc_hd/techlef/sky130_fd_sc_hd__max.tlef {/home/hwani/Desktop/pdk/sky130A/libs.ref/sky130_fd_sc_hd/lef/sky130_ef_sc_hd.lef /home/hwani/Desktop/pdk/sky130A/libs.ref/sky130_fd_sc_hd/lef/sky130_fd_sc_hd.lef} |& tee /dev/null"

Thu Dec 05 16:00:44 UTC 2024 - Executing "python3 /openlane/scripts/mergeLib.py --output /openlane/designs/sha256/runs/RUN_2024.12.05_16.00.43/tmp/synthesis/merged.lib --name sky130A_merged /home/hwani/Desktop/pdk/sky130A/libs.ref/sky130_fd_sc_hd/lib/sky130_fd_sc_hd__tt_025C_1v80.lib"

Thu Dec 05 16:00:44 UTC 2024 - Executing "python3 /openlane/scripts/libtrim.py --cell-file /openlane/designs/sha256/runs/RUN_2024.12.05_16.00.43/tmp/synthesis/trimmed.lib.exclude.list --output /openlane/designs/sha256/runs/RUN_2024.12.05_16.00.43/tmp/synthesis/trimmed.lib /openlane/designs/sha256/runs/RUN_2024.12.05_16.00.43/tmp/synthesis/merged.lib"

Thu Dec 05 16:00:44 UTC 2024 - Executing "python3 /openlane/scripts/libtrim.py --cell-file /openlane/designs/sha256/runs/RUN_2024.12.05_16.00.43/tmp/cts/cts.lib.exclude.list --output /openlane/designs/sha256/runs/RUN_2024.12.05_16.00.43/tmp/cts/cts.lib /home/hwani/Desktop/pdk/sky130A/libs.ref/sky130_fd_sc_hd/lib/sky130_fd_sc_hd__tt_025C_1v80.lib"

Thu Dec 05 16:00:44 UTC 2024 - Executing "python3 /openlane/scripts/new_tracks.py -i /home/hwani/Desktop/pdk/sky130A/libs.tech/openlane/sky130_fd_sc_hd/tracks.info -o /openlane/designs/sha256/runs/RUN_2024.12.05_16.00.43/tmp/routing/config.tracks"

Thu Dec 05 16:00:44 UTC 2024 - Executing "echo {OpenLane cb59d1f84deb5cedbb5b0a3e3f3b4129a967c988} > /openlane/designs/sha256/runs/RUN_2024.12.05_16.00.43/OPENLANE_VERSION"

Thu Dec 05 16:00:45 UTC 2024 - Executing "sed -E {s/^([[:space:]]+)pg_pin(.*)/\1pin\2\n\1    direction : "inout";/g} /home/hwani/Desktop/pdk/sky130A/libs.ref/sky130_fd_sc_hd/lib/sky130_fd_sc_hd__tt_025C_1v80.lib > /openlane/designs/sha256/runs/RUN_2024.12.05_16.00.43/tmp/synthesis/1-sky130_fd_sc_hd__tt_025C_1v80.no_pg.lib"

Thu Dec 05 16:00:45 UTC 2024 - Executing "sed -E {s/^([[:space:]]+)pg_pin(.*)/\1pin\2\n\1    direction : "inout";/g} /openlane/designs/sha256/runs/RUN_2024.12.05_16.00.43/tmp/synthesis/trimmed.lib > /openlane/designs/sha256/runs/RUN_2024.12.05_16.00.43/tmp/synthesis/1-trimmed.no_pg.lib"

Thu Dec 05 16:00:45 UTC 2024 - Executing "yosys -c /openlane/scripts/yosys/synth.tcl |& tee /dev/null /openlane/designs/sha256/runs/RUN_2024.12.05_16.00.43/logs/synthesis/1-synthesis.log"

Thu Dec 05 16:01:06 UTC 2024 - Executing "sed -i -e {s/\(set ::env(CURRENT_NETLIST)\).*/\1 \/openlane\/designs\/sha256\/runs\/RUN_2024.12.05_16.00.43\/results\/synthesis\/sha2_top.v/} /openlane/designs/sha256/runs/RUN_2024.12.05_16.00.43/config.tcl"

Thu Dec 05 16:01:06 UTC 2024 - Executing "sed -i /defparam/d /openlane/designs/sha256/runs/RUN_2024.12.05_16.00.43/results/synthesis/sha2_top.v"

Thu Dec 05 16:01:06 UTC 2024 - Executing "openroad -exit /openlane/scripts/openroad/sta.tcl |& tee /dev/null /openlane/designs/sha256/runs/RUN_2024.12.05_16.00.43/logs/synthesis/2-sta.log"

Thu Dec 05 16:01:07 UTC 2024 - Executing "openroad -exit /openlane/scripts/openroad/floorplan.tcl |& tee /dev/null /openlane/designs/sha256/runs/RUN_2024.12.05_16.00.43/logs/floorplan/3-initial_fp.log"

Thu Dec 05 16:01:08 UTC 2024 - Executing "openroad -exit /openlane/scripts/openroad/floorplan.tcl |& tee /dev/null /openlane/designs/sha256/runs/RUN_2024.12.05_16.00.43/logs/floorplan/3-initial_fp.log"

Thu Dec 05 16:01:08 UTC 2024 - Executing "openroad -exit -no_init -python /openlane/scripts/odbpy/defutil.py extract_core_dims --output-data /openlane/designs/sha256/runs/RUN_2024.12.05_16.00.43/tmp/dimensions.txt --input-lef /openlane/designs/sha256/runs/RUN_2024.12.05_16.00.43/tmp/merged.nom.lef /openlane/designs/sha256/runs/RUN_2024.12.05_16.00.43/tmp/floorplan/3-initial_fp.def"

Thu Dec 05 16:01:09 UTC 2024 - Executing "openroad -exit /openlane/scripts/openroad/ioplacer.tcl |& tee /dev/null /openlane/designs/sha256/runs/RUN_2024.12.05_16.00.43/logs/floorplan/4-io.log"

Thu Dec 05 16:01:09 UTC 2024 - Executing "openroad -exit /openlane/scripts/openroad/tapcell.tcl |& tee /dev/null /openlane/designs/sha256/runs/RUN_2024.12.05_16.00.43/logs/floorplan/5-tap.log"

Thu Dec 05 16:01:10 UTC 2024 - Executing "openroad -exit /openlane/scripts/openroad/pdn.tcl |& tee /dev/null /openlane/designs/sha256/runs/RUN_2024.12.05_16.00.43/logs/floorplan/6-pdn.log"

Thu Dec 05 16:01:11 UTC 2024 - Executing "openroad -exit /openlane/scripts/openroad/gpl.tcl |& tee /dev/null /openlane/designs/sha256/runs/RUN_2024.12.05_16.00.43/logs/placement/7-global.log"

Thu Dec 05 16:01:31 UTC 2024 - Executing "openroad -exit /openlane/scripts/openroad/resizer.tcl |& tee /dev/null /openlane/designs/sha256/runs/RUN_2024.12.05_16.00.43/logs/placement/8-resizer.log"

Thu Dec 05 16:01:36 UTC 2024 - Executing "sed -i -e {s/\(set ::env(CURRENT_NETLIST)\).*/\1 \/openlane\/designs\/sha256\/runs\/RUN_2024.12.05_16.00.43\/tmp\/placement\/8-resizer.nl.v/} /openlane/designs/sha256/runs/RUN_2024.12.05_16.00.43/config.tcl"

Thu Dec 05 16:01:36 UTC 2024 - Executing "openroad -exit /openlane/scripts/openroad/dpl.tcl |& tee /dev/null /openlane/designs/sha256/runs/RUN_2024.12.05_16.00.43/logs/placement/9-detailed.log"

Thu Dec 05 16:01:37 UTC 2024 - Executing "sed -i -e {s/\(set ::env(CURRENT_NETLIST)\).*/\1 \/openlane\/designs\/sha256\/runs\/RUN_2024.12.05_16.00.43\/results\/placement\/sha2_top.nl.v/} /openlane/designs/sha256/runs/RUN_2024.12.05_16.00.43/config.tcl"

Thu Dec 05 16:01:37 UTC 2024 - Executing "openroad -exit /openlane/scripts/openroad/cts.tcl |& tee /dev/null /openlane/designs/sha256/runs/RUN_2024.12.05_16.00.43/logs/cts/10-cts.log"

Thu Dec 05 16:02:11 UTC 2024 - Executing "openroad -exit /openlane/scripts/openroad/resizer_timing.tcl |& tee /dev/null /openlane/designs/sha256/runs/RUN_2024.12.05_16.00.43/logs/cts/11-resizer.log"

Thu Dec 05 16:02:15 UTC 2024 - Executing "sed -i -e {s/\(set ::env(CURRENT_NETLIST)\).*/\1 \/openlane\/designs\/sha256\/runs\/RUN_2024.12.05_16.00.43\/tmp\/cts\/11-sha2_top.resized.nl.v/} /openlane/designs/sha256/runs/RUN_2024.12.05_16.00.43/config.tcl"

Thu Dec 05 16:02:15 UTC 2024 - Executing "openroad -exit /openlane/scripts/openroad/resizer_routing_timing.tcl |& tee /dev/null /openlane/designs/sha256/runs/RUN_2024.12.05_16.00.43/logs/routing/12-resizer.log"

Thu Dec 05 16:02:19 UTC 2024 - Executing "sed -i -e {s/\(set ::env(CURRENT_NETLIST)\).*/\1 \/openlane\/designs\/sha256\/runs\/RUN_2024.12.05_16.00.43\/tmp\/12-sha2_top.nl.v/} /openlane/designs/sha256/runs/RUN_2024.12.05_16.00.43/config.tcl"

Thu Dec 05 16:02:19 UTC 2024 - Executing "openroad -exit /openlane/scripts/openroad/dpl.tcl |& tee /dev/null /openlane/designs/sha256/runs/RUN_2024.12.05_16.00.43/logs/routing/13-diode_legalization.log"

Thu Dec 05 16:02:20 UTC 2024 - Executing "sed -i -e {s/\(set ::env(CURRENT_NETLIST)\).*/\1 \/openlane\/designs\/sha256\/runs\/RUN_2024.12.05_16.00.43\/tmp\/routing\/diode.nl.v/} /openlane/designs/sha256/runs/RUN_2024.12.05_16.00.43/config.tcl"

Thu Dec 05 16:02:20 UTC 2024 - Executing "openroad -exit /openlane/scripts/openroad/groute.tcl |& tee /dev/null /openlane/designs/sha256/runs/RUN_2024.12.05_16.00.43/logs/routing/14-global.log"

Thu Dec 05 16:02:25 UTC 2024 - Executing "openroad -exit -no_init -python /openlane/scripts/odbpy/defutil.py replace_instance_prefixes --original-prefix ANTENNA --new-prefix INSDIODE1 --input-lef /openlane/designs/sha256/runs/RUN_2024.12.05_16.00.43/tmp/merged.nom.lef --output-def /openlane/designs/sha256/runs/RUN_2024.12.05_16.00.43/tmp/routing/diode.def --output /openlane/designs/sha256/runs/RUN_2024.12.05_16.00.43/tmp/routing/diode.odb /openlane/designs/sha256/runs/RUN_2024.12.05_16.00.43/tmp/routing/diode.odb |& tee /dev/null /openlane/designs/sha256/runs/RUN_2024.12.05_16.00.43/logs/routing/14-antenna_diodes_1.log"

Thu Dec 05 16:02:26 UTC 2024 - Executing "openroad -exit /openlane/scripts/openroad/groute.tcl |& tee /dev/null /openlane/designs/sha256/runs/RUN_2024.12.05_16.00.43/logs/routing/14-antenna_route_1.log"

Thu Dec 05 16:02:31 UTC 2024 - Executing "openroad -exit /openlane/scripts/openroad/write_views.tcl |& tee /dev/null /openlane/designs/sha256/runs/RUN_2024.12.05_16.00.43/logs/routing/14-global_write_netlist.log"

Thu Dec 05 16:02:32 UTC 2024 - Executing "sed -i -e {s/\(set ::env(CURRENT_NETLIST)\).*/\1 \/openlane\/designs\/sha256\/runs\/RUN_2024.12.05_16.00.43\/tmp\/routing\/global.nl.v/} /openlane/designs/sha256/runs/RUN_2024.12.05_16.00.43/config.tcl"

Thu Dec 05 16:02:32 UTC 2024 - Executing "openroad -exit /openlane/scripts/openroad/fill.tcl |& tee /dev/null /openlane/designs/sha256/runs/RUN_2024.12.05_16.00.43/logs/routing/16-fill.log"

Thu Dec 05 16:02:33 UTC 2024 - Executing "sed -i -e {s/\(set ::env(CURRENT_NETLIST)\).*/\1 \/openlane\/designs\/sha256\/runs\/RUN_2024.12.05_16.00.43\/tmp\/routing\/16-fill.nl.v/} /openlane/designs/sha256/runs/RUN_2024.12.05_16.00.43/config.tcl"

Thu Dec 05 16:02:33 UTC 2024 - Executing "openroad -exit /openlane/scripts/openroad/droute.tcl |& tee /dev/null /openlane/designs/sha256/runs/RUN_2024.12.05_16.00.43/logs/routing/17-detailed.log"

Thu Dec 05 16:14:09 UTC 2024 - Executing "sed -i -e {s/\(set ::env(CURRENT_NETLIST)\).*/\1 \/openlane\/designs\/sha256\/runs\/RUN_2024.12.05_16.00.43\/results\/routing\/sha2_top.nl.v/} /openlane/designs/sha256/runs/RUN_2024.12.05_16.00.43/config.tcl"

Thu Dec 05 16:14:09 UTC 2024 - Executing "python3 /openlane/scripts/drc_rosetta.py tr to_klayout -o /openlane/designs/sha256/runs/RUN_2024.12.05_16.00.43/reports/routing/drt.klayout.xml --design-name sha2_top /openlane/designs/sha256/runs/RUN_2024.12.05_16.00.43/reports/routing/drt.drc"

Thu Dec 05 16:14:10 UTC 2024 - Executing "openroad -exit -no_init -python /openlane/scripts/odbpy/wire_lengths.py --report-out /openlane/designs/sha256/runs/RUN_2024.12.05_16.00.43/reports/routing/18-wire_lengths.csv --input-lef /openlane/designs/sha256/runs/RUN_2024.12.05_16.00.43/tmp/merged.nom.lef --output-def /dev/null --output /openlane/designs/sha256/runs/RUN_2024.12.05_16.00.43/results/routing/sha2_top.odb /openlane/designs/sha256/runs/RUN_2024.12.05_16.00.43/results/routing/sha2_top.odb |& tee /dev/null /openlane/designs/sha256/runs/RUN_2024.12.05_16.00.43/logs/routing/18-wire_lengths.log"

Thu Dec 05 16:14:11 UTC 2024 - Executing "openroad -exit /openlane/scripts/openroad/rcx.tcl |& tee /dev/null /openlane/designs/sha256/runs/RUN_2024.12.05_16.00.43/logs/signoff/19-parasitics_extraction.min.log"

Thu Dec 05 16:14:14 UTC 2024 - Executing "openroad -exit /openlane/scripts/openroad/sta_multi_corner.tcl |& tee /dev/null /openlane/designs/sha256/runs/RUN_2024.12.05_16.00.43/logs/signoff/20-rcx_mcsta.min.log"

Thu Dec 05 16:14:35 UTC 2024 - Executing "openroad -exit /openlane/scripts/openroad/rcx.tcl |& tee /dev/null /openlane/designs/sha256/runs/RUN_2024.12.05_16.00.43/logs/signoff/21-parasitics_extraction.max.log"

Thu Dec 05 16:14:39 UTC 2024 - Executing "openroad -exit /openlane/scripts/openroad/sta_multi_corner.tcl |& tee /dev/null /openlane/designs/sha256/runs/RUN_2024.12.05_16.00.43/logs/signoff/22-rcx_mcsta.max.log"

Thu Dec 05 16:14:59 UTC 2024 - Executing "openroad -exit /openlane/scripts/openroad/rcx.tcl |& tee /dev/null /openlane/designs/sha256/runs/RUN_2024.12.05_16.00.43/logs/signoff/23-parasitics_extraction.nom.log"

Thu Dec 05 16:15:03 UTC 2024 - Executing "openroad -exit /openlane/scripts/openroad/sta_multi_corner.tcl |& tee /dev/null /openlane/designs/sha256/runs/RUN_2024.12.05_16.00.43/logs/signoff/24-rcx_mcsta.nom.log"

Thu Dec 05 16:15:22 UTC 2024 - Executing "openroad -exit /openlane/scripts/openroad/sta.tcl |& tee /dev/null /openlane/designs/sha256/runs/RUN_2024.12.05_16.00.43/logs/signoff/25-rcx_sta.log"

Thu Dec 05 16:15:25 UTC 2024 - Executing "openroad -exit /openlane/scripts/openroad/irdrop.tcl |& tee /dev/null /openlane/designs/sha256/runs/RUN_2024.12.05_16.00.43/logs/signoff/26-irdrop.log"

Thu Dec 05 16:15:27 UTC 2024 - Executing "magic -noconsole -dnull -rcfile /home/hwani/Desktop/pdk/sky130A/libs.tech/magic/sky130A.magicrc < /openlane/scripts/magic/def/mag_gds.tcl |& tee /dev/null /openlane/designs/sha256/runs/RUN_2024.12.05_16.00.43/logs/signoff/27-gdsii.log"

Thu Dec 05 16:15:32 UTC 2024 - Executing "magic -noconsole -dnull -rcfile /home/hwani/Desktop/pdk/sky130A/libs.tech/magic/sky130A.magicrc < /openlane/scripts/magic/gds/mag_with_pointers.tcl |& tee /dev/null /openlane/designs/sha256/runs/RUN_2024.12.05_16.00.43/logs/signoff/27-gds_ptrs.log"

Thu Dec 05 16:15:36 UTC 2024 - Executing "sed -i -n {/^<< properties >>/,/^<< end >>/p} /openlane/designs/sha256/runs/RUN_2024.12.05_16.00.43/tmp/signoff/gds_ptrs.mag"

Thu Dec 05 16:15:36 UTC 2024 - Executing "magic -noconsole -dnull -rcfile /home/hwani/Desktop/pdk/sky130A/libs.tech/magic/sky130A.magicrc < /openlane/scripts/magic/mag/lef.tcl |& tee /dev/null /openlane/designs/sha256/runs/RUN_2024.12.05_16.00.43/logs/signoff/27-lef.log"

Thu Dec 05 16:15:40 UTC 2024 - Executing "magic -noconsole -dnull -rcfile /home/hwani/Desktop/pdk/sky130A/libs.tech/magic/sky130A.magicrc < /openlane/scripts/magic/lef/maglef.tcl |& tee /dev/null /openlane/designs/sha256/runs/RUN_2024.12.05_16.00.43/logs/signoff/27-maglef.log"

Thu Dec 05 16:15:40 UTC 2024 - Executing "klayout -b -rm /openlane/scripts/klayout/def2gds.py -rd out_gds=/openlane/designs/sha256/runs/RUN_2024.12.05_16.00.43/results/signoff/sha2_top.klayout.gds -rd tech_file=/home/hwani/Desktop/pdk/sky130A/libs.tech/klayout/tech/sky130A.lyt -rd design_name=sha2_top -rd in_def=/openlane/designs/sha256/runs/RUN_2024.12.05_16.00.43/results/routing/sha2_top.def -rd {in_gds=/home/hwani/Desktop/pdk/sky130A/libs.ref/sky130_fd_sc_hd/gds/sky130_fd_sc_hd.gds } -rd config_file= -rd seal_gds= -rd lef_file=/openlane/designs/sha256/runs/RUN_2024.12.05_16.00.43/tmp/merged.nom.lef |& tee /dev/null /openlane/designs/sha256/runs/RUN_2024.12.05_16.00.43/logs/signoff/28-gdsii-klayout.log"

Thu Dec 05 16:15:42 UTC 2024 - Executing "bash /openlane/scripts/klayout/xor.sh /openlane/designs/sha256/runs/RUN_2024.12.05_16.00.43/results/signoff/sha2_top.gds /openlane/designs/sha256/runs/RUN_2024.12.05_16.00.43/results/signoff/sha2_top.klayout.gds sha2_top /openlane/designs/sha256/runs/RUN_2024.12.05_16.00.43/reports/signoff/sha2_top.xor.gds |& tee /dev/null /openlane/designs/sha256/runs/RUN_2024.12.05_16.00.43/logs/signoff/29-xor.log"

Thu Dec 05 16:15:53 UTC 2024 - Executing "python3 /openlane/scripts/parse_klayout_xor_log.py -l /openlane/designs/sha256/runs/RUN_2024.12.05_16.00.43/logs/signoff/29-xor.log -o /openlane/designs/sha256/runs/RUN_2024.12.05_16.00.43/reports/signoff/29-xor.rpt"

Thu Dec 05 16:15:53 UTC 2024 - Executing "bash /openlane/scripts/klayout/xor.sh /openlane/designs/sha256/runs/RUN_2024.12.05_16.00.43/results/signoff/sha2_top.gds /openlane/designs/sha256/runs/RUN_2024.12.05_16.00.43/results/signoff/sha2_top.klayout.gds sha2_top /openlane/designs/sha256/runs/RUN_2024.12.05_16.00.43/reports/signoff/sha2_top.xor.xml |& tee /dev/null /openlane/designs/sha256/runs/RUN_2024.12.05_16.00.43/logs/signoff/29-xor.log"

Thu Dec 05 16:16:07 UTC 2024 - Executing "python3 /openlane/scripts/parse_klayout_xor_log.py -l /openlane/designs/sha256/runs/RUN_2024.12.05_16.00.43/logs/signoff/29-xor.log -o /openlane/designs/sha256/runs/RUN_2024.12.05_16.00.43/reports/signoff/29-xor.rpt"

Thu Dec 05 16:16:07 UTC 2024 - Executing "magic -noconsole -dnull -rcfile /home/hwani/Desktop/pdk/sky130A/libs.tech/magic/sky130A.magicrc < /openlane/scripts/magic/extract_spice.tcl |& tee /dev/null /openlane/designs/sha256/runs/RUN_2024.12.05_16.00.43/logs/signoff/30-spice.log"

Thu Dec 05 16:16:22 UTC 2024 - Executing "openroad -exit -no_init -python /openlane/scripts/odbpy/power_utils.py write_powered_def --output /openlane/designs/sha256/runs/RUN_2024.12.05_16.00.43/tmp/signoff/30-sha2_top.p.def --input-lef /openlane/designs/sha256/runs/RUN_2024.12.05_16.00.43/tmp/merged.nom.lef --power-port VPWR --ground-port VGND --powered-netlist {} /openlane/designs/sha256/runs/RUN_2024.12.05_16.00.43/results/routing/sha2_top.def |& tee /dev/null /openlane/designs/sha256/runs/RUN_2024.12.05_16.00.43/logs/signoff/31-write_powered_def.log"

Thu Dec 05 16:16:23 UTC 2024 - Executing "openroad -exit /openlane/scripts/openroad/write_views.tcl |& tee /dev/null /openlane/designs/sha256/runs/RUN_2024.12.05_16.00.43/logs/signoff/31-write_powered_verilog.log"

Thu Dec 05 16:16:24 UTC 2024 - Executing "sed -i -e {s/\(set ::env(CURRENT_NETLIST)\).*/\1 \/openlane\/designs\/sha256\/runs\/RUN_2024.12.05_16.00.43\/tmp\/signoff\/30-sha2_top.nl.v/} /openlane/designs/sha256/runs/RUN_2024.12.05_16.00.43/config.tcl"

Thu Dec 05 16:16:24 UTC 2024 - Executing "netgen -batch source /openlane/designs/sha256/runs/RUN_2024.12.05_16.00.43/tmp/signoff/33-setup_file.lef.lvs |& tee /dev/null /openlane/designs/sha256/runs/RUN_2024.12.05_16.00.43/logs/signoff/33-lvs.lef.log"

Thu Dec 05 16:16:26 UTC 2024 - Executing "magic -noconsole -dnull -rcfile /home/hwani/Desktop/pdk/sky130A/libs.tech/magic/sky130A.magicrc < /openlane/scripts/magic/drc.tcl |& tee /dev/null /openlane/designs/sha256/runs/RUN_2024.12.05_16.00.43/logs/signoff/34-drc.log"

Thu Dec 05 16:17:23 UTC 2024 - Executing "python3 /openlane/scripts/drc_rosetta.py magic to_tcl -o /openlane/designs/sha256/runs/RUN_2024.12.05_16.00.43/reports/signoff/drc.tcl /openlane/designs/sha256/runs/RUN_2024.12.05_16.00.43/reports/signoff/drc.rpt"

Thu Dec 05 16:17:23 UTC 2024 - Executing "python3 /openlane/scripts/drc_rosetta.py magic to_tr -o /openlane/designs/sha256/runs/RUN_2024.12.05_16.00.43/reports/signoff/drc.tr /openlane/designs/sha256/runs/RUN_2024.12.05_16.00.43/reports/signoff/drc.rpt"

Thu Dec 05 16:17:23 UTC 2024 - Executing "python3 /openlane/scripts/drc_rosetta.py tr to_klayout -o /openlane/designs/sha256/runs/RUN_2024.12.05_16.00.43/reports/signoff/drc.klayout.xml --design-name sha2_top /openlane/designs/sha256/runs/RUN_2024.12.05_16.00.43/reports/signoff/drc.tr"

Thu Dec 05 16:17:23 UTC 2024 - Executing "python3 /openlane/scripts/drc_rosetta.py magic to_rdb -o /openlane/designs/sha256/runs/RUN_2024.12.05_16.00.43/reports/signoff/drc.rdb /openlane/designs/sha256/runs/RUN_2024.12.05_16.00.43/reports/signoff/drc.rpt"

Thu Dec 05 16:17:23 UTC 2024 - Executing "openroad -exit /openlane/scripts/openroad/antenna_check.tcl |& tee /dev/null /openlane/designs/sha256/runs/RUN_2024.12.05_16.00.43/logs/signoff/35-antenna.log"

Thu Dec 05 16:17:24 UTC 2024 - Executing "python3 /openlane/scripts/extract_antenna_violators.py --output /openlane/designs/sha256/runs/RUN_2024.12.05_16.00.43/reports/signoff/35-antenna_violators.rpt /openlane/designs/sha256/runs/RUN_2024.12.05_16.00.43/logs/signoff/35-antenna.log"

Thu Dec 05 16:17:25 UTC 2024 - Executing "awk -v vdd=VPWR -v gnd=VGND -f /home/hwani/Desktop/pdk/sky130A/libs.tech/openlane/cvc/power.awk /openlane/designs/sha256/runs/RUN_2024.12.05_16.00.43/tmp/signoff/30-sha2_top.nl.v > /openlane/designs/sha256/runs/RUN_2024.12.05_16.00.43/tmp/signoff/sha2_top.power"

Thu Dec 05 16:17:25 UTC 2024 - Executing "awk -f /home/hwani/Desktop/pdk/sky130A/libs.tech/openlane/cvc/cdl.awk /home/hwani/Desktop/pdk/sky130A/libs.ref/sky130_fd_sc_hd/cdl/sky130_fd_sc_hd.cdl /openlane/designs/sha256/runs/RUN_2024.12.05_16.00.43/results/signoff/sha2_top.lef.spice > /openlane/designs/sha256/runs/RUN_2024.12.05_16.00.43/tmp/signoff/sha2_top.cdl"

Thu Dec 05 16:17:25 UTC 2024 - Executing "cvc_rv /home/hwani/Desktop/pdk/sky130A/libs.tech/openlane/cvc/cvcrc |& tee /dev/null /openlane/designs/sha256/runs/RUN_2024.12.05_16.00.43/logs/signoff/36-erc_screen.log"

Thu Dec 05 16:17:26 UTC 2024 - Executing "python3 /openlane/scripts/generate_reports.py -d /openlane/designs/sha256 --design_name sha2_top --tag RUN_2024.12.05_16.00.43 --output_file /openlane/designs/sha256/runs/RUN_2024.12.05_16.00.43/reports/metrics.csv --man_report /openlane/designs/sha256/runs/RUN_2024.12.05_16.00.43/reports/manufacturability.rpt --run_path /openlane/designs/sha256/runs/RUN_2024.12.05_16.00.43"

