
===========================================================================
report_checks -path_delay max (Setup)
============================================================================
Startpoint: rst (input port clocked by clk)
Endpoint: _13185_ (recovery check against rising-edge clock clk)
Path Group: **async_default**
Path Type: max

Fanout     Cap    Slew   Delay    Time   Description
-----------------------------------------------------------------------------
                  0.15    0.00    0.00   clock clk (rise edge)
                          0.00    0.00   clock network delay (ideal)
                          2.00    2.00 v input external delay
                  0.05    0.04    2.04 v rst (in)
     6    0.02                           rst (net)
                  0.05    0.00    2.04 v _06756_/B1 (sky130_fd_sc_hd__a21o_2)
                  0.05    0.21    2.25 v _06756_/X (sky130_fd_sc_hd__a21o_2)
     3    0.01                           _01416_ (net)
                  0.05    0.00    2.25 v _06757_/A (sky130_fd_sc_hd__buf_1)
                  0.12    0.17    2.43 v _06757_/X (sky130_fd_sc_hd__buf_1)
    10    0.02                           _01417_ (net)
                  0.12    0.00    2.43 v _06758_/A (sky130_fd_sc_hd__buf_1)
                  0.12    0.21    2.63 v _06758_/X (sky130_fd_sc_hd__buf_1)
    10    0.02                           _01418_ (net)
                  0.12    0.00    2.63 v _09463_/A (sky130_fd_sc_hd__buf_1)
                  0.24    0.30    2.94 v _09463_/X (sky130_fd_sc_hd__buf_1)
    10    0.04                           _03866_ (net)
                  0.24    0.00    2.94 v _09464_/A (sky130_fd_sc_hd__inv_2)
                  0.06    0.10    3.04 ^ _09464_/Y (sky130_fd_sc_hd__inv_2)
     1    0.00                           _00106_ (net)
                  0.06    0.00    3.04 ^ _13185_/RESET_B (sky130_fd_sc_hd__dfrtp_2)
                                  3.04   data arrival time

                  0.15   10.00   10.00   clock clk (rise edge)
                          0.00   10.00   clock network delay (ideal)
                         -0.25    9.75   clock uncertainty
                          0.00    9.75   clock reconvergence pessimism
                                  9.75 ^ _13185_/CLK (sky130_fd_sc_hd__dfrtp_2)
                          0.25   10.00   library recovery time
                                 10.00   data required time
-----------------------------------------------------------------------------
                                 10.00   data required time
                                 -3.04   data arrival time
-----------------------------------------------------------------------------
                                  6.95   slack (MET)


Startpoint: rst (input port clocked by clk)
Endpoint: _13186_ (recovery check against rising-edge clock clk)
Path Group: **async_default**
Path Type: max

Fanout     Cap    Slew   Delay    Time   Description
-----------------------------------------------------------------------------
                  0.15    0.00    0.00   clock clk (rise edge)
                          0.00    0.00   clock network delay (ideal)
                          2.00    2.00 v input external delay
                  0.05    0.04    2.04 v rst (in)
     6    0.02                           rst (net)
                  0.05    0.00    2.04 v _06756_/B1 (sky130_fd_sc_hd__a21o_2)
                  0.05    0.21    2.25 v _06756_/X (sky130_fd_sc_hd__a21o_2)
     3    0.01                           _01416_ (net)
                  0.05    0.00    2.25 v _06757_/A (sky130_fd_sc_hd__buf_1)
                  0.12    0.17    2.43 v _06757_/X (sky130_fd_sc_hd__buf_1)
    10    0.02                           _01417_ (net)
                  0.12    0.00    2.43 v _06758_/A (sky130_fd_sc_hd__buf_1)
                  0.12    0.21    2.63 v _06758_/X (sky130_fd_sc_hd__buf_1)
    10    0.02                           _01418_ (net)
                  0.12    0.00    2.63 v _09463_/A (sky130_fd_sc_hd__buf_1)
                  0.24    0.30    2.94 v _09463_/X (sky130_fd_sc_hd__buf_1)
    10    0.04                           _03866_ (net)
                  0.24    0.00    2.94 v _09465_/A (sky130_fd_sc_hd__inv_2)
                  0.06    0.10    3.04 ^ _09465_/Y (sky130_fd_sc_hd__inv_2)
     1    0.00                           _00107_ (net)
                  0.06    0.00    3.04 ^ _13186_/RESET_B (sky130_fd_sc_hd__dfrtp_2)
                                  3.04   data arrival time

                  0.15   10.00   10.00   clock clk (rise edge)
                          0.00   10.00   clock network delay (ideal)
                         -0.25    9.75   clock uncertainty
                          0.00    9.75   clock reconvergence pessimism
                                  9.75 ^ _13186_/CLK (sky130_fd_sc_hd__dfrtp_2)
                          0.25   10.00   library recovery time
                                 10.00   data required time
-----------------------------------------------------------------------------
                                 10.00   data required time
                                 -3.04   data arrival time
-----------------------------------------------------------------------------
                                  6.95   slack (MET)


Startpoint: rst (input port clocked by clk)
Endpoint: _13187_ (recovery check against rising-edge clock clk)
Path Group: **async_default**
Path Type: max

Fanout     Cap    Slew   Delay    Time   Description
-----------------------------------------------------------------------------
                  0.15    0.00    0.00   clock clk (rise edge)
                          0.00    0.00   clock network delay (ideal)
                          2.00    2.00 v input external delay
                  0.05    0.04    2.04 v rst (in)
     6    0.02                           rst (net)
                  0.05    0.00    2.04 v _06756_/B1 (sky130_fd_sc_hd__a21o_2)
                  0.05    0.21    2.25 v _06756_/X (sky130_fd_sc_hd__a21o_2)
     3    0.01                           _01416_ (net)
                  0.05    0.00    2.25 v _06757_/A (sky130_fd_sc_hd__buf_1)
                  0.12    0.17    2.43 v _06757_/X (sky130_fd_sc_hd__buf_1)
    10    0.02                           _01417_ (net)
                  0.12    0.00    2.43 v _06758_/A (sky130_fd_sc_hd__buf_1)
                  0.12    0.21    2.63 v _06758_/X (sky130_fd_sc_hd__buf_1)
    10    0.02                           _01418_ (net)
                  0.12    0.00    2.63 v _09463_/A (sky130_fd_sc_hd__buf_1)
                  0.24    0.30    2.94 v _09463_/X (sky130_fd_sc_hd__buf_1)
    10    0.04                           _03866_ (net)
                  0.24    0.00    2.94 v _09466_/A (sky130_fd_sc_hd__inv_2)
                  0.06    0.10    3.04 ^ _09466_/Y (sky130_fd_sc_hd__inv_2)
     1    0.00                           _00108_ (net)
                  0.06    0.00    3.04 ^ _13187_/RESET_B (sky130_fd_sc_hd__dfrtp_2)
                                  3.04   data arrival time

                  0.15   10.00   10.00   clock clk (rise edge)
                          0.00   10.00   clock network delay (ideal)
                         -0.25    9.75   clock uncertainty
                          0.00    9.75   clock reconvergence pessimism
                                  9.75 ^ _13187_/CLK (sky130_fd_sc_hd__dfrtp_2)
                          0.25   10.00   library recovery time
                                 10.00   data required time
-----------------------------------------------------------------------------
                                 10.00   data required time
                                 -3.04   data arrival time
-----------------------------------------------------------------------------
                                  6.95   slack (MET)


Startpoint: rst (input port clocked by clk)
Endpoint: _13188_ (recovery check against rising-edge clock clk)
Path Group: **async_default**
Path Type: max

Fanout     Cap    Slew   Delay    Time   Description
-----------------------------------------------------------------------------
                  0.15    0.00    0.00   clock clk (rise edge)
                          0.00    0.00   clock network delay (ideal)
                          2.00    2.00 v input external delay
                  0.05    0.04    2.04 v rst (in)
     6    0.02                           rst (net)
                  0.05    0.00    2.04 v _06756_/B1 (sky130_fd_sc_hd__a21o_2)
                  0.05    0.21    2.25 v _06756_/X (sky130_fd_sc_hd__a21o_2)
     3    0.01                           _01416_ (net)
                  0.05    0.00    2.25 v _06757_/A (sky130_fd_sc_hd__buf_1)
                  0.12    0.17    2.43 v _06757_/X (sky130_fd_sc_hd__buf_1)
    10    0.02                           _01417_ (net)
                  0.12    0.00    2.43 v _06758_/A (sky130_fd_sc_hd__buf_1)
                  0.12    0.21    2.63 v _06758_/X (sky130_fd_sc_hd__buf_1)
    10    0.02                           _01418_ (net)
                  0.12    0.00    2.63 v _09463_/A (sky130_fd_sc_hd__buf_1)
                  0.24    0.30    2.94 v _09463_/X (sky130_fd_sc_hd__buf_1)
    10    0.04                           _03866_ (net)
                  0.24    0.00    2.94 v _09467_/A (sky130_fd_sc_hd__inv_2)
                  0.06    0.10    3.04 ^ _09467_/Y (sky130_fd_sc_hd__inv_2)
     1    0.00                           _00109_ (net)
                  0.06    0.00    3.04 ^ _13188_/RESET_B (sky130_fd_sc_hd__dfrtp_2)
                                  3.04   data arrival time

                  0.15   10.00   10.00   clock clk (rise edge)
                          0.00   10.00   clock network delay (ideal)
                         -0.25    9.75   clock uncertainty
                          0.00    9.75   clock reconvergence pessimism
                                  9.75 ^ _13188_/CLK (sky130_fd_sc_hd__dfrtp_2)
                          0.25   10.00   library recovery time
                                 10.00   data required time
-----------------------------------------------------------------------------
                                 10.00   data required time
                                 -3.04   data arrival time
-----------------------------------------------------------------------------
                                  6.95   slack (MET)


Startpoint: rst (input port clocked by clk)
Endpoint: _13189_ (recovery check against rising-edge clock clk)
Path Group: **async_default**
Path Type: max

Fanout     Cap    Slew   Delay    Time   Description
-----------------------------------------------------------------------------
                  0.15    0.00    0.00   clock clk (rise edge)
                          0.00    0.00   clock network delay (ideal)
                          2.00    2.00 v input external delay
                  0.05    0.04    2.04 v rst (in)
     6    0.02                           rst (net)
                  0.05    0.00    2.04 v _06756_/B1 (sky130_fd_sc_hd__a21o_2)
                  0.05    0.21    2.25 v _06756_/X (sky130_fd_sc_hd__a21o_2)
     3    0.01                           _01416_ (net)
                  0.05    0.00    2.25 v _06757_/A (sky130_fd_sc_hd__buf_1)
                  0.12    0.17    2.43 v _06757_/X (sky130_fd_sc_hd__buf_1)
    10    0.02                           _01417_ (net)
                  0.12    0.00    2.43 v _06758_/A (sky130_fd_sc_hd__buf_1)
                  0.12    0.21    2.63 v _06758_/X (sky130_fd_sc_hd__buf_1)
    10    0.02                           _01418_ (net)
                  0.12    0.00    2.63 v _09463_/A (sky130_fd_sc_hd__buf_1)
                  0.24    0.30    2.94 v _09463_/X (sky130_fd_sc_hd__buf_1)
    10    0.04                           _03866_ (net)
                  0.24    0.00    2.94 v _09468_/A (sky130_fd_sc_hd__inv_2)
                  0.06    0.10    3.04 ^ _09468_/Y (sky130_fd_sc_hd__inv_2)
     1    0.00                           _00110_ (net)
                  0.06    0.00    3.04 ^ _13189_/RESET_B (sky130_fd_sc_hd__dfrtp_2)
                                  3.04   data arrival time

                  0.15   10.00   10.00   clock clk (rise edge)
                          0.00   10.00   clock network delay (ideal)
                         -0.25    9.75   clock uncertainty
                          0.00    9.75   clock reconvergence pessimism
                                  9.75 ^ _13189_/CLK (sky130_fd_sc_hd__dfrtp_2)
                          0.25   10.00   library recovery time
                                 10.00   data required time
-----------------------------------------------------------------------------
                                 10.00   data required time
                                 -3.04   data arrival time
-----------------------------------------------------------------------------
                                  6.95   slack (MET)


Startpoint: _13483_ (rising edge-triggered flip-flop clocked by clk)
Endpoint: src_read (output port clocked by clk)
Path Group: clk
Path Type: max

Fanout     Cap    Slew   Delay    Time   Description
-----------------------------------------------------------------------------
                  0.15    0.00    0.00   clock clk (rise edge)
                          0.00    0.00   clock network delay (ideal)
                  0.15    0.00    0.00 ^ _13483_/CLK (sky130_fd_sc_hd__dfxtp_2)
                  0.05    0.39    0.39 v _13483_/Q (sky130_fd_sc_hd__dfxtp_2)
     5    0.01                           _158_[1] (net)
                  0.05    0.00    0.39 v _06545_/A (sky130_fd_sc_hd__or4_2)
                  0.15    0.77    1.16 v _06545_/X (sky130_fd_sc_hd__or4_2)
     5    0.02                           _01254_ (net)
                  0.15    0.00    1.16 v _06546_/C (sky130_fd_sc_hd__or3_2)
                  0.10    0.50    1.66 v _06546_/X (sky130_fd_sc_hd__or3_2)
     3    0.01                           _01255_ (net)
                  0.10    0.00    1.66 v _06547_/B (sky130_fd_sc_hd__or2_2)
                  0.10    0.36    2.03 v _06547_/X (sky130_fd_sc_hd__or2_2)
     4    0.02                           _01256_ (net)
                  0.10    0.00    2.03 v _06548_/C (sky130_fd_sc_hd__or3_2)
                  0.10    0.48    2.51 v _06548_/X (sky130_fd_sc_hd__or3_2)
     3    0.01                           _01257_ (net)
                  0.10    0.00    2.51 v _06549_/B (sky130_fd_sc_hd__or2_2)
                  0.10    0.36    2.88 v _06549_/X (sky130_fd_sc_hd__or2_2)
     4    0.02                           _01258_ (net)
                  0.10    0.00    2.88 v _06550_/C (sky130_fd_sc_hd__or3_2)
                  0.10    0.48    3.36 v _06550_/X (sky130_fd_sc_hd__or3_2)
     3    0.01                           _01259_ (net)
                  0.10    0.00    3.36 v _06551_/B (sky130_fd_sc_hd__or2_2)
                  0.10    0.36    3.72 v _06551_/X (sky130_fd_sc_hd__or2_2)
     4    0.02                           _01260_ (net)
                  0.10    0.00    3.72 v _06552_/C (sky130_fd_sc_hd__or3_2)
                  0.10    0.48    4.21 v _06552_/X (sky130_fd_sc_hd__or3_2)
     3    0.01                           _01261_ (net)
                  0.10    0.00    4.21 v _06553_/B (sky130_fd_sc_hd__or2_2)
                  0.10    0.36    4.57 v _06553_/X (sky130_fd_sc_hd__or2_2)
     4    0.02                           _01262_ (net)
                  0.10    0.00    4.57 v _06554_/C (sky130_fd_sc_hd__or3_2)
                  0.10    0.48    5.05 v _06554_/X (sky130_fd_sc_hd__or3_2)
     3    0.01                           _01263_ (net)
                  0.10    0.00    5.05 v _06555_/B (sky130_fd_sc_hd__or2_2)
                  0.10    0.36    5.42 v _06555_/X (sky130_fd_sc_hd__or2_2)
     4    0.02                           _01264_ (net)
                  0.10    0.00    5.42 v _06556_/C (sky130_fd_sc_hd__or3_2)
                  0.12    0.50    5.92 v _06556_/X (sky130_fd_sc_hd__or3_2)
     4    0.01                           _01265_ (net)
                  0.12    0.00    5.92 v _06594_/B (sky130_fd_sc_hd__nor2_2)
                  0.22    0.23    6.15 ^ _06594_/Y (sky130_fd_sc_hd__nor2_2)
     4    0.02                           _01297_ (net)
                  0.22    0.00    6.15 ^ _06605_/A (sky130_fd_sc_hd__nor2_2)
                  0.06    0.08    6.23 v _06605_/Y (sky130_fd_sc_hd__nor2_2)
     2    0.01                           _01308_ (net)
                  0.06    0.00    6.23 v _06660_/A1 (sky130_fd_sc_hd__o31a_2)
                  0.12    0.46    6.69 v _06660_/X (sky130_fd_sc_hd__o31a_2)
     1    0.03                           src_read (net)
                  0.12    0.00    6.69 v src_read (out)
                                  6.69   data arrival time

                  0.15   10.00   10.00   clock clk (rise edge)
                          0.00   10.00   clock network delay (ideal)
                         -0.25    9.75   clock uncertainty
                          0.00    9.75   clock reconvergence pessimism
                         -2.00    7.75   output external delay
                                  7.75   data required time
-----------------------------------------------------------------------------
                                  7.75   data required time
                                 -6.69   data arrival time
-----------------------------------------------------------------------------
                                  1.06   slack (MET)


Startpoint: _13483_ (rising edge-triggered flip-flop clocked by clk)
Endpoint: _12915_ (rising edge-triggered flip-flop clocked by clk)
Path Group: clk
Path Type: max

Fanout     Cap    Slew   Delay    Time   Description
-----------------------------------------------------------------------------
                  0.15    0.00    0.00   clock clk (rise edge)
                          0.00    0.00   clock network delay (ideal)
                  0.15    0.00    0.00 ^ _13483_/CLK (sky130_fd_sc_hd__dfxtp_2)
                  0.05    0.39    0.39 v _13483_/Q (sky130_fd_sc_hd__dfxtp_2)
     5    0.01                           _158_[1] (net)
                  0.05    0.00    0.39 v _06545_/A (sky130_fd_sc_hd__or4_2)
                  0.15    0.77    1.16 v _06545_/X (sky130_fd_sc_hd__or4_2)
     5    0.02                           _01254_ (net)
                  0.15    0.00    1.16 v _06546_/C (sky130_fd_sc_hd__or3_2)
                  0.10    0.50    1.66 v _06546_/X (sky130_fd_sc_hd__or3_2)
     3    0.01                           _01255_ (net)
                  0.10    0.00    1.66 v _06547_/B (sky130_fd_sc_hd__or2_2)
                  0.10    0.36    2.03 v _06547_/X (sky130_fd_sc_hd__or2_2)
     4    0.02                           _01256_ (net)
                  0.10    0.00    2.03 v _06548_/C (sky130_fd_sc_hd__or3_2)
                  0.10    0.48    2.51 v _06548_/X (sky130_fd_sc_hd__or3_2)
     3    0.01                           _01257_ (net)
                  0.10    0.00    2.51 v _06549_/B (sky130_fd_sc_hd__or2_2)
                  0.10    0.36    2.88 v _06549_/X (sky130_fd_sc_hd__or2_2)
     4    0.02                           _01258_ (net)
                  0.10    0.00    2.88 v _06550_/C (sky130_fd_sc_hd__or3_2)
                  0.10    0.48    3.36 v _06550_/X (sky130_fd_sc_hd__or3_2)
     3    0.01                           _01259_ (net)
                  0.10    0.00    3.36 v _06551_/B (sky130_fd_sc_hd__or2_2)
                  0.10    0.36    3.72 v _06551_/X (sky130_fd_sc_hd__or2_2)
     4    0.02                           _01260_ (net)
                  0.10    0.00    3.72 v _06552_/C (sky130_fd_sc_hd__or3_2)
                  0.10    0.48    4.21 v _06552_/X (sky130_fd_sc_hd__or3_2)
     3    0.01                           _01261_ (net)
                  0.10    0.00    4.21 v _06553_/B (sky130_fd_sc_hd__or2_2)
                  0.10    0.36    4.57 v _06553_/X (sky130_fd_sc_hd__or2_2)
     4    0.02                           _01262_ (net)
                  0.10    0.00    4.57 v _06554_/C (sky130_fd_sc_hd__or3_2)
                  0.10    0.48    5.05 v _06554_/X (sky130_fd_sc_hd__or3_2)
     3    0.01                           _01263_ (net)
                  0.10    0.00    5.05 v _06555_/B (sky130_fd_sc_hd__or2_2)
                  0.10    0.36    5.42 v _06555_/X (sky130_fd_sc_hd__or2_2)
     4    0.02                           _01264_ (net)
                  0.10    0.00    5.42 v _06556_/C (sky130_fd_sc_hd__or3_2)
                  0.12    0.50    5.92 v _06556_/X (sky130_fd_sc_hd__or3_2)
     4    0.01                           _01265_ (net)
                  0.12    0.00    5.92 v _06594_/B (sky130_fd_sc_hd__nor2_2)
                  0.22    0.23    6.15 ^ _06594_/Y (sky130_fd_sc_hd__nor2_2)
     4    0.02                           _01297_ (net)
                  0.22    0.00    6.15 ^ _06605_/A (sky130_fd_sc_hd__nor2_2)
                  0.06    0.08    6.23 v _06605_/Y (sky130_fd_sc_hd__nor2_2)
     2    0.01                           _01308_ (net)
                  0.06    0.00    6.23 v _06606_/A (sky130_fd_sc_hd__inv_2)
                  0.03    0.05    6.28 ^ _06606_/Y (sky130_fd_sc_hd__inv_2)
     2    0.00                           _01309_ (net)
                  0.03    0.00    6.28 ^ _06662_/A3 (sky130_fd_sc_hd__a41o_2)
                  0.04    0.18    6.47 ^ _06662_/X (sky130_fd_sc_hd__a41o_2)
     2    0.00                           _01359_ (net)
                  0.04    0.00    6.47 ^ _06672_/C (sky130_fd_sc_hd__and3_2)
                  0.06    0.19    6.66 ^ _06672_/X (sky130_fd_sc_hd__and3_2)
     3    0.01                           _01366_ (net)
                  0.06    0.00    6.66 ^ _06719_/A (sky130_fd_sc_hd__buf_1)
                  0.26    0.25    6.91 ^ _06719_/X (sky130_fd_sc_hd__buf_1)
    10    0.02                           _01392_ (net)
                  0.26    0.00    6.91 ^ _06720_/A (sky130_fd_sc_hd__buf_1)
                  0.26    0.29    7.20 ^ _06720_/X (sky130_fd_sc_hd__buf_1)
    10    0.02                           _01393_ (net)
                  0.26    0.00    7.20 ^ _06721_/A (sky130_fd_sc_hd__buf_1)
                  0.40    0.38    7.58 ^ _06721_/X (sky130_fd_sc_hd__buf_1)
    10    0.03                           _01394_ (net)
                  0.40    0.00    7.58 ^ _06722_/S (sky130_fd_sc_hd__mux2_2)
                  0.05    0.39    7.98 v _06722_/X (sky130_fd_sc_hd__mux2_2)
     1    0.00                           _01395_ (net)
                  0.05    0.00    7.98 v _06723_/A (sky130_fd_sc_hd__buf_1)
                  0.02    0.09    8.06 v _06723_/X (sky130_fd_sc_hd__buf_1)
     1    0.00                           _00139_ (net)
                  0.02    0.00    8.06 v _12915_/D (sky130_fd_sc_hd__dfxtp_2)
                                  8.06   data arrival time

                  0.15   10.00   10.00   clock clk (rise edge)
                          0.00   10.00   clock network delay (ideal)
                         -0.25    9.75   clock uncertainty
                          0.00    9.75   clock reconvergence pessimism
                                  9.75 ^ _12915_/CLK (sky130_fd_sc_hd__dfxtp_2)
                         -0.08    9.67   library setup time
                                  9.67   data required time
-----------------------------------------------------------------------------
                                  9.67   data required time
                                 -8.06   data arrival time
-----------------------------------------------------------------------------
                                  1.61   slack (MET)


Startpoint: _13483_ (rising edge-triggered flip-flop clocked by clk)
Endpoint: _12916_ (rising edge-triggered flip-flop clocked by clk)
Path Group: clk
Path Type: max

Fanout     Cap    Slew   Delay    Time   Description
-----------------------------------------------------------------------------
                  0.15    0.00    0.00   clock clk (rise edge)
                          0.00    0.00   clock network delay (ideal)
                  0.15    0.00    0.00 ^ _13483_/CLK (sky130_fd_sc_hd__dfxtp_2)
                  0.05    0.39    0.39 v _13483_/Q (sky130_fd_sc_hd__dfxtp_2)
     5    0.01                           _158_[1] (net)
                  0.05    0.00    0.39 v _06545_/A (sky130_fd_sc_hd__or4_2)
                  0.15    0.77    1.16 v _06545_/X (sky130_fd_sc_hd__or4_2)
     5    0.02                           _01254_ (net)
                  0.15    0.00    1.16 v _06546_/C (sky130_fd_sc_hd__or3_2)
                  0.10    0.50    1.66 v _06546_/X (sky130_fd_sc_hd__or3_2)
     3    0.01                           _01255_ (net)
                  0.10    0.00    1.66 v _06547_/B (sky130_fd_sc_hd__or2_2)
                  0.10    0.36    2.03 v _06547_/X (sky130_fd_sc_hd__or2_2)
     4    0.02                           _01256_ (net)
                  0.10    0.00    2.03 v _06548_/C (sky130_fd_sc_hd__or3_2)
                  0.10    0.48    2.51 v _06548_/X (sky130_fd_sc_hd__or3_2)
     3    0.01                           _01257_ (net)
                  0.10    0.00    2.51 v _06549_/B (sky130_fd_sc_hd__or2_2)
                  0.10    0.36    2.88 v _06549_/X (sky130_fd_sc_hd__or2_2)
     4    0.02                           _01258_ (net)
                  0.10    0.00    2.88 v _06550_/C (sky130_fd_sc_hd__or3_2)
                  0.10    0.48    3.36 v _06550_/X (sky130_fd_sc_hd__or3_2)
     3    0.01                           _01259_ (net)
                  0.10    0.00    3.36 v _06551_/B (sky130_fd_sc_hd__or2_2)
                  0.10    0.36    3.72 v _06551_/X (sky130_fd_sc_hd__or2_2)
     4    0.02                           _01260_ (net)
                  0.10    0.00    3.72 v _06552_/C (sky130_fd_sc_hd__or3_2)
                  0.10    0.48    4.21 v _06552_/X (sky130_fd_sc_hd__or3_2)
     3    0.01                           _01261_ (net)
                  0.10    0.00    4.21 v _06553_/B (sky130_fd_sc_hd__or2_2)
                  0.10    0.36    4.57 v _06553_/X (sky130_fd_sc_hd__or2_2)
     4    0.02                           _01262_ (net)
                  0.10    0.00    4.57 v _06554_/C (sky130_fd_sc_hd__or3_2)
                  0.10    0.48    5.05 v _06554_/X (sky130_fd_sc_hd__or3_2)
     3    0.01                           _01263_ (net)
                  0.10    0.00    5.05 v _06555_/B (sky130_fd_sc_hd__or2_2)
                  0.10    0.36    5.42 v _06555_/X (sky130_fd_sc_hd__or2_2)
     4    0.02                           _01264_ (net)
                  0.10    0.00    5.42 v _06556_/C (sky130_fd_sc_hd__or3_2)
                  0.12    0.50    5.92 v _06556_/X (sky130_fd_sc_hd__or3_2)
     4    0.01                           _01265_ (net)
                  0.12    0.00    5.92 v _06594_/B (sky130_fd_sc_hd__nor2_2)
                  0.22    0.23    6.15 ^ _06594_/Y (sky130_fd_sc_hd__nor2_2)
     4    0.02                           _01297_ (net)
                  0.22    0.00    6.15 ^ _06605_/A (sky130_fd_sc_hd__nor2_2)
                  0.06    0.08    6.23 v _06605_/Y (sky130_fd_sc_hd__nor2_2)
     2    0.01                           _01308_ (net)
                  0.06    0.00    6.23 v _06606_/A (sky130_fd_sc_hd__inv_2)
                  0.03    0.05    6.28 ^ _06606_/Y (sky130_fd_sc_hd__inv_2)
     2    0.00                           _01309_ (net)
                  0.03    0.00    6.28 ^ _06662_/A3 (sky130_fd_sc_hd__a41o_2)
                  0.04    0.18    6.47 ^ _06662_/X (sky130_fd_sc_hd__a41o_2)
     2    0.00                           _01359_ (net)
                  0.04    0.00    6.47 ^ _06672_/C (sky130_fd_sc_hd__and3_2)
                  0.06    0.19    6.66 ^ _06672_/X (sky130_fd_sc_hd__and3_2)
     3    0.01                           _01366_ (net)
                  0.06    0.00    6.66 ^ _06719_/A (sky130_fd_sc_hd__buf_1)
                  0.26    0.25    6.91 ^ _06719_/X (sky130_fd_sc_hd__buf_1)
    10    0.02                           _01392_ (net)
                  0.26    0.00    6.91 ^ _06720_/A (sky130_fd_sc_hd__buf_1)
                  0.26    0.29    7.20 ^ _06720_/X (sky130_fd_sc_hd__buf_1)
    10    0.02                           _01393_ (net)
                  0.26    0.00    7.20 ^ _06721_/A (sky130_fd_sc_hd__buf_1)
                  0.40    0.38    7.58 ^ _06721_/X (sky130_fd_sc_hd__buf_1)
    10    0.03                           _01394_ (net)
                  0.40    0.00    7.58 ^ _06724_/S (sky130_fd_sc_hd__mux2_2)
                  0.05    0.39    7.98 v _06724_/X (sky130_fd_sc_hd__mux2_2)
     1    0.00                           _01396_ (net)
                  0.05    0.00    7.98 v _06725_/A (sky130_fd_sc_hd__buf_1)
                  0.02    0.09    8.06 v _06725_/X (sky130_fd_sc_hd__buf_1)
     1    0.00                           _00140_ (net)
                  0.02    0.00    8.06 v _12916_/D (sky130_fd_sc_hd__dfxtp_2)
                                  8.06   data arrival time

                  0.15   10.00   10.00   clock clk (rise edge)
                          0.00   10.00   clock network delay (ideal)
                         -0.25    9.75   clock uncertainty
                          0.00    9.75   clock reconvergence pessimism
                                  9.75 ^ _12916_/CLK (sky130_fd_sc_hd__dfxtp_2)
                         -0.08    9.67   library setup time
                                  9.67   data required time
-----------------------------------------------------------------------------
                                  9.67   data required time
                                 -8.06   data arrival time
-----------------------------------------------------------------------------
                                  1.61   slack (MET)


Startpoint: _13483_ (rising edge-triggered flip-flop clocked by clk)
Endpoint: _12917_ (rising edge-triggered flip-flop clocked by clk)
Path Group: clk
Path Type: max

Fanout     Cap    Slew   Delay    Time   Description
-----------------------------------------------------------------------------
                  0.15    0.00    0.00   clock clk (rise edge)
                          0.00    0.00   clock network delay (ideal)
                  0.15    0.00    0.00 ^ _13483_/CLK (sky130_fd_sc_hd__dfxtp_2)
                  0.05    0.39    0.39 v _13483_/Q (sky130_fd_sc_hd__dfxtp_2)
     5    0.01                           _158_[1] (net)
                  0.05    0.00    0.39 v _06545_/A (sky130_fd_sc_hd__or4_2)
                  0.15    0.77    1.16 v _06545_/X (sky130_fd_sc_hd__or4_2)
     5    0.02                           _01254_ (net)
                  0.15    0.00    1.16 v _06546_/C (sky130_fd_sc_hd__or3_2)
                  0.10    0.50    1.66 v _06546_/X (sky130_fd_sc_hd__or3_2)
     3    0.01                           _01255_ (net)
                  0.10    0.00    1.66 v _06547_/B (sky130_fd_sc_hd__or2_2)
                  0.10    0.36    2.03 v _06547_/X (sky130_fd_sc_hd__or2_2)
     4    0.02                           _01256_ (net)
                  0.10    0.00    2.03 v _06548_/C (sky130_fd_sc_hd__or3_2)
                  0.10    0.48    2.51 v _06548_/X (sky130_fd_sc_hd__or3_2)
     3    0.01                           _01257_ (net)
                  0.10    0.00    2.51 v _06549_/B (sky130_fd_sc_hd__or2_2)
                  0.10    0.36    2.88 v _06549_/X (sky130_fd_sc_hd__or2_2)
     4    0.02                           _01258_ (net)
                  0.10    0.00    2.88 v _06550_/C (sky130_fd_sc_hd__or3_2)
                  0.10    0.48    3.36 v _06550_/X (sky130_fd_sc_hd__or3_2)
     3    0.01                           _01259_ (net)
                  0.10    0.00    3.36 v _06551_/B (sky130_fd_sc_hd__or2_2)
                  0.10    0.36    3.72 v _06551_/X (sky130_fd_sc_hd__or2_2)
     4    0.02                           _01260_ (net)
                  0.10    0.00    3.72 v _06552_/C (sky130_fd_sc_hd__or3_2)
                  0.10    0.48    4.21 v _06552_/X (sky130_fd_sc_hd__or3_2)
     3    0.01                           _01261_ (net)
                  0.10    0.00    4.21 v _06553_/B (sky130_fd_sc_hd__or2_2)
                  0.10    0.36    4.57 v _06553_/X (sky130_fd_sc_hd__or2_2)
     4    0.02                           _01262_ (net)
                  0.10    0.00    4.57 v _06554_/C (sky130_fd_sc_hd__or3_2)
                  0.10    0.48    5.05 v _06554_/X (sky130_fd_sc_hd__or3_2)
     3    0.01                           _01263_ (net)
                  0.10    0.00    5.05 v _06555_/B (sky130_fd_sc_hd__or2_2)
                  0.10    0.36    5.42 v _06555_/X (sky130_fd_sc_hd__or2_2)
     4    0.02                           _01264_ (net)
                  0.10    0.00    5.42 v _06556_/C (sky130_fd_sc_hd__or3_2)
                  0.12    0.50    5.92 v _06556_/X (sky130_fd_sc_hd__or3_2)
     4    0.01                           _01265_ (net)
                  0.12    0.00    5.92 v _06594_/B (sky130_fd_sc_hd__nor2_2)
                  0.22    0.23    6.15 ^ _06594_/Y (sky130_fd_sc_hd__nor2_2)
     4    0.02                           _01297_ (net)
                  0.22    0.00    6.15 ^ _06605_/A (sky130_fd_sc_hd__nor2_2)
                  0.06    0.08    6.23 v _06605_/Y (sky130_fd_sc_hd__nor2_2)
     2    0.01                           _01308_ (net)
                  0.06    0.00    6.23 v _06606_/A (sky130_fd_sc_hd__inv_2)
                  0.03    0.05    6.28 ^ _06606_/Y (sky130_fd_sc_hd__inv_2)
     2    0.00                           _01309_ (net)
                  0.03    0.00    6.28 ^ _06662_/A3 (sky130_fd_sc_hd__a41o_2)
                  0.04    0.18    6.47 ^ _06662_/X (sky130_fd_sc_hd__a41o_2)
     2    0.00                           _01359_ (net)
                  0.04    0.00    6.47 ^ _06672_/C (sky130_fd_sc_hd__and3_2)
                  0.06    0.19    6.66 ^ _06672_/X (sky130_fd_sc_hd__and3_2)
     3    0.01                           _01366_ (net)
                  0.06    0.00    6.66 ^ _06719_/A (sky130_fd_sc_hd__buf_1)
                  0.26    0.25    6.91 ^ _06719_/X (sky130_fd_sc_hd__buf_1)
    10    0.02                           _01392_ (net)
                  0.26    0.00    6.91 ^ _06720_/A (sky130_fd_sc_hd__buf_1)
                  0.26    0.29    7.20 ^ _06720_/X (sky130_fd_sc_hd__buf_1)
    10    0.02                           _01393_ (net)
                  0.26    0.00    7.20 ^ _06721_/A (sky130_fd_sc_hd__buf_1)
                  0.40    0.38    7.58 ^ _06721_/X (sky130_fd_sc_hd__buf_1)
    10    0.03                           _01394_ (net)
                  0.40    0.00    7.58 ^ _06726_/S (sky130_fd_sc_hd__mux2_2)
                  0.05    0.39    7.98 v _06726_/X (sky130_fd_sc_hd__mux2_2)
     1    0.00                           _01397_ (net)
                  0.05    0.00    7.98 v _06727_/A (sky130_fd_sc_hd__buf_1)
                  0.02    0.09    8.06 v _06727_/X (sky130_fd_sc_hd__buf_1)
     1    0.00                           _00141_ (net)
                  0.02    0.00    8.06 v _12917_/D (sky130_fd_sc_hd__dfxtp_2)
                                  8.06   data arrival time

                  0.15   10.00   10.00   clock clk (rise edge)
                          0.00   10.00   clock network delay (ideal)
                         -0.25    9.75   clock uncertainty
                          0.00    9.75   clock reconvergence pessimism
                                  9.75 ^ _12917_/CLK (sky130_fd_sc_hd__dfxtp_2)
                         -0.08    9.67   library setup time
                                  9.67   data required time
-----------------------------------------------------------------------------
                                  9.67   data required time
                                 -8.06   data arrival time
-----------------------------------------------------------------------------
                                  1.61   slack (MET)


Startpoint: _13483_ (rising edge-triggered flip-flop clocked by clk)
Endpoint: _12918_ (rising edge-triggered flip-flop clocked by clk)
Path Group: clk
Path Type: max

Fanout     Cap    Slew   Delay    Time   Description
-----------------------------------------------------------------------------
                  0.15    0.00    0.00   clock clk (rise edge)
                          0.00    0.00   clock network delay (ideal)
                  0.15    0.00    0.00 ^ _13483_/CLK (sky130_fd_sc_hd__dfxtp_2)
                  0.05    0.39    0.39 v _13483_/Q (sky130_fd_sc_hd__dfxtp_2)
     5    0.01                           _158_[1] (net)
                  0.05    0.00    0.39 v _06545_/A (sky130_fd_sc_hd__or4_2)
                  0.15    0.77    1.16 v _06545_/X (sky130_fd_sc_hd__or4_2)
     5    0.02                           _01254_ (net)
                  0.15    0.00    1.16 v _06546_/C (sky130_fd_sc_hd__or3_2)
                  0.10    0.50    1.66 v _06546_/X (sky130_fd_sc_hd__or3_2)
     3    0.01                           _01255_ (net)
                  0.10    0.00    1.66 v _06547_/B (sky130_fd_sc_hd__or2_2)
                  0.10    0.36    2.03 v _06547_/X (sky130_fd_sc_hd__or2_2)
     4    0.02                           _01256_ (net)
                  0.10    0.00    2.03 v _06548_/C (sky130_fd_sc_hd__or3_2)
                  0.10    0.48    2.51 v _06548_/X (sky130_fd_sc_hd__or3_2)
     3    0.01                           _01257_ (net)
                  0.10    0.00    2.51 v _06549_/B (sky130_fd_sc_hd__or2_2)
                  0.10    0.36    2.88 v _06549_/X (sky130_fd_sc_hd__or2_2)
     4    0.02                           _01258_ (net)
                  0.10    0.00    2.88 v _06550_/C (sky130_fd_sc_hd__or3_2)
                  0.10    0.48    3.36 v _06550_/X (sky130_fd_sc_hd__or3_2)
     3    0.01                           _01259_ (net)
                  0.10    0.00    3.36 v _06551_/B (sky130_fd_sc_hd__or2_2)
                  0.10    0.36    3.72 v _06551_/X (sky130_fd_sc_hd__or2_2)
     4    0.02                           _01260_ (net)
                  0.10    0.00    3.72 v _06552_/C (sky130_fd_sc_hd__or3_2)
                  0.10    0.48    4.21 v _06552_/X (sky130_fd_sc_hd__or3_2)
     3    0.01                           _01261_ (net)
                  0.10    0.00    4.21 v _06553_/B (sky130_fd_sc_hd__or2_2)
                  0.10    0.36    4.57 v _06553_/X (sky130_fd_sc_hd__or2_2)
     4    0.02                           _01262_ (net)
                  0.10    0.00    4.57 v _06554_/C (sky130_fd_sc_hd__or3_2)
                  0.10    0.48    5.05 v _06554_/X (sky130_fd_sc_hd__or3_2)
     3    0.01                           _01263_ (net)
                  0.10    0.00    5.05 v _06555_/B (sky130_fd_sc_hd__or2_2)
                  0.10    0.36    5.42 v _06555_/X (sky130_fd_sc_hd__or2_2)
     4    0.02                           _01264_ (net)
                  0.10    0.00    5.42 v _06556_/C (sky130_fd_sc_hd__or3_2)
                  0.12    0.50    5.92 v _06556_/X (sky130_fd_sc_hd__or3_2)
     4    0.01                           _01265_ (net)
                  0.12    0.00    5.92 v _06594_/B (sky130_fd_sc_hd__nor2_2)
                  0.22    0.23    6.15 ^ _06594_/Y (sky130_fd_sc_hd__nor2_2)
     4    0.02                           _01297_ (net)
                  0.22    0.00    6.15 ^ _06605_/A (sky130_fd_sc_hd__nor2_2)
                  0.06    0.08    6.23 v _06605_/Y (sky130_fd_sc_hd__nor2_2)
     2    0.01                           _01308_ (net)
                  0.06    0.00    6.23 v _06606_/A (sky130_fd_sc_hd__inv_2)
                  0.03    0.05    6.28 ^ _06606_/Y (sky130_fd_sc_hd__inv_2)
     2    0.00                           _01309_ (net)
                  0.03    0.00    6.28 ^ _06662_/A3 (sky130_fd_sc_hd__a41o_2)
                  0.04    0.18    6.47 ^ _06662_/X (sky130_fd_sc_hd__a41o_2)
     2    0.00                           _01359_ (net)
                  0.04    0.00    6.47 ^ _06672_/C (sky130_fd_sc_hd__and3_2)
                  0.06    0.19    6.66 ^ _06672_/X (sky130_fd_sc_hd__and3_2)
     3    0.01                           _01366_ (net)
                  0.06    0.00    6.66 ^ _06719_/A (sky130_fd_sc_hd__buf_1)
                  0.26    0.25    6.91 ^ _06719_/X (sky130_fd_sc_hd__buf_1)
    10    0.02                           _01392_ (net)
                  0.26    0.00    6.91 ^ _06720_/A (sky130_fd_sc_hd__buf_1)
                  0.26    0.29    7.20 ^ _06720_/X (sky130_fd_sc_hd__buf_1)
    10    0.02                           _01393_ (net)
                  0.26    0.00    7.20 ^ _06721_/A (sky130_fd_sc_hd__buf_1)
                  0.40    0.38    7.58 ^ _06721_/X (sky130_fd_sc_hd__buf_1)
    10    0.03                           _01394_ (net)
                  0.40    0.00    7.58 ^ _06728_/S (sky130_fd_sc_hd__mux2_2)
                  0.05    0.39    7.98 v _06728_/X (sky130_fd_sc_hd__mux2_2)
     1    0.00                           _01398_ (net)
                  0.05    0.00    7.98 v _06729_/A (sky130_fd_sc_hd__buf_1)
                  0.02    0.09    8.06 v _06729_/X (sky130_fd_sc_hd__buf_1)
     1    0.00                           _00142_ (net)
                  0.02    0.00    8.06 v _12918_/D (sky130_fd_sc_hd__dfxtp_2)
                                  8.06   data arrival time

                  0.15   10.00   10.00   clock clk (rise edge)
                          0.00   10.00   clock network delay (ideal)
                         -0.25    9.75   clock uncertainty
                          0.00    9.75   clock reconvergence pessimism
                                  9.75 ^ _12918_/CLK (sky130_fd_sc_hd__dfxtp_2)
                         -0.08    9.67   library setup time
                                  9.67   data required time
-----------------------------------------------------------------------------
                                  9.67   data required time
                                 -8.06   data arrival time
-----------------------------------------------------------------------------
                                  1.61   slack (MET)


