OpenROAD 7f00621cb612fd94e15b35790afe744c89d433a7 
This program is licensed under the BSD-3 license. See the LICENSE file for details.
Components of this program may be licensed under more restrictive licenses which must be honored.
Placement Analysis
---------------------------------
total displacement          0.0 u
average displacement        0.0 u
max displacement            0.0 u
original HPWL          278437.8 u
legalized HPWL         284902.0 u
delta HPWL                    2 %

[INFO DPL-0020] Mirrored 3079 instances
[INFO DPL-0021] HPWL before          284902.0 u
[INFO DPL-0022] HPWL after           278437.8 u
[INFO DPL-0023] HPWL delta               -2.3 %
Setting global connections for newly added cells...
Writing OpenROAD database to /openlane/designs/sha256/runs/RUN_2024.12.05_16.00.43/tmp/routing/diode.odb...
Writing netlist to /openlane/designs/sha256/runs/RUN_2024.12.05_16.00.43/tmp/routing/diode.nl.v...
Writing powered netlist to /openlane/designs/sha256/runs/RUN_2024.12.05_16.00.43/tmp/routing/diode.pnl.v...
Writing layout to /openlane/designs/sha256/runs/RUN_2024.12.05_16.00.43/tmp/routing/diode.def...
