
===========================================================================
report_checks -path_delay min (Hold)
============================================================================
Startpoint: _12924_ (rising edge-triggered flip-flop clocked by clk)
Endpoint: _13184_ (removal check against rising-edge clock clk)
Path Group: **async_default**
Path Type: min

Fanout     Cap    Slew   Delay    Time   Description
-----------------------------------------------------------------------------
                  0.15    0.00    0.00   clock clk (rise edge)
                          0.00    0.00   clock network delay (ideal)
                  0.15    0.00    0.00 ^ _12924_/CLK (sky130_fd_sc_hd__dfstp_2)
                  0.07    0.42    0.42 v _12924_/Q (sky130_fd_sc_hd__dfstp_2)
     8    0.03                           _392_[1] (net)
                  0.07    0.00    0.42 v _06756_/A1 (sky130_fd_sc_hd__a21o_2)
                  0.10    0.25    0.67 v _06756_/X (sky130_fd_sc_hd__a21o_2)
     3    0.03                           _01416_ (net)
                  0.10    0.00    0.67 v _06764_/A (sky130_fd_sc_hd__inv_2)
                  0.12    0.13    0.80 ^ _06764_/Y (sky130_fd_sc_hd__inv_2)
     6    0.02                           _01423_ (net)
                  0.12    0.00    0.80 ^ _06837_/A (sky130_fd_sc_hd__buf_1)
                  0.60    0.46    1.26 ^ _06837_/X (sky130_fd_sc_hd__buf_1)
    10    0.05                           _01480_ (net)
                  0.60    0.00    1.26 ^ _07393_/A (sky130_fd_sc_hd__buf_1)
                  0.58    0.49    1.76 ^ _07393_/X (sky130_fd_sc_hd__buf_1)
    10    0.05                           _00105_ (net)
                  0.58    0.00    1.76 ^ _13184_/RESET_B (sky130_fd_sc_hd__dfrtp_2)
                                  1.76   data arrival time

                  0.15    0.00    0.00   clock clk (rise edge)
                          0.00    0.00   clock network delay (ideal)
                          0.25    0.25   clock uncertainty
                          0.00    0.25   clock reconvergence pessimism
                                  0.25 ^ _13184_/CLK (sky130_fd_sc_hd__dfrtp_2)
                          0.49    0.74   library removal time
                                  0.74   data required time
-----------------------------------------------------------------------------
                                  0.74   data required time
                                 -1.76   data arrival time
-----------------------------------------------------------------------------
                                  1.02   slack (MET)


Startpoint: _12924_ (rising edge-triggered flip-flop clocked by clk)
Endpoint: _13479_ (removal check against rising-edge clock clk)
Path Group: **async_default**
Path Type: min

Fanout     Cap    Slew   Delay    Time   Description
-----------------------------------------------------------------------------
                  0.15    0.00    0.00   clock clk (rise edge)
                          0.00    0.00   clock network delay (ideal)
                  0.15    0.00    0.00 ^ _12924_/CLK (sky130_fd_sc_hd__dfstp_2)
                  0.07    0.42    0.42 v _12924_/Q (sky130_fd_sc_hd__dfstp_2)
     8    0.03                           _392_[1] (net)
                  0.07    0.00    0.42 v _06756_/A1 (sky130_fd_sc_hd__a21o_2)
                  0.10    0.25    0.67 v _06756_/X (sky130_fd_sc_hd__a21o_2)
     3    0.03                           _01416_ (net)
                  0.10    0.00    0.67 v _06757_/A (sky130_fd_sc_hd__buf_1)
                  0.27    0.28    0.95 v _06757_/X (sky130_fd_sc_hd__buf_1)
    10    0.05                           _01417_ (net)
                  0.27    0.01    0.96 v _06758_/A (sky130_fd_sc_hd__buf_1)
                  0.21    0.30    1.25 v _06758_/X (sky130_fd_sc_hd__buf_1)
    10    0.04                           _01418_ (net)
                  0.21    0.00    1.25 v _09463_/A (sky130_fd_sc_hd__buf_1)
                  0.39    0.40    1.65 v _09463_/X (sky130_fd_sc_hd__buf_1)
    10    0.07                           _03866_ (net)
                  0.39    0.01    1.66 v _11081_/A (sky130_fd_sc_hd__inv_2)
                  0.08    0.12    1.78 ^ _11081_/Y (sky130_fd_sc_hd__inv_2)
     1    0.00                           _00112_ (net)
                  0.08    0.00    1.78 ^ _13479_/RESET_B (sky130_fd_sc_hd__dfrtp_2)
                                  1.78   data arrival time

                  0.15    0.00    0.00   clock clk (rise edge)
                          0.00    0.00   clock network delay (ideal)
                          0.25    0.25   clock uncertainty
                          0.00    0.25   clock reconvergence pessimism
                                  0.25 ^ _13479_/CLK (sky130_fd_sc_hd__dfrtp_2)
                          0.36    0.61   library removal time
                                  0.61   data required time
-----------------------------------------------------------------------------
                                  0.61   data required time
                                 -1.78   data arrival time
-----------------------------------------------------------------------------
                                  1.17   slack (MET)


Startpoint: _12924_ (rising edge-triggered flip-flop clocked by clk)
Endpoint: _13478_ (removal check against rising-edge clock clk)
Path Group: **async_default**
Path Type: min

Fanout     Cap    Slew   Delay    Time   Description
-----------------------------------------------------------------------------
                  0.15    0.00    0.00   clock clk (rise edge)
                          0.00    0.00   clock network delay (ideal)
                  0.15    0.00    0.00 ^ _12924_/CLK (sky130_fd_sc_hd__dfstp_2)
                  0.07    0.42    0.42 v _12924_/Q (sky130_fd_sc_hd__dfstp_2)
     8    0.03                           _392_[1] (net)
                  0.07    0.00    0.42 v _06756_/A1 (sky130_fd_sc_hd__a21o_2)
                  0.10    0.25    0.67 v _06756_/X (sky130_fd_sc_hd__a21o_2)
     3    0.03                           _01416_ (net)
                  0.10    0.00    0.67 v _06757_/A (sky130_fd_sc_hd__buf_1)
                  0.27    0.28    0.95 v _06757_/X (sky130_fd_sc_hd__buf_1)
    10    0.05                           _01417_ (net)
                  0.27    0.01    0.96 v _06758_/A (sky130_fd_sc_hd__buf_1)
                  0.21    0.30    1.25 v _06758_/X (sky130_fd_sc_hd__buf_1)
    10    0.04                           _01418_ (net)
                  0.21    0.00    1.25 v _09463_/A (sky130_fd_sc_hd__buf_1)
                  0.39    0.40    1.65 v _09463_/X (sky130_fd_sc_hd__buf_1)
    10    0.07                           _03866_ (net)
                  0.39    0.01    1.66 v _11080_/A (sky130_fd_sc_hd__inv_2)
                  0.08    0.12    1.78 ^ _11080_/Y (sky130_fd_sc_hd__inv_2)
     1    0.00                           _00111_ (net)
                  0.08    0.00    1.78 ^ _13478_/RESET_B (sky130_fd_sc_hd__dfrtp_2)
                                  1.78   data arrival time

                  0.15    0.00    0.00   clock clk (rise edge)
                          0.00    0.00   clock network delay (ideal)
                          0.25    0.25   clock uncertainty
                          0.00    0.25   clock reconvergence pessimism
                                  0.25 ^ _13478_/CLK (sky130_fd_sc_hd__dfrtp_2)
                          0.36    0.61   library removal time
                                  0.61   data required time
-----------------------------------------------------------------------------
                                  0.61   data required time
                                 -1.78   data arrival time
-----------------------------------------------------------------------------
                                  1.17   slack (MET)


Startpoint: _12924_ (rising edge-triggered flip-flop clocked by clk)
Endpoint: _13480_ (removal check against rising-edge clock clk)
Path Group: **async_default**
Path Type: min

Fanout     Cap    Slew   Delay    Time   Description
-----------------------------------------------------------------------------
                  0.15    0.00    0.00   clock clk (rise edge)
                          0.00    0.00   clock network delay (ideal)
                  0.15    0.00    0.00 ^ _12924_/CLK (sky130_fd_sc_hd__dfstp_2)
                  0.07    0.42    0.42 v _12924_/Q (sky130_fd_sc_hd__dfstp_2)
     8    0.03                           _392_[1] (net)
                  0.07    0.00    0.42 v _06756_/A1 (sky130_fd_sc_hd__a21o_2)
                  0.10    0.25    0.67 v _06756_/X (sky130_fd_sc_hd__a21o_2)
     3    0.03                           _01416_ (net)
                  0.10    0.00    0.67 v _06757_/A (sky130_fd_sc_hd__buf_1)
                  0.27    0.28    0.95 v _06757_/X (sky130_fd_sc_hd__buf_1)
    10    0.05                           _01417_ (net)
                  0.27    0.01    0.96 v _06758_/A (sky130_fd_sc_hd__buf_1)
                  0.21    0.30    1.25 v _06758_/X (sky130_fd_sc_hd__buf_1)
    10    0.04                           _01418_ (net)
                  0.21    0.00    1.25 v _09463_/A (sky130_fd_sc_hd__buf_1)
                  0.39    0.40    1.65 v _09463_/X (sky130_fd_sc_hd__buf_1)
    10    0.07                           _03866_ (net)
                  0.39    0.01    1.66 v _11082_/A (sky130_fd_sc_hd__inv_2)
                  0.08    0.12    1.78 ^ _11082_/Y (sky130_fd_sc_hd__inv_2)
     1    0.00                           _00113_ (net)
                  0.08    0.00    1.78 ^ _13480_/RESET_B (sky130_fd_sc_hd__dfrtp_2)
                                  1.78   data arrival time

                  0.15    0.00    0.00   clock clk (rise edge)
                          0.00    0.00   clock network delay (ideal)
                          0.25    0.25   clock uncertainty
                          0.00    0.25   clock reconvergence pessimism
                                  0.25 ^ _13480_/CLK (sky130_fd_sc_hd__dfrtp_2)
                          0.36    0.61   library removal time
                                  0.61   data required time
-----------------------------------------------------------------------------
                                  0.61   data required time
                                 -1.78   data arrival time
-----------------------------------------------------------------------------
                                  1.17   slack (MET)


Startpoint: _12924_ (rising edge-triggered flip-flop clocked by clk)
Endpoint: _13481_ (removal check against rising-edge clock clk)
Path Group: **async_default**
Path Type: min

Fanout     Cap    Slew   Delay    Time   Description
-----------------------------------------------------------------------------
                  0.15    0.00    0.00   clock clk (rise edge)
                          0.00    0.00   clock network delay (ideal)
                  0.15    0.00    0.00 ^ _12924_/CLK (sky130_fd_sc_hd__dfstp_2)
                  0.07    0.42    0.42 v _12924_/Q (sky130_fd_sc_hd__dfstp_2)
     8    0.03                           _392_[1] (net)
                  0.07    0.00    0.42 v _06756_/A1 (sky130_fd_sc_hd__a21o_2)
                  0.10    0.25    0.67 v _06756_/X (sky130_fd_sc_hd__a21o_2)
     3    0.03                           _01416_ (net)
                  0.10    0.00    0.67 v _06757_/A (sky130_fd_sc_hd__buf_1)
                  0.27    0.28    0.95 v _06757_/X (sky130_fd_sc_hd__buf_1)
    10    0.05                           _01417_ (net)
                  0.27    0.01    0.96 v _06758_/A (sky130_fd_sc_hd__buf_1)
                  0.21    0.30    1.25 v _06758_/X (sky130_fd_sc_hd__buf_1)
    10    0.04                           _01418_ (net)
                  0.21    0.00    1.25 v _09463_/A (sky130_fd_sc_hd__buf_1)
                  0.39    0.40    1.65 v _09463_/X (sky130_fd_sc_hd__buf_1)
    10    0.07                           _03866_ (net)
                  0.39    0.01    1.66 v _11083_/A (sky130_fd_sc_hd__inv_2)
                  0.08    0.12    1.78 ^ _11083_/Y (sky130_fd_sc_hd__inv_2)
     1    0.00                           _00114_ (net)
                  0.08    0.00    1.78 ^ _13481_/RESET_B (sky130_fd_sc_hd__dfrtp_2)
                                  1.78   data arrival time

                  0.15    0.00    0.00   clock clk (rise edge)
                          0.00    0.00   clock network delay (ideal)
                          0.25    0.25   clock uncertainty
                          0.00    0.25   clock reconvergence pessimism
                                  0.25 ^ _13481_/CLK (sky130_fd_sc_hd__dfrtp_2)
                          0.36    0.61   library removal time
                                  0.61   data required time
-----------------------------------------------------------------------------
                                  0.61   data required time
                                 -1.78   data arrival time
-----------------------------------------------------------------------------
                                  1.17   slack (MET)


Startpoint: _12951_ (rising edge-triggered flip-flop clocked by clk)
Endpoint: _12951_ (rising edge-triggered flip-flop clocked by clk)
Path Group: clk
Path Type: min

Fanout     Cap    Slew   Delay    Time   Description
-----------------------------------------------------------------------------
                  0.15    0.00    0.00   clock clk (rise edge)
                          0.00    0.00   clock network delay (ideal)
                  0.15    0.00    0.00 ^ _12951_/CLK (sky130_fd_sc_hd__dfxtp_2)
                  0.04    0.33    0.33 ^ _12951_/Q (sky130_fd_sc_hd__dfxtp_2)
     2    0.01                           _246_[23] (net)
                  0.04    0.00    0.33 ^ _06864_/A1 (sky130_fd_sc_hd__a211o_2)
                  0.02    0.10    0.43 ^ _06864_/X (sky130_fd_sc_hd__a211o_2)
     1    0.00                           _00170_ (net)
                  0.02    0.00    0.43 ^ _12951_/D (sky130_fd_sc_hd__dfxtp_2)
                                  0.43   data arrival time

                  0.15    0.00    0.00   clock clk (rise edge)
                          0.00    0.00   clock network delay (ideal)
                          0.25    0.25   clock uncertainty
                          0.00    0.25   clock reconvergence pessimism
                                  0.25 ^ _12951_/CLK (sky130_fd_sc_hd__dfxtp_2)
                         -0.01    0.24   library hold time
                                  0.24   data required time
-----------------------------------------------------------------------------
                                  0.24   data required time
                                 -0.43   data arrival time
-----------------------------------------------------------------------------
                                  0.19   slack (MET)


Startpoint: _12955_ (rising edge-triggered flip-flop clocked by clk)
Endpoint: _12955_ (rising edge-triggered flip-flop clocked by clk)
Path Group: clk
Path Type: min

Fanout     Cap    Slew   Delay    Time   Description
-----------------------------------------------------------------------------
                  0.15    0.00    0.00   clock clk (rise edge)
                          0.00    0.00   clock network delay (ideal)
                  0.15    0.00    0.00 ^ _12955_/CLK (sky130_fd_sc_hd__dfxtp_2)
                  0.04    0.33    0.33 ^ _12955_/Q (sky130_fd_sc_hd__dfxtp_2)
     2    0.01                           _246_[27] (net)
                  0.04    0.00    0.33 ^ _06876_/A1 (sky130_fd_sc_hd__a211o_2)
                  0.02    0.10    0.43 ^ _06876_/X (sky130_fd_sc_hd__a211o_2)
     1    0.00                           _00174_ (net)
                  0.02    0.00    0.43 ^ _12955_/D (sky130_fd_sc_hd__dfxtp_2)
                                  0.43   data arrival time

                  0.15    0.00    0.00   clock clk (rise edge)
                          0.00    0.00   clock network delay (ideal)
                          0.25    0.25   clock uncertainty
                          0.00    0.25   clock reconvergence pessimism
                                  0.25 ^ _12955_/CLK (sky130_fd_sc_hd__dfxtp_2)
                         -0.01    0.24   library hold time
                                  0.24   data required time
-----------------------------------------------------------------------------
                                  0.24   data required time
                                 -0.43   data arrival time
-----------------------------------------------------------------------------
                                  0.20   slack (MET)


Startpoint: _12931_ (rising edge-triggered flip-flop clocked by clk)
Endpoint: _12931_ (rising edge-triggered flip-flop clocked by clk)
Path Group: clk
Path Type: min

Fanout     Cap    Slew   Delay    Time   Description
-----------------------------------------------------------------------------
                  0.15    0.00    0.00   clock clk (rise edge)
                          0.00    0.00   clock network delay (ideal)
                  0.15    0.00    0.00 ^ _12931_/CLK (sky130_fd_sc_hd__dfxtp_2)
                  0.04    0.33    0.33 ^ _12931_/Q (sky130_fd_sc_hd__dfxtp_2)
     2    0.01                           _246_[3] (net)
                  0.04    0.00    0.33 ^ _06785_/A1 (sky130_fd_sc_hd__a211o_2)
                  0.02    0.10    0.43 ^ _06785_/X (sky130_fd_sc_hd__a211o_2)
     1    0.00                           _00150_ (net)
                  0.02    0.00    0.43 ^ _12931_/D (sky130_fd_sc_hd__dfxtp_2)
                                  0.43   data arrival time

                  0.15    0.00    0.00   clock clk (rise edge)
                          0.00    0.00   clock network delay (ideal)
                          0.25    0.25   clock uncertainty
                          0.00    0.25   clock reconvergence pessimism
                                  0.25 ^ _12931_/CLK (sky130_fd_sc_hd__dfxtp_2)
                         -0.01    0.24   library hold time
                                  0.24   data required time
-----------------------------------------------------------------------------
                                  0.24   data required time
                                 -0.43   data arrival time
-----------------------------------------------------------------------------
                                  0.20   slack (MET)


Startpoint: _12942_ (rising edge-triggered flip-flop clocked by clk)
Endpoint: _12942_ (rising edge-triggered flip-flop clocked by clk)
Path Group: clk
Path Type: min

Fanout     Cap    Slew   Delay    Time   Description
-----------------------------------------------------------------------------
                  0.15    0.00    0.00   clock clk (rise edge)
                          0.00    0.00   clock network delay (ideal)
                  0.15    0.00    0.00 ^ _12942_/CLK (sky130_fd_sc_hd__dfxtp_2)
                  0.04    0.33    0.33 ^ _12942_/Q (sky130_fd_sc_hd__dfxtp_2)
     2    0.01                           _246_[14] (net)
                  0.04    0.00    0.33 ^ _06828_/A1 (sky130_fd_sc_hd__a211o_2)
                  0.02    0.10    0.43 ^ _06828_/X (sky130_fd_sc_hd__a211o_2)
     1    0.00                           _00161_ (net)
                  0.02    0.00    0.43 ^ _12942_/D (sky130_fd_sc_hd__dfxtp_2)
                                  0.43   data arrival time

                  0.15    0.00    0.00   clock clk (rise edge)
                          0.00    0.00   clock network delay (ideal)
                          0.25    0.25   clock uncertainty
                          0.00    0.25   clock reconvergence pessimism
                                  0.25 ^ _12942_/CLK (sky130_fd_sc_hd__dfxtp_2)
                         -0.01    0.24   library hold time
                                  0.24   data required time
-----------------------------------------------------------------------------
                                  0.24   data required time
                                 -0.43   data arrival time
-----------------------------------------------------------------------------
                                  0.20   slack (MET)


Startpoint: _12939_ (rising edge-triggered flip-flop clocked by clk)
Endpoint: _12939_ (rising edge-triggered flip-flop clocked by clk)
Path Group: clk
Path Type: min

Fanout     Cap    Slew   Delay    Time   Description
-----------------------------------------------------------------------------
                  0.15    0.00    0.00   clock clk (rise edge)
                          0.00    0.00   clock network delay (ideal)
                  0.15    0.00    0.00 ^ _12939_/CLK (sky130_fd_sc_hd__dfxtp_2)
                  0.04    0.33    0.33 ^ _12939_/Q (sky130_fd_sc_hd__dfxtp_2)
     2    0.01                           _246_[11] (net)
                  0.04    0.00    0.33 ^ _06817_/A1 (sky130_fd_sc_hd__a211o_2)
                  0.02    0.10    0.43 ^ _06817_/X (sky130_fd_sc_hd__a211o_2)
     1    0.00                           _00158_ (net)
                  0.02    0.00    0.43 ^ _12939_/D (sky130_fd_sc_hd__dfxtp_2)
                                  0.43   data arrival time

                  0.15    0.00    0.00   clock clk (rise edge)
                          0.00    0.00   clock network delay (ideal)
                          0.25    0.25   clock uncertainty
                          0.00    0.25   clock reconvergence pessimism
                                  0.25 ^ _12939_/CLK (sky130_fd_sc_hd__dfxtp_2)
                         -0.01    0.24   library hold time
                                  0.24   data required time
-----------------------------------------------------------------------------
                                  0.24   data required time
                                 -0.43   data arrival time
-----------------------------------------------------------------------------
                                  0.20   slack (MET)


