
===========================================================================
report_checks -path_delay max (Setup)
============================================================================
Startpoint: rst (input port clocked by clk)
Endpoint: _13184_ (recovery check against rising-edge clock clk)
Path Group: **async_default**
Path Type: max

Fanout     Cap    Slew   Delay    Time   Description
-----------------------------------------------------------------------------
                  0.15    0.00    0.00   clock clk (rise edge)
                          0.00    0.00   clock network delay (ideal)
                          2.00    2.00 v input external delay
                  0.10    0.08    2.08 v rst (in)
     6    0.05                           rst (net)
                  0.10    0.00    2.08 v _06756_/B1 (sky130_fd_sc_hd__a21o_2)
                  0.10    0.29    2.37 v _06756_/X (sky130_fd_sc_hd__a21o_2)
     3    0.03                           _01416_ (net)
                  0.10    0.00    2.38 v _06764_/A (sky130_fd_sc_hd__inv_2)
                  0.12    0.14    2.52 ^ _06764_/Y (sky130_fd_sc_hd__inv_2)
     6    0.02                           _01423_ (net)
                  0.12    0.00    2.52 ^ _06837_/A (sky130_fd_sc_hd__buf_1)
                  0.60    0.51    3.03 ^ _06837_/X (sky130_fd_sc_hd__buf_1)
    10    0.05                           _01480_ (net)
                  0.60    0.00    3.03 ^ _07393_/A (sky130_fd_sc_hd__buf_1)
                  0.58    0.54    3.58 ^ _07393_/X (sky130_fd_sc_hd__buf_1)
    10    0.05                           _00105_ (net)
                  0.58    0.00    3.58 ^ _13184_/RESET_B (sky130_fd_sc_hd__dfrtp_2)
                                  3.58   data arrival time

                  0.15   10.00   10.00   clock clk (rise edge)
                          0.00   10.00   clock network delay (ideal)
                         -0.25    9.75   clock uncertainty
                          0.00    9.75   clock reconvergence pessimism
                                  9.75 ^ _13184_/CLK (sky130_fd_sc_hd__dfrtp_2)
                          0.09    9.84   library recovery time
                                  9.84   data required time
-----------------------------------------------------------------------------
                                  9.84   data required time
                                 -3.58   data arrival time
-----------------------------------------------------------------------------
                                  6.26   slack (MET)


Startpoint: rst (input port clocked by clk)
Endpoint: _13189_ (recovery check against rising-edge clock clk)
Path Group: **async_default**
Path Type: max

Fanout     Cap    Slew   Delay    Time   Description
-----------------------------------------------------------------------------
                  0.15    0.00    0.00   clock clk (rise edge)
                          0.00    0.00   clock network delay (ideal)
                          2.00    2.00 v input external delay
                  0.10    0.08    2.08 v rst (in)
     6    0.05                           rst (net)
                  0.10    0.00    2.08 v _06756_/B1 (sky130_fd_sc_hd__a21o_2)
                  0.10    0.29    2.37 v _06756_/X (sky130_fd_sc_hd__a21o_2)
     3    0.03                           _01416_ (net)
                  0.10    0.00    2.38 v _06757_/A (sky130_fd_sc_hd__buf_1)
                  0.27    0.31    2.68 v _06757_/X (sky130_fd_sc_hd__buf_1)
    10    0.05                           _01417_ (net)
                  0.27    0.01    2.69 v _06758_/A (sky130_fd_sc_hd__buf_1)
                  0.21    0.33    3.02 v _06758_/X (sky130_fd_sc_hd__buf_1)
    10    0.04                           _01418_ (net)
                  0.21    0.00    3.02 v _09463_/A (sky130_fd_sc_hd__buf_1)
                  0.39    0.44    3.46 v _09463_/X (sky130_fd_sc_hd__buf_1)
    10    0.07                           _03866_ (net)
                  0.39    0.01    3.47 v _09468_/A (sky130_fd_sc_hd__inv_2)
                  0.08    0.13    3.60 ^ _09468_/Y (sky130_fd_sc_hd__inv_2)
     1    0.00                           _00110_ (net)
                  0.08    0.00    3.60 ^ _13189_/RESET_B (sky130_fd_sc_hd__dfrtp_2)
                                  3.60   data arrival time

                  0.15   10.00   10.00   clock clk (rise edge)
                          0.00   10.00   clock network delay (ideal)
                         -0.25    9.75   clock uncertainty
                          0.00    9.75   clock reconvergence pessimism
                                  9.75 ^ _13189_/CLK (sky130_fd_sc_hd__dfrtp_2)
                          0.24    9.99   library recovery time
                                  9.99   data required time
-----------------------------------------------------------------------------
                                  9.99   data required time
                                 -3.60   data arrival time
-----------------------------------------------------------------------------
                                  6.39   slack (MET)


Startpoint: rst (input port clocked by clk)
Endpoint: _13188_ (recovery check against rising-edge clock clk)
Path Group: **async_default**
Path Type: max

Fanout     Cap    Slew   Delay    Time   Description
-----------------------------------------------------------------------------
                  0.15    0.00    0.00   clock clk (rise edge)
                          0.00    0.00   clock network delay (ideal)
                          2.00    2.00 v input external delay
                  0.10    0.08    2.08 v rst (in)
     6    0.05                           rst (net)
                  0.10    0.00    2.08 v _06756_/B1 (sky130_fd_sc_hd__a21o_2)
                  0.10    0.29    2.37 v _06756_/X (sky130_fd_sc_hd__a21o_2)
     3    0.03                           _01416_ (net)
                  0.10    0.00    2.38 v _06757_/A (sky130_fd_sc_hd__buf_1)
                  0.27    0.31    2.68 v _06757_/X (sky130_fd_sc_hd__buf_1)
    10    0.05                           _01417_ (net)
                  0.27    0.01    2.69 v _06758_/A (sky130_fd_sc_hd__buf_1)
                  0.21    0.33    3.02 v _06758_/X (sky130_fd_sc_hd__buf_1)
    10    0.04                           _01418_ (net)
                  0.21    0.00    3.02 v _09463_/A (sky130_fd_sc_hd__buf_1)
                  0.39    0.44    3.46 v _09463_/X (sky130_fd_sc_hd__buf_1)
    10    0.07                           _03866_ (net)
                  0.39    0.01    3.47 v _09467_/A (sky130_fd_sc_hd__inv_2)
                  0.08    0.13    3.60 ^ _09467_/Y (sky130_fd_sc_hd__inv_2)
     1    0.00                           _00109_ (net)
                  0.08    0.00    3.60 ^ _13188_/RESET_B (sky130_fd_sc_hd__dfrtp_2)
                                  3.60   data arrival time

                  0.15   10.00   10.00   clock clk (rise edge)
                          0.00   10.00   clock network delay (ideal)
                         -0.25    9.75   clock uncertainty
                          0.00    9.75   clock reconvergence pessimism
                                  9.75 ^ _13188_/CLK (sky130_fd_sc_hd__dfrtp_2)
                          0.24    9.99   library recovery time
                                  9.99   data required time
-----------------------------------------------------------------------------
                                  9.99   data required time
                                 -3.60   data arrival time
-----------------------------------------------------------------------------
                                  6.39   slack (MET)


Startpoint: rst (input port clocked by clk)
Endpoint: _13186_ (recovery check against rising-edge clock clk)
Path Group: **async_default**
Path Type: max

Fanout     Cap    Slew   Delay    Time   Description
-----------------------------------------------------------------------------
                  0.15    0.00    0.00   clock clk (rise edge)
                          0.00    0.00   clock network delay (ideal)
                          2.00    2.00 v input external delay
                  0.10    0.08    2.08 v rst (in)
     6    0.05                           rst (net)
                  0.10    0.00    2.08 v _06756_/B1 (sky130_fd_sc_hd__a21o_2)
                  0.10    0.29    2.37 v _06756_/X (sky130_fd_sc_hd__a21o_2)
     3    0.03                           _01416_ (net)
                  0.10    0.00    2.38 v _06757_/A (sky130_fd_sc_hd__buf_1)
                  0.27    0.31    2.68 v _06757_/X (sky130_fd_sc_hd__buf_1)
    10    0.05                           _01417_ (net)
                  0.27    0.01    2.69 v _06758_/A (sky130_fd_sc_hd__buf_1)
                  0.21    0.33    3.02 v _06758_/X (sky130_fd_sc_hd__buf_1)
    10    0.04                           _01418_ (net)
                  0.21    0.00    3.02 v _09463_/A (sky130_fd_sc_hd__buf_1)
                  0.39    0.44    3.46 v _09463_/X (sky130_fd_sc_hd__buf_1)
    10    0.07                           _03866_ (net)
                  0.39    0.01    3.47 v _09465_/A (sky130_fd_sc_hd__inv_2)
                  0.08    0.13    3.60 ^ _09465_/Y (sky130_fd_sc_hd__inv_2)
     1    0.00                           _00107_ (net)
                  0.08    0.00    3.60 ^ _13186_/RESET_B (sky130_fd_sc_hd__dfrtp_2)
                                  3.60   data arrival time

                  0.15   10.00   10.00   clock clk (rise edge)
                          0.00   10.00   clock network delay (ideal)
                         -0.25    9.75   clock uncertainty
                          0.00    9.75   clock reconvergence pessimism
                                  9.75 ^ _13186_/CLK (sky130_fd_sc_hd__dfrtp_2)
                          0.24    9.99   library recovery time
                                  9.99   data required time
-----------------------------------------------------------------------------
                                  9.99   data required time
                                 -3.60   data arrival time
-----------------------------------------------------------------------------
                                  6.39   slack (MET)


Startpoint: rst (input port clocked by clk)
Endpoint: _13187_ (recovery check against rising-edge clock clk)
Path Group: **async_default**
Path Type: max

Fanout     Cap    Slew   Delay    Time   Description
-----------------------------------------------------------------------------
                  0.15    0.00    0.00   clock clk (rise edge)
                          0.00    0.00   clock network delay (ideal)
                          2.00    2.00 v input external delay
                  0.10    0.08    2.08 v rst (in)
     6    0.05                           rst (net)
                  0.10    0.00    2.08 v _06756_/B1 (sky130_fd_sc_hd__a21o_2)
                  0.10    0.29    2.37 v _06756_/X (sky130_fd_sc_hd__a21o_2)
     3    0.03                           _01416_ (net)
                  0.10    0.00    2.38 v _06757_/A (sky130_fd_sc_hd__buf_1)
                  0.27    0.31    2.68 v _06757_/X (sky130_fd_sc_hd__buf_1)
    10    0.05                           _01417_ (net)
                  0.27    0.01    2.69 v _06758_/A (sky130_fd_sc_hd__buf_1)
                  0.21    0.33    3.02 v _06758_/X (sky130_fd_sc_hd__buf_1)
    10    0.04                           _01418_ (net)
                  0.21    0.00    3.02 v _09463_/A (sky130_fd_sc_hd__buf_1)
                  0.39    0.44    3.46 v _09463_/X (sky130_fd_sc_hd__buf_1)
    10    0.07                           _03866_ (net)
                  0.39    0.01    3.47 v _09466_/A (sky130_fd_sc_hd__inv_2)
                  0.08    0.13    3.60 ^ _09466_/Y (sky130_fd_sc_hd__inv_2)
     1    0.00                           _00108_ (net)
                  0.08    0.00    3.60 ^ _13187_/RESET_B (sky130_fd_sc_hd__dfrtp_2)
                                  3.60   data arrival time

                  0.15   10.00   10.00   clock clk (rise edge)
                          0.00   10.00   clock network delay (ideal)
                         -0.25    9.75   clock uncertainty
                          0.00    9.75   clock reconvergence pessimism
                                  9.75 ^ _13187_/CLK (sky130_fd_sc_hd__dfrtp_2)
                          0.24    9.99   library recovery time
                                  9.99   data required time
-----------------------------------------------------------------------------
                                  9.99   data required time
                                 -3.60   data arrival time
-----------------------------------------------------------------------------
                                  6.39   slack (MET)


Startpoint: _13483_ (rising edge-triggered flip-flop clocked by clk)
Endpoint: _13015_ (rising edge-triggered flip-flop clocked by clk)
Path Group: clk
Path Type: max

Fanout     Cap    Slew   Delay    Time   Description
-----------------------------------------------------------------------------
                  0.15    0.00    0.00   clock clk (rise edge)
                          0.00    0.00   clock network delay (ideal)
                  0.15    0.00    0.00 ^ _13483_/CLK (sky130_fd_sc_hd__dfxtp_2)
                  0.05    0.39    0.39 v _13483_/Q (sky130_fd_sc_hd__dfxtp_2)
     5    0.02                           _158_[1] (net)
                  0.05    0.00    0.39 v _06545_/A (sky130_fd_sc_hd__or4_2)
                  0.15    0.78    1.17 v _06545_/X (sky130_fd_sc_hd__or4_2)
     5    0.02                           _01254_ (net)
                  0.15    0.00    1.17 v _06546_/C (sky130_fd_sc_hd__or3_2)
                  0.10    0.51    1.68 v _06546_/X (sky130_fd_sc_hd__or3_2)
     3    0.01                           _01255_ (net)
                  0.10    0.00    1.68 v _06547_/B (sky130_fd_sc_hd__or2_2)
                  0.11    0.38    2.06 v _06547_/X (sky130_fd_sc_hd__or2_2)
     4    0.02                           _01256_ (net)
                  0.11    0.00    2.06 v _06548_/C (sky130_fd_sc_hd__or3_2)
                  0.10    0.49    2.55 v _06548_/X (sky130_fd_sc_hd__or3_2)
     3    0.01                           _01257_ (net)
                  0.10    0.00    2.55 v _06549_/B (sky130_fd_sc_hd__or2_2)
                  0.09    0.37    2.92 v _06549_/X (sky130_fd_sc_hd__or2_2)
     4    0.02                           _01258_ (net)
                  0.09    0.00    2.92 v _06550_/C (sky130_fd_sc_hd__or3_2)
                  0.11    0.49    3.41 v _06550_/X (sky130_fd_sc_hd__or3_2)
     3    0.01                           _01259_ (net)
                  0.11    0.00    3.41 v _06551_/B (sky130_fd_sc_hd__or2_2)
                  0.10    0.37    3.78 v _06551_/X (sky130_fd_sc_hd__or2_2)
     4    0.02                           _01260_ (net)
                  0.10    0.00    3.78 v _06552_/C (sky130_fd_sc_hd__or3_2)
                  0.10    0.49    4.27 v _06552_/X (sky130_fd_sc_hd__or3_2)
     3    0.01                           _01261_ (net)
                  0.10    0.00    4.27 v _06553_/B (sky130_fd_sc_hd__or2_2)
                  0.10    0.37    4.64 v _06553_/X (sky130_fd_sc_hd__or2_2)
     4    0.02                           _01262_ (net)
                  0.10    0.00    4.64 v _06554_/C (sky130_fd_sc_hd__or3_2)
                  0.10    0.49    5.12 v _06554_/X (sky130_fd_sc_hd__or3_2)
     3    0.01                           _01263_ (net)
                  0.10    0.00    5.12 v _06555_/B (sky130_fd_sc_hd__or2_2)
                  0.10    0.37    5.49 v _06555_/X (sky130_fd_sc_hd__or2_2)
     4    0.02                           _01264_ (net)
                  0.10    0.00    5.49 v _06556_/C (sky130_fd_sc_hd__or3_2)
                  0.12    0.51    6.00 v _06556_/X (sky130_fd_sc_hd__or3_2)
     4    0.02                           _01265_ (net)
                  0.12    0.00    6.00 v _06594_/B (sky130_fd_sc_hd__nor2_2)
                  0.32    0.31    6.31 ^ _06594_/Y (sky130_fd_sc_hd__nor2_2)
     4    0.03                           _01297_ (net)
                  0.32    0.00    6.31 ^ _06601_/B (sky130_fd_sc_hd__nor2_2)
                  0.09    0.11    6.42 v _06601_/Y (sky130_fd_sc_hd__nor2_2)
     3    0.01                           _01304_ (net)
                  0.09    0.00    6.42 v _06743_/B1 (sky130_fd_sc_hd__a21oi_2)
                  0.13    0.16    6.58 ^ _06743_/Y (sky130_fd_sc_hd__a21oi_2)
     2    0.01                           _01403_ (net)
                  0.13    0.00    6.58 ^ _06750_/C (sky130_fd_sc_hd__or3_2)
                  0.04    0.13    6.72 ^ _06750_/X (sky130_fd_sc_hd__or3_2)
     1    0.00                           _01410_ (net)
                  0.04    0.00    6.72 ^ _06751_/A (sky130_fd_sc_hd__buf_1)
                  0.77    0.60    7.32 ^ _06751_/X (sky130_fd_sc_hd__buf_1)
     9    0.07                           _01411_ (net)
                  0.77    0.01    7.33 ^ _06761_/A (sky130_fd_sc_hd__buf_1)
                  0.51    0.50    7.83 ^ _06761_/X (sky130_fd_sc_hd__buf_1)
    10    0.04                           _01420_ (net)
                  0.51    0.00    7.83 ^ _06762_/A (sky130_fd_sc_hd__buf_1)
                  0.79    0.69    8.53 ^ _06762_/X (sky130_fd_sc_hd__buf_1)
    10    0.07                           _01421_ (net)
                  0.79    0.00    8.53 ^ _07081_/A (sky130_fd_sc_hd__buf_1)
                  0.59    0.55    9.09 ^ _07081_/X (sky130_fd_sc_hd__buf_1)
    10    0.05                           _01660_ (net)
                  0.59    0.01    9.09 ^ _07111_/A2 (sky130_fd_sc_hd__o211a_2)
                  0.04    0.25    9.35 ^ _07111_/X (sky130_fd_sc_hd__o211a_2)
     1    0.00                           _00234_ (net)
                  0.04    0.00    9.35 ^ _13015_/D (sky130_fd_sc_hd__dfxtp_2)
                                  9.35   data arrival time

                  0.15   10.00   10.00   clock clk (rise edge)
                          0.00   10.00   clock network delay (ideal)
                         -0.25    9.75   clock uncertainty
                          0.00    9.75   clock reconvergence pessimism
                                  9.75 ^ _13015_/CLK (sky130_fd_sc_hd__dfxtp_2)
                         -0.04    9.71   library setup time
                                  9.71   data required time
-----------------------------------------------------------------------------
                                  9.71   data required time
                                 -9.35   data arrival time
-----------------------------------------------------------------------------
                                  0.36   slack (MET)


Startpoint: _13483_ (rising edge-triggered flip-flop clocked by clk)
Endpoint: _13021_ (rising edge-triggered flip-flop clocked by clk)
Path Group: clk
Path Type: max

Fanout     Cap    Slew   Delay    Time   Description
-----------------------------------------------------------------------------
                  0.15    0.00    0.00   clock clk (rise edge)
                          0.00    0.00   clock network delay (ideal)
                  0.15    0.00    0.00 ^ _13483_/CLK (sky130_fd_sc_hd__dfxtp_2)
                  0.05    0.39    0.39 v _13483_/Q (sky130_fd_sc_hd__dfxtp_2)
     5    0.02                           _158_[1] (net)
                  0.05    0.00    0.39 v _06545_/A (sky130_fd_sc_hd__or4_2)
                  0.15    0.78    1.17 v _06545_/X (sky130_fd_sc_hd__or4_2)
     5    0.02                           _01254_ (net)
                  0.15    0.00    1.17 v _06546_/C (sky130_fd_sc_hd__or3_2)
                  0.10    0.51    1.68 v _06546_/X (sky130_fd_sc_hd__or3_2)
     3    0.01                           _01255_ (net)
                  0.10    0.00    1.68 v _06547_/B (sky130_fd_sc_hd__or2_2)
                  0.11    0.38    2.06 v _06547_/X (sky130_fd_sc_hd__or2_2)
     4    0.02                           _01256_ (net)
                  0.11    0.00    2.06 v _06548_/C (sky130_fd_sc_hd__or3_2)
                  0.10    0.49    2.55 v _06548_/X (sky130_fd_sc_hd__or3_2)
     3    0.01                           _01257_ (net)
                  0.10    0.00    2.55 v _06549_/B (sky130_fd_sc_hd__or2_2)
                  0.09    0.37    2.92 v _06549_/X (sky130_fd_sc_hd__or2_2)
     4    0.02                           _01258_ (net)
                  0.09    0.00    2.92 v _06550_/C (sky130_fd_sc_hd__or3_2)
                  0.11    0.49    3.41 v _06550_/X (sky130_fd_sc_hd__or3_2)
     3    0.01                           _01259_ (net)
                  0.11    0.00    3.41 v _06551_/B (sky130_fd_sc_hd__or2_2)
                  0.10    0.37    3.78 v _06551_/X (sky130_fd_sc_hd__or2_2)
     4    0.02                           _01260_ (net)
                  0.10    0.00    3.78 v _06552_/C (sky130_fd_sc_hd__or3_2)
                  0.10    0.49    4.27 v _06552_/X (sky130_fd_sc_hd__or3_2)
     3    0.01                           _01261_ (net)
                  0.10    0.00    4.27 v _06553_/B (sky130_fd_sc_hd__or2_2)
                  0.10    0.37    4.64 v _06553_/X (sky130_fd_sc_hd__or2_2)
     4    0.02                           _01262_ (net)
                  0.10    0.00    4.64 v _06554_/C (sky130_fd_sc_hd__or3_2)
                  0.10    0.49    5.12 v _06554_/X (sky130_fd_sc_hd__or3_2)
     3    0.01                           _01263_ (net)
                  0.10    0.00    5.12 v _06555_/B (sky130_fd_sc_hd__or2_2)
                  0.10    0.37    5.49 v _06555_/X (sky130_fd_sc_hd__or2_2)
     4    0.02                           _01264_ (net)
                  0.10    0.00    5.49 v _06556_/C (sky130_fd_sc_hd__or3_2)
                  0.12    0.51    6.00 v _06556_/X (sky130_fd_sc_hd__or3_2)
     4    0.02                           _01265_ (net)
                  0.12    0.00    6.00 v _06594_/B (sky130_fd_sc_hd__nor2_2)
                  0.32    0.31    6.31 ^ _06594_/Y (sky130_fd_sc_hd__nor2_2)
     4    0.03                           _01297_ (net)
                  0.32    0.00    6.31 ^ _06601_/B (sky130_fd_sc_hd__nor2_2)
                  0.09    0.11    6.42 v _06601_/Y (sky130_fd_sc_hd__nor2_2)
     3    0.01                           _01304_ (net)
                  0.09    0.00    6.42 v _06743_/B1 (sky130_fd_sc_hd__a21oi_2)
                  0.13    0.16    6.58 ^ _06743_/Y (sky130_fd_sc_hd__a21oi_2)
     2    0.01                           _01403_ (net)
                  0.13    0.00    6.58 ^ _06750_/C (sky130_fd_sc_hd__or3_2)
                  0.04    0.13    6.72 ^ _06750_/X (sky130_fd_sc_hd__or3_2)
     1    0.00                           _01410_ (net)
                  0.04    0.00    6.72 ^ _06751_/A (sky130_fd_sc_hd__buf_1)
                  0.77    0.60    7.32 ^ _06751_/X (sky130_fd_sc_hd__buf_1)
     9    0.07                           _01411_ (net)
                  0.77    0.01    7.33 ^ _06761_/A (sky130_fd_sc_hd__buf_1)
                  0.51    0.50    7.83 ^ _06761_/X (sky130_fd_sc_hd__buf_1)
    10    0.04                           _01420_ (net)
                  0.51    0.00    7.83 ^ _06762_/A (sky130_fd_sc_hd__buf_1)
                  0.79    0.69    8.53 ^ _06762_/X (sky130_fd_sc_hd__buf_1)
    10    0.07                           _01421_ (net)
                  0.79    0.00    8.53 ^ _07081_/A (sky130_fd_sc_hd__buf_1)
                  0.59    0.55    9.09 ^ _07081_/X (sky130_fd_sc_hd__buf_1)
    10    0.05                           _01660_ (net)
                  0.59    0.01    9.09 ^ _07137_/A2 (sky130_fd_sc_hd__o211a_2)
                  0.04    0.25    9.35 ^ _07137_/X (sky130_fd_sc_hd__o211a_2)
     1    0.00                           _00240_ (net)
                  0.04    0.00    9.35 ^ _13021_/D (sky130_fd_sc_hd__dfxtp_2)
                                  9.35   data arrival time

                  0.15   10.00   10.00   clock clk (rise edge)
                          0.00   10.00   clock network delay (ideal)
                         -0.25    9.75   clock uncertainty
                          0.00    9.75   clock reconvergence pessimism
                                  9.75 ^ _13021_/CLK (sky130_fd_sc_hd__dfxtp_2)
                         -0.04    9.71   library setup time
                                  9.71   data required time
-----------------------------------------------------------------------------
                                  9.71   data required time
                                 -9.35   data arrival time
-----------------------------------------------------------------------------
                                  0.36   slack (MET)


Startpoint: _13483_ (rising edge-triggered flip-flop clocked by clk)
Endpoint: _13012_ (rising edge-triggered flip-flop clocked by clk)
Path Group: clk
Path Type: max

Fanout     Cap    Slew   Delay    Time   Description
-----------------------------------------------------------------------------
                  0.15    0.00    0.00   clock clk (rise edge)
                          0.00    0.00   clock network delay (ideal)
                  0.15    0.00    0.00 ^ _13483_/CLK (sky130_fd_sc_hd__dfxtp_2)
                  0.05    0.39    0.39 v _13483_/Q (sky130_fd_sc_hd__dfxtp_2)
     5    0.02                           _158_[1] (net)
                  0.05    0.00    0.39 v _06545_/A (sky130_fd_sc_hd__or4_2)
                  0.15    0.78    1.17 v _06545_/X (sky130_fd_sc_hd__or4_2)
     5    0.02                           _01254_ (net)
                  0.15    0.00    1.17 v _06546_/C (sky130_fd_sc_hd__or3_2)
                  0.10    0.51    1.68 v _06546_/X (sky130_fd_sc_hd__or3_2)
     3    0.01                           _01255_ (net)
                  0.10    0.00    1.68 v _06547_/B (sky130_fd_sc_hd__or2_2)
                  0.11    0.38    2.06 v _06547_/X (sky130_fd_sc_hd__or2_2)
     4    0.02                           _01256_ (net)
                  0.11    0.00    2.06 v _06548_/C (sky130_fd_sc_hd__or3_2)
                  0.10    0.49    2.55 v _06548_/X (sky130_fd_sc_hd__or3_2)
     3    0.01                           _01257_ (net)
                  0.10    0.00    2.55 v _06549_/B (sky130_fd_sc_hd__or2_2)
                  0.09    0.37    2.92 v _06549_/X (sky130_fd_sc_hd__or2_2)
     4    0.02                           _01258_ (net)
                  0.09    0.00    2.92 v _06550_/C (sky130_fd_sc_hd__or3_2)
                  0.11    0.49    3.41 v _06550_/X (sky130_fd_sc_hd__or3_2)
     3    0.01                           _01259_ (net)
                  0.11    0.00    3.41 v _06551_/B (sky130_fd_sc_hd__or2_2)
                  0.10    0.37    3.78 v _06551_/X (sky130_fd_sc_hd__or2_2)
     4    0.02                           _01260_ (net)
                  0.10    0.00    3.78 v _06552_/C (sky130_fd_sc_hd__or3_2)
                  0.10    0.49    4.27 v _06552_/X (sky130_fd_sc_hd__or3_2)
     3    0.01                           _01261_ (net)
                  0.10    0.00    4.27 v _06553_/B (sky130_fd_sc_hd__or2_2)
                  0.10    0.37    4.64 v _06553_/X (sky130_fd_sc_hd__or2_2)
     4    0.02                           _01262_ (net)
                  0.10    0.00    4.64 v _06554_/C (sky130_fd_sc_hd__or3_2)
                  0.10    0.49    5.12 v _06554_/X (sky130_fd_sc_hd__or3_2)
     3    0.01                           _01263_ (net)
                  0.10    0.00    5.12 v _06555_/B (sky130_fd_sc_hd__or2_2)
                  0.10    0.37    5.49 v _06555_/X (sky130_fd_sc_hd__or2_2)
     4    0.02                           _01264_ (net)
                  0.10    0.00    5.49 v _06556_/C (sky130_fd_sc_hd__or3_2)
                  0.12    0.51    6.00 v _06556_/X (sky130_fd_sc_hd__or3_2)
     4    0.02                           _01265_ (net)
                  0.12    0.00    6.00 v _06594_/B (sky130_fd_sc_hd__nor2_2)
                  0.32    0.31    6.31 ^ _06594_/Y (sky130_fd_sc_hd__nor2_2)
     4    0.03                           _01297_ (net)
                  0.32    0.00    6.31 ^ _06601_/B (sky130_fd_sc_hd__nor2_2)
                  0.09    0.11    6.42 v _06601_/Y (sky130_fd_sc_hd__nor2_2)
     3    0.01                           _01304_ (net)
                  0.09    0.00    6.42 v _06743_/B1 (sky130_fd_sc_hd__a21oi_2)
                  0.13    0.16    6.58 ^ _06743_/Y (sky130_fd_sc_hd__a21oi_2)
     2    0.01                           _01403_ (net)
                  0.13    0.00    6.58 ^ _06750_/C (sky130_fd_sc_hd__or3_2)
                  0.04    0.13    6.72 ^ _06750_/X (sky130_fd_sc_hd__or3_2)
     1    0.00                           _01410_ (net)
                  0.04    0.00    6.72 ^ _06751_/A (sky130_fd_sc_hd__buf_1)
                  0.77    0.60    7.32 ^ _06751_/X (sky130_fd_sc_hd__buf_1)
     9    0.07                           _01411_ (net)
                  0.77    0.01    7.33 ^ _06761_/A (sky130_fd_sc_hd__buf_1)
                  0.51    0.50    7.83 ^ _06761_/X (sky130_fd_sc_hd__buf_1)
    10    0.04                           _01420_ (net)
                  0.51    0.00    7.83 ^ _06762_/A (sky130_fd_sc_hd__buf_1)
                  0.79    0.69    8.53 ^ _06762_/X (sky130_fd_sc_hd__buf_1)
    10    0.07                           _01421_ (net)
                  0.79    0.00    8.53 ^ _07081_/A (sky130_fd_sc_hd__buf_1)
                  0.59    0.55    9.09 ^ _07081_/X (sky130_fd_sc_hd__buf_1)
    10    0.05                           _01660_ (net)
                  0.59    0.01    9.09 ^ _07099_/A2 (sky130_fd_sc_hd__o211a_2)
                  0.04    0.25    9.35 ^ _07099_/X (sky130_fd_sc_hd__o211a_2)
     1    0.00                           _00231_ (net)
                  0.04    0.00    9.35 ^ _13012_/D (sky130_fd_sc_hd__dfxtp_2)
                                  9.35   data arrival time

                  0.15   10.00   10.00   clock clk (rise edge)
                          0.00   10.00   clock network delay (ideal)
                         -0.25    9.75   clock uncertainty
                          0.00    9.75   clock reconvergence pessimism
                                  9.75 ^ _13012_/CLK (sky130_fd_sc_hd__dfxtp_2)
                         -0.04    9.71   library setup time
                                  9.71   data required time
-----------------------------------------------------------------------------
                                  9.71   data required time
                                 -9.35   data arrival time
-----------------------------------------------------------------------------
                                  0.36   slack (MET)


Startpoint: _13483_ (rising edge-triggered flip-flop clocked by clk)
Endpoint: _13014_ (rising edge-triggered flip-flop clocked by clk)
Path Group: clk
Path Type: max

Fanout     Cap    Slew   Delay    Time   Description
-----------------------------------------------------------------------------
                  0.15    0.00    0.00   clock clk (rise edge)
                          0.00    0.00   clock network delay (ideal)
                  0.15    0.00    0.00 ^ _13483_/CLK (sky130_fd_sc_hd__dfxtp_2)
                  0.05    0.39    0.39 v _13483_/Q (sky130_fd_sc_hd__dfxtp_2)
     5    0.02                           _158_[1] (net)
                  0.05    0.00    0.39 v _06545_/A (sky130_fd_sc_hd__or4_2)
                  0.15    0.78    1.17 v _06545_/X (sky130_fd_sc_hd__or4_2)
     5    0.02                           _01254_ (net)
                  0.15    0.00    1.17 v _06546_/C (sky130_fd_sc_hd__or3_2)
                  0.10    0.51    1.68 v _06546_/X (sky130_fd_sc_hd__or3_2)
     3    0.01                           _01255_ (net)
                  0.10    0.00    1.68 v _06547_/B (sky130_fd_sc_hd__or2_2)
                  0.11    0.38    2.06 v _06547_/X (sky130_fd_sc_hd__or2_2)
     4    0.02                           _01256_ (net)
                  0.11    0.00    2.06 v _06548_/C (sky130_fd_sc_hd__or3_2)
                  0.10    0.49    2.55 v _06548_/X (sky130_fd_sc_hd__or3_2)
     3    0.01                           _01257_ (net)
                  0.10    0.00    2.55 v _06549_/B (sky130_fd_sc_hd__or2_2)
                  0.09    0.37    2.92 v _06549_/X (sky130_fd_sc_hd__or2_2)
     4    0.02                           _01258_ (net)
                  0.09    0.00    2.92 v _06550_/C (sky130_fd_sc_hd__or3_2)
                  0.11    0.49    3.41 v _06550_/X (sky130_fd_sc_hd__or3_2)
     3    0.01                           _01259_ (net)
                  0.11    0.00    3.41 v _06551_/B (sky130_fd_sc_hd__or2_2)
                  0.10    0.37    3.78 v _06551_/X (sky130_fd_sc_hd__or2_2)
     4    0.02                           _01260_ (net)
                  0.10    0.00    3.78 v _06552_/C (sky130_fd_sc_hd__or3_2)
                  0.10    0.49    4.27 v _06552_/X (sky130_fd_sc_hd__or3_2)
     3    0.01                           _01261_ (net)
                  0.10    0.00    4.27 v _06553_/B (sky130_fd_sc_hd__or2_2)
                  0.10    0.37    4.64 v _06553_/X (sky130_fd_sc_hd__or2_2)
     4    0.02                           _01262_ (net)
                  0.10    0.00    4.64 v _06554_/C (sky130_fd_sc_hd__or3_2)
                  0.10    0.49    5.12 v _06554_/X (sky130_fd_sc_hd__or3_2)
     3    0.01                           _01263_ (net)
                  0.10    0.00    5.12 v _06555_/B (sky130_fd_sc_hd__or2_2)
                  0.10    0.37    5.49 v _06555_/X (sky130_fd_sc_hd__or2_2)
     4    0.02                           _01264_ (net)
                  0.10    0.00    5.49 v _06556_/C (sky130_fd_sc_hd__or3_2)
                  0.12    0.51    6.00 v _06556_/X (sky130_fd_sc_hd__or3_2)
     4    0.02                           _01265_ (net)
                  0.12    0.00    6.00 v _06594_/B (sky130_fd_sc_hd__nor2_2)
                  0.32    0.31    6.31 ^ _06594_/Y (sky130_fd_sc_hd__nor2_2)
     4    0.03                           _01297_ (net)
                  0.32    0.00    6.31 ^ _06601_/B (sky130_fd_sc_hd__nor2_2)
                  0.09    0.11    6.42 v _06601_/Y (sky130_fd_sc_hd__nor2_2)
     3    0.01                           _01304_ (net)
                  0.09    0.00    6.42 v _06743_/B1 (sky130_fd_sc_hd__a21oi_2)
                  0.13    0.16    6.58 ^ _06743_/Y (sky130_fd_sc_hd__a21oi_2)
     2    0.01                           _01403_ (net)
                  0.13    0.00    6.58 ^ _06750_/C (sky130_fd_sc_hd__or3_2)
                  0.04    0.13    6.72 ^ _06750_/X (sky130_fd_sc_hd__or3_2)
     1    0.00                           _01410_ (net)
                  0.04    0.00    6.72 ^ _06751_/A (sky130_fd_sc_hd__buf_1)
                  0.77    0.60    7.32 ^ _06751_/X (sky130_fd_sc_hd__buf_1)
     9    0.07                           _01411_ (net)
                  0.77    0.01    7.33 ^ _06761_/A (sky130_fd_sc_hd__buf_1)
                  0.51    0.50    7.83 ^ _06761_/X (sky130_fd_sc_hd__buf_1)
    10    0.04                           _01420_ (net)
                  0.51    0.00    7.83 ^ _06762_/A (sky130_fd_sc_hd__buf_1)
                  0.79    0.69    8.53 ^ _06762_/X (sky130_fd_sc_hd__buf_1)
    10    0.07                           _01421_ (net)
                  0.79    0.00    8.53 ^ _07081_/A (sky130_fd_sc_hd__buf_1)
                  0.59    0.55    9.09 ^ _07081_/X (sky130_fd_sc_hd__buf_1)
    10    0.05                           _01660_ (net)
                  0.59    0.01    9.09 ^ _07107_/A2 (sky130_fd_sc_hd__o211a_2)
                  0.04    0.25    9.35 ^ _07107_/X (sky130_fd_sc_hd__o211a_2)
     1    0.00                           _00233_ (net)
                  0.04    0.00    9.35 ^ _13014_/D (sky130_fd_sc_hd__dfxtp_2)
                                  9.35   data arrival time

                  0.15   10.00   10.00   clock clk (rise edge)
                          0.00   10.00   clock network delay (ideal)
                         -0.25    9.75   clock uncertainty
                          0.00    9.75   clock reconvergence pessimism
                                  9.75 ^ _13014_/CLK (sky130_fd_sc_hd__dfxtp_2)
                         -0.04    9.71   library setup time
                                  9.71   data required time
-----------------------------------------------------------------------------
                                  9.71   data required time
                                 -9.35   data arrival time
-----------------------------------------------------------------------------
                                  0.36   slack (MET)


Startpoint: _13483_ (rising edge-triggered flip-flop clocked by clk)
Endpoint: _13013_ (rising edge-triggered flip-flop clocked by clk)
Path Group: clk
Path Type: max

Fanout     Cap    Slew   Delay    Time   Description
-----------------------------------------------------------------------------
                  0.15    0.00    0.00   clock clk (rise edge)
                          0.00    0.00   clock network delay (ideal)
                  0.15    0.00    0.00 ^ _13483_/CLK (sky130_fd_sc_hd__dfxtp_2)
                  0.05    0.39    0.39 v _13483_/Q (sky130_fd_sc_hd__dfxtp_2)
     5    0.02                           _158_[1] (net)
                  0.05    0.00    0.39 v _06545_/A (sky130_fd_sc_hd__or4_2)
                  0.15    0.78    1.17 v _06545_/X (sky130_fd_sc_hd__or4_2)
     5    0.02                           _01254_ (net)
                  0.15    0.00    1.17 v _06546_/C (sky130_fd_sc_hd__or3_2)
                  0.10    0.51    1.68 v _06546_/X (sky130_fd_sc_hd__or3_2)
     3    0.01                           _01255_ (net)
                  0.10    0.00    1.68 v _06547_/B (sky130_fd_sc_hd__or2_2)
                  0.11    0.38    2.06 v _06547_/X (sky130_fd_sc_hd__or2_2)
     4    0.02                           _01256_ (net)
                  0.11    0.00    2.06 v _06548_/C (sky130_fd_sc_hd__or3_2)
                  0.10    0.49    2.55 v _06548_/X (sky130_fd_sc_hd__or3_2)
     3    0.01                           _01257_ (net)
                  0.10    0.00    2.55 v _06549_/B (sky130_fd_sc_hd__or2_2)
                  0.09    0.37    2.92 v _06549_/X (sky130_fd_sc_hd__or2_2)
     4    0.02                           _01258_ (net)
                  0.09    0.00    2.92 v _06550_/C (sky130_fd_sc_hd__or3_2)
                  0.11    0.49    3.41 v _06550_/X (sky130_fd_sc_hd__or3_2)
     3    0.01                           _01259_ (net)
                  0.11    0.00    3.41 v _06551_/B (sky130_fd_sc_hd__or2_2)
                  0.10    0.37    3.78 v _06551_/X (sky130_fd_sc_hd__or2_2)
     4    0.02                           _01260_ (net)
                  0.10    0.00    3.78 v _06552_/C (sky130_fd_sc_hd__or3_2)
                  0.10    0.49    4.27 v _06552_/X (sky130_fd_sc_hd__or3_2)
     3    0.01                           _01261_ (net)
                  0.10    0.00    4.27 v _06553_/B (sky130_fd_sc_hd__or2_2)
                  0.10    0.37    4.64 v _06553_/X (sky130_fd_sc_hd__or2_2)
     4    0.02                           _01262_ (net)
                  0.10    0.00    4.64 v _06554_/C (sky130_fd_sc_hd__or3_2)
                  0.10    0.49    5.12 v _06554_/X (sky130_fd_sc_hd__or3_2)
     3    0.01                           _01263_ (net)
                  0.10    0.00    5.12 v _06555_/B (sky130_fd_sc_hd__or2_2)
                  0.10    0.37    5.49 v _06555_/X (sky130_fd_sc_hd__or2_2)
     4    0.02                           _01264_ (net)
                  0.10    0.00    5.49 v _06556_/C (sky130_fd_sc_hd__or3_2)
                  0.12    0.51    6.00 v _06556_/X (sky130_fd_sc_hd__or3_2)
     4    0.02                           _01265_ (net)
                  0.12    0.00    6.00 v _06594_/B (sky130_fd_sc_hd__nor2_2)
                  0.32    0.31    6.31 ^ _06594_/Y (sky130_fd_sc_hd__nor2_2)
     4    0.03                           _01297_ (net)
                  0.32    0.00    6.31 ^ _06601_/B (sky130_fd_sc_hd__nor2_2)
                  0.09    0.11    6.42 v _06601_/Y (sky130_fd_sc_hd__nor2_2)
     3    0.01                           _01304_ (net)
                  0.09    0.00    6.42 v _06743_/B1 (sky130_fd_sc_hd__a21oi_2)
                  0.13    0.16    6.58 ^ _06743_/Y (sky130_fd_sc_hd__a21oi_2)
     2    0.01                           _01403_ (net)
                  0.13    0.00    6.58 ^ _06750_/C (sky130_fd_sc_hd__or3_2)
                  0.04    0.13    6.72 ^ _06750_/X (sky130_fd_sc_hd__or3_2)
     1    0.00                           _01410_ (net)
                  0.04    0.00    6.72 ^ _06751_/A (sky130_fd_sc_hd__buf_1)
                  0.77    0.60    7.32 ^ _06751_/X (sky130_fd_sc_hd__buf_1)
     9    0.07                           _01411_ (net)
                  0.77    0.01    7.33 ^ _06761_/A (sky130_fd_sc_hd__buf_1)
                  0.51    0.50    7.83 ^ _06761_/X (sky130_fd_sc_hd__buf_1)
    10    0.04                           _01420_ (net)
                  0.51    0.00    7.83 ^ _06762_/A (sky130_fd_sc_hd__buf_1)
                  0.79    0.69    8.53 ^ _06762_/X (sky130_fd_sc_hd__buf_1)
    10    0.07                           _01421_ (net)
                  0.79    0.00    8.53 ^ _07081_/A (sky130_fd_sc_hd__buf_1)
                  0.59    0.55    9.09 ^ _07081_/X (sky130_fd_sc_hd__buf_1)
    10    0.05                           _01660_ (net)
                  0.59    0.01    9.09 ^ _07103_/A2 (sky130_fd_sc_hd__o211a_2)
                  0.04    0.25    9.35 ^ _07103_/X (sky130_fd_sc_hd__o211a_2)
     1    0.00                           _00232_ (net)
                  0.04    0.00    9.35 ^ _13013_/D (sky130_fd_sc_hd__dfxtp_2)
                                  9.35   data arrival time

                  0.15   10.00   10.00   clock clk (rise edge)
                          0.00   10.00   clock network delay (ideal)
                         -0.25    9.75   clock uncertainty
                          0.00    9.75   clock reconvergence pessimism
                                  9.75 ^ _13013_/CLK (sky130_fd_sc_hd__dfxtp_2)
                         -0.04    9.71   library setup time
                                  9.71   data required time
-----------------------------------------------------------------------------
                                  9.71   data required time
                                 -9.35   data arrival time
-----------------------------------------------------------------------------
                                  0.36   slack (MET)


