
===========================================================================
report_checks -unconstrained
============================================================================
Startpoint: rst (input port clocked by clk)
Endpoint: _13185_ (recovery check against rising-edge clock clk)
Path Group: **async_default**
Path Type: max

Fanout     Cap    Slew   Delay    Time   Description
-----------------------------------------------------------------------------
                  0.15    0.00    0.00   clock clk (rise edge)
                          0.00    0.00   clock network delay (ideal)
                          2.00    2.00 v input external delay
                  0.01    0.00    2.00 v rst (in)
     1    0.00                           rst (net)
                  0.01    0.00    2.00 v input34/A (sky130_fd_sc_hd__buf_4)
                  0.07    0.17    2.17 v input34/X (sky130_fd_sc_hd__buf_4)
     6    0.05                           net34 (net)
                  0.07    0.01    2.18 v _06756_/B1 (sky130_fd_sc_hd__a21o_2)
                  0.10    0.28    2.46 v _06756_/X (sky130_fd_sc_hd__a21o_2)
     3    0.03                           _01416_ (net)
                  0.10    0.00    2.47 v _06757_/A (sky130_fd_sc_hd__buf_4)
                  0.08    0.22    2.68 v _06757_/X (sky130_fd_sc_hd__buf_4)
    10    0.05                           _01417_ (net)
                  0.08    0.01    2.69 v _06758_/A (sky130_fd_sc_hd__clkbuf_4)
                  0.09    0.22    2.91 v _06758_/X (sky130_fd_sc_hd__clkbuf_4)
    10    0.04                           _01418_ (net)
                  0.09    0.00    2.91 v _09463_/A (sky130_fd_sc_hd__buf_6)
                  0.07    0.19    3.10 v _09463_/X (sky130_fd_sc_hd__buf_6)
    10    0.07                           _03866_ (net)
                  0.07    0.01    3.10 v _09464_/A (sky130_fd_sc_hd__inv_2)
                  0.04    0.06    3.17 ^ _09464_/Y (sky130_fd_sc_hd__inv_2)
     1    0.00                           _00106_ (net)
                  0.04    0.00    3.17 ^ _13185_/RESET_B (sky130_fd_sc_hd__dfrtp_2)
                                  3.17   data arrival time

                  0.15   10.00   10.00   clock clk (rise edge)
                          0.00   10.00   clock network delay (ideal)
                         -0.25    9.75   clock uncertainty
                          0.00    9.75   clock reconvergence pessimism
                                  9.75 ^ _13185_/CLK (sky130_fd_sc_hd__dfrtp_2)
                          0.25   10.00   library recovery time
                                 10.00   data required time
-----------------------------------------------------------------------------
                                 10.00   data required time
                                 -3.17   data arrival time
-----------------------------------------------------------------------------
                                  6.84   slack (MET)


Startpoint: _13483_ (rising edge-triggered flip-flop clocked by clk)
Endpoint: src_read (output port clocked by clk)
Path Group: clk
Path Type: max

Fanout     Cap    Slew   Delay    Time   Description
-----------------------------------------------------------------------------
                  0.15    0.00    0.00   clock clk (rise edge)
                          0.00    0.00   clock network delay (ideal)
                  0.15    0.00    0.00 ^ _13483_/CLK (sky130_fd_sc_hd__dfxtp_1)
                  0.08    0.39    0.39 v _13483_/Q (sky130_fd_sc_hd__dfxtp_1)
     5    0.02                           _158_[1] (net)
                  0.08    0.00    0.39 v _06545_/A (sky130_fd_sc_hd__or4_2)
                  0.14    0.77    1.16 v _06545_/X (sky130_fd_sc_hd__or4_2)
     5    0.01                           _01254_ (net)
                  0.14    0.00    1.16 v _06546_/C (sky130_fd_sc_hd__or3_1)
                  0.09    0.38    1.55 v _06546_/X (sky130_fd_sc_hd__or3_1)
     3    0.01                           _01255_ (net)
                  0.09    0.00    1.55 v _06547_/B (sky130_fd_sc_hd__or2_2)
                  0.09    0.36    1.90 v _06547_/X (sky130_fd_sc_hd__or2_2)
     4    0.02                           _01256_ (net)
                  0.09    0.00    1.90 v _06548_/C (sky130_fd_sc_hd__or3_1)
                  0.10    0.38    2.28 v _06548_/X (sky130_fd_sc_hd__or3_1)
     3    0.01                           _01257_ (net)
                  0.10    0.00    2.28 v _06549_/B (sky130_fd_sc_hd__or2_1)
                  0.09    0.28    2.57 v _06549_/X (sky130_fd_sc_hd__or2_1)
     4    0.01                           _01258_ (net)
                  0.09    0.00    2.57 v _06550_/C (sky130_fd_sc_hd__or3_1)
                  0.09    0.37    2.94 v _06550_/X (sky130_fd_sc_hd__or3_1)
     3    0.01                           _01259_ (net)
                  0.09    0.00    2.94 v _06551_/B (sky130_fd_sc_hd__or2_1)
                  0.09    0.29    3.23 v _06551_/X (sky130_fd_sc_hd__or2_1)
     4    0.01                           _01260_ (net)
                  0.09    0.00    3.23 v _06552_/C (sky130_fd_sc_hd__or3_1)
                  0.09    0.37    3.60 v _06552_/X (sky130_fd_sc_hd__or3_1)
     3    0.01                           _01261_ (net)
                  0.09    0.00    3.60 v _06553_/B (sky130_fd_sc_hd__or2_1)
                  0.09    0.28    3.88 v _06553_/X (sky130_fd_sc_hd__or2_1)
     4    0.01                           _01262_ (net)
                  0.09    0.00    3.88 v _06554_/C (sky130_fd_sc_hd__or3_1)
                  0.10    0.38    4.26 v _06554_/X (sky130_fd_sc_hd__or3_1)
     3    0.01                           _01263_ (net)
                  0.10    0.00    4.26 v _06555_/B (sky130_fd_sc_hd__or2_1)
                  0.09    0.29    4.55 v _06555_/X (sky130_fd_sc_hd__or2_1)
     4    0.01                           _01264_ (net)
                  0.09    0.00    4.55 v _06556_/C (sky130_fd_sc_hd__or3_1)
                  0.11    0.40    4.95 v _06556_/X (sky130_fd_sc_hd__or3_1)
     4    0.01                           _01265_ (net)
                  0.11    0.00    4.95 v _06594_/B (sky130_fd_sc_hd__nor2_2)
                  0.25    0.24    5.20 ^ _06594_/Y (sky130_fd_sc_hd__nor2_2)
     4    0.02                           _01297_ (net)
                  0.25    0.00    5.20 ^ _06605_/A (sky130_fd_sc_hd__nor2_1)
                  0.08    0.12    5.32 v _06605_/Y (sky130_fd_sc_hd__nor2_1)
     2    0.01                           _01308_ (net)
                  0.08    0.00    5.32 v _06660_/A1 (sky130_fd_sc_hd__o31a_1)
                  0.08    0.36    5.67 v _06660_/X (sky130_fd_sc_hd__o31a_1)
     1    0.01                           net69 (net)
                  0.08    0.00    5.68 v output69/A (sky130_fd_sc_hd__buf_2)
                  0.09    0.21    5.88 v output69/X (sky130_fd_sc_hd__buf_2)
     1    0.03                           src_read (net)
                  0.09    0.00    5.88 v src_read (out)
                                  5.88   data arrival time

                  0.15   10.00   10.00   clock clk (rise edge)
                          0.00   10.00   clock network delay (ideal)
                         -0.25    9.75   clock uncertainty
                          0.00    9.75   clock reconvergence pessimism
                         -2.00    7.75   output external delay
                                  7.75   data required time
-----------------------------------------------------------------------------
                                  7.75   data required time
                                 -5.88   data arrival time
-----------------------------------------------------------------------------
                                  1.87   slack (MET)



===========================================================================
report_checks --slack_max -0.01
============================================================================
No paths found.
